[  3%] Built target interfaces__cpp
[ 12%] Built target interfaces__rosidl_generator_c
[ 41%] Built target interfaces__rosidl_typesupport_introspection_cpp
[ 41%] Built target interfaces__rosidl_typesupport_c
[ 41%] Built target interfaces__rosidl_typesupport_cpp
[ 51%] Built target interfaces__rosidl_typesupport_introspection_c
[ 61%] Built target interfaces__rosidl_typesupport_fastrtps_cpp
[ 70%] Built target interfaces__rosidl_typesupport_fastrtps_c
[ 70%] Built target interfaces
[ 74%] Built target interfaces__py
[ 80%] Built target interfaces__python
[ 93%] Built target interfaces__rosidl_typesupport_c__pyext
[ 93%] Built target interfaces__rosidl_typesupport_fastrtps_c__pyext
[100%] Built target interfaces__rosidl_typesupport_introspection_c__pyext
-- Install configuration: ""
-- Execute custom install script
-- Up-to-date symlink: /home/sycamore/SycaBot_ros/install/interfaces/share/ament_index/resource_index/rosidl_interfaces/interfaces
-- Up-to-date symlink: /home/sycamore/SycaBot_ros/install/interfaces/include/interfaces/msg/rosidl_generator_c__visibility_control.h
-- Up-to-date symlink: /home/sycamore/SycaBot_ros/install/interfaces/include/interfaces/srv/detail/task__functions.h
-- Up-to-date symlink: /home/sycamore/SycaBot_ros/install/interfaces/include/interfaces/srv/detail/task__struct.h
-- Up-to-date symlink: /home/sycamore/SycaBot_ros/install/interfaces/include/interfaces/srv/detail/task__type_support.h
-- Up-to-date symlink: /home/sycamore/SycaBot_ros/install/interfaces/include/interfaces/srv/task.h
-- Up-to-date symlink: /home/sycamore/SycaBot_ros/install/interfaces/share/interfaces/environment/library_path.sh
-- Up-to-date symlink: /home/sycamore/SycaBot_ros/install/interfaces/share/interfaces/environment/library_path.dsv
-- Up-to-date symlink: /home/sycamore/SycaBot_ros/install/interfaces/include/interfaces/msg/rosidl_typesupport_fastrtps_c__visibility_control.h
-- Up-to-date symlink: /home/sycamore/SycaBot_ros/install/interfaces/include/interfaces/srv/detail/task__rosidl_typesupport_fastrtps_c.h
-- Up-to-date symlink: /home/sycamore/SycaBot_ros/install/interfaces/lib/libinterfaces__rosidl_typesupport_fastrtps_c.so
-- Up-to-date symlink: /home/sycamore/SycaBot_ros/install/interfaces/include/interfaces/msg/rosidl_typesupport_fastrtps_cpp__visibility_control.h
-- Up-to-date symlink: /home/sycamore/SycaBot_ros/install/interfaces/include/interfaces/srv/detail/task__rosidl_typesupport_fastrtps_cpp.hpp
-- Up-to-date symlink: /home/sycamore/SycaBot_ros/install/interfaces/lib/libinterfaces__rosidl_typesupport_fastrtps_cpp.so
-- Up-to-date symlink: /home/sycamore/SycaBot_ros/install/interfaces/include/interfaces/msg/rosidl_typesupport_introspection_c__visibility_control.h
-- Up-to-date symlink: /home/sycamore/SycaBot_ros/install/interfaces/include/interfaces/srv/detail/task__rosidl_typesupport_introspection_c.h
-- Up-to-date symlink: /home/sycamore/SycaBot_ros/install/interfaces/include/interfaces/srv/detail/task__builder.hpp
-- Up-to-date symlink: /home/sycamore/SycaBot_ros/install/interfaces/include/interfaces/srv/detail/task__struct.hpp
-- Up-to-date symlink: /home/sycamore/SycaBot_ros/install/interfaces/include/interfaces/srv/detail/task__traits.hpp
-- Up-to-date symlink: /home/sycamore/SycaBot_ros/install/interfaces/include/interfaces/srv/task.hpp
-- Up-to-date symlink: /home/sycamore/SycaBot_ros/install/interfaces/include/interfaces/srv/detail/task__rosidl_typesupport_introspection_cpp.hpp
-- Up-to-date symlink: /home/sycamore/SycaBot_ros/install/interfaces/share/interfaces/environment/pythonpath.sh
-- Up-to-date symlink: /home/sycamore/SycaBot_ros/install/interfaces/share/interfaces/environment/pythonpath.dsv
-- Up-to-date symlink: /home/sycamore/SycaBot_ros/install/interfaces/lib/python3.8/site-packages/interfaces/__init__.py
-- Up-to-date symlink: /home/sycamore/SycaBot_ros/install/interfaces/lib/python3.8/site-packages/interfaces/srv/__init__.py
-- Up-to-date symlink: /home/sycamore/SycaBot_ros/install/interfaces/lib/python3.8/site-packages/interfaces/srv/_task.py
-- Up-to-date symlink: /home/sycamore/SycaBot_ros/install/interfaces/lib/python3.8/site-packages/interfaces/interfaces_s__rosidl_typesupport_fastrtps_c.cpython-38-x86_64-linux-gnu.so
-- Up-to-date symlink: /home/sycamore/SycaBot_ros/install/interfaces/lib/python3.8/site-packages/interfaces/interfaces_s__rosidl_typesupport_introspection_c.cpython-38-x86_64-linux-gnu.so
-- Up-to-date symlink: /home/sycamore/SycaBot_ros/install/interfaces/lib/python3.8/site-packages/interfaces/interfaces_s__rosidl_typesupport_c.cpython-38-x86_64-linux-gnu.so
-- Up-to-date symlink: /home/sycamore/SycaBot_ros/install/interfaces/lib/libinterfaces__python.so
-- Up-to-date symlink: /home/sycamore/SycaBot_ros/install/interfaces/share/interfaces/srv/Task.idl
-- Up-to-date symlink: /home/sycamore/SycaBot_ros/install/interfaces/share/interfaces/srv/Task.srv
-- Up-to-date symlink: /home/sycamore/SycaBot_ros/install/interfaces/share/interfaces/srv/Task_Request.msg
-- Up-to-date symlink: /home/sycamore/SycaBot_ros/install/interfaces/share/interfaces/srv/Task_Response.msg
-- Up-to-date symlink: /home/sycamore/SycaBot_ros/install/interfaces/share/ament_index/resource_index/package_run_dependencies/interfaces
-- Up-to-date symlink: /home/sycamore/SycaBot_ros/install/interfaces/share/ament_index/resource_index/parent_prefix_path/interfaces
-- Up-to-date symlink: /home/sycamore/SycaBot_ros/install/interfaces/share/interfaces/environment/ament_prefix_path.sh
-- Up-to-date symlink: /home/sycamore/SycaBot_ros/install/interfaces/share/interfaces/environment/ament_prefix_path.dsv
-- Up-to-date symlink: /home/sycamore/SycaBot_ros/install/interfaces/share/interfaces/environment/path.sh
-- Up-to-date symlink: /home/sycamore/SycaBot_ros/install/interfaces/share/interfaces/environment/path.dsv
-- Up-to-date symlink: /home/sycamore/SycaBot_ros/install/interfaces/share/interfaces/local_setup.bash
-- Up-to-date symlink: /home/sycamore/SycaBot_ros/install/interfaces/share/interfaces/local_setup.sh
-- Up-to-date symlink: /home/sycamore/SycaBot_ros/install/interfaces/share/interfaces/local_setup.zsh
-- Up-to-date symlink: /home/sycamore/SycaBot_ros/install/interfaces/share/interfaces/local_setup.dsv
-- Symlinking: /home/sycamore/SycaBot_ros/install/interfaces/share/interfaces/package.dsv
-- Up-to-date symlink: /home/sycamore/SycaBot_ros/install/interfaces/share/ament_index/resource_index/packages/interfaces
-- Up-to-date symlink: /home/sycamore/SycaBot_ros/install/interfaces/share/interfaces/cmake/rosidl_cmake-extras.cmake
-- Up-to-date symlink: /home/sycamore/SycaBot_ros/install/interfaces/share/interfaces/cmake/ament_cmake_export_dependencies-extras.cmake
-- Up-to-date symlink: /home/sycamore/SycaBot_ros/install/interfaces/share/interfaces/cmake/ament_cmake_export_libraries-extras.cmake
-- Up-to-date symlink: /home/sycamore/SycaBot_ros/install/interfaces/share/interfaces/cmake/ament_cmake_export_targets-extras.cmake
-- Up-to-date symlink: /home/sycamore/SycaBot_ros/install/interfaces/share/interfaces/cmake/ament_cmake_export_include_directories-extras.cmake
-- Up-to-date symlink: /home/sycamore/SycaBot_ros/install/interfaces/share/interfaces/cmake/rosidl_cmake_export_typesupport_libraries-extras.cmake
-- Up-to-date symlink: /home/sycamore/SycaBot_ros/install/interfaces/share/interfaces/cmake/rosidl_cmake_export_typesupport_targets-extras.cmake
-- Up-to-date symlink: /home/sycamore/SycaBot_ros/install/interfaces/share/interfaces/cmake/interfacesConfig.cmake
-- Up-to-date symlink: /home/sycamore/SycaBot_ros/install/interfaces/share/interfaces/cmake/interfacesConfig-version.cmake
-- Up-to-date symlink: /home/sycamore/SycaBot_ros/install/interfaces/share/interfaces/package.xml
-- Up-to-date: /home/sycamore/SycaBot_ros/install/interfaces/lib/libinterfaces__rosidl_generator_c.so
-- Up-to-date: /home/sycamore/SycaBot_ros/install/interfaces/lib/libinterfaces__rosidl_typesupport_introspection_c.so
-- Up-to-date: /home/sycamore/SycaBot_ros/install/interfaces/lib/libinterfaces__rosidl_typesupport_c.so
-- Up-to-date: /home/sycamore/SycaBot_ros/install/interfaces/lib/libinterfaces__rosidl_typesupport_introspection_cpp.so
-- Up-to-date: /home/sycamore/SycaBot_ros/install/interfaces/lib/libinterfaces__rosidl_typesupport_cpp.so
-- Up-to-date: /home/sycamore/SycaBot_ros/install/interfaces/share/interfaces/cmake/interfaces__rosidl_generator_cExport.cmake
-- Up-to-date: /home/sycamore/SycaBot_ros/install/interfaces/share/interfaces/cmake/interfaces__rosidl_generator_cExport-noconfig.cmake
-- Up-to-date: /home/sycamore/SycaBot_ros/install/interfaces/share/interfaces/cmake/interfaces__rosidl_typesupport_introspection_cExport.cmake
-- Up-to-date: /home/sycamore/SycaBot_ros/install/interfaces/share/interfaces/cmake/interfaces__rosidl_typesupport_introspection_cExport-noconfig.cmake
-- Up-to-date: /home/sycamore/SycaBot_ros/install/interfaces/share/interfaces/cmake/interfaces__rosidl_typesupport_cExport.cmake
-- Up-to-date: /home/sycamore/SycaBot_ros/install/interfaces/share/interfaces/cmake/interfaces__rosidl_typesupport_cExport-noconfig.cmake
-- Up-to-date: /home/sycamore/SycaBot_ros/install/interfaces/share/interfaces/cmake/interfaces__rosidl_generator_cppExport.cmake
-- Up-to-date: /home/sycamore/SycaBot_ros/install/interfaces/share/interfaces/cmake/interfaces__rosidl_typesupport_introspection_cppExport.cmake
-- Up-to-date: /home/sycamore/SycaBot_ros/install/interfaces/share/interfaces/cmake/interfaces__rosidl_typesupport_introspection_cppExport-noconfig.cmake
-- Up-to-date: /home/sycamore/SycaBot_ros/install/interfaces/share/interfaces/cmake/interfaces__rosidl_typesupport_cppExport.cmake
-- Up-to-date: /home/sycamore/SycaBot_ros/install/interfaces/share/interfaces/cmake/interfaces__rosidl_typesupport_cppExport-noconfig.cmake
