[0.012s] Invoking command in '/home/sycamore/SycaBot_ros/build/interfaces': CMAKE_PREFIX_PATH=/opt/ros/foxy /usr/bin/cmake /home/sycamore/SycaBot_ros/src/interfaces -DAMENT_CMAKE_SYMLINK_INSTALL=1 -DCMAKE_INSTALL_PREFIX=/home/sycamore/SycaBot_ros/install/interfaces
[0.101s] -- The C compiler identification is GNU 9.4.0
[0.165s] -- The CXX compiler identification is GNU 9.4.0
[0.170s] -- Check for working C compiler: /usr/bin/cc
[0.212s] -- Check for working C compiler: /usr/bin/cc -- works
[0.213s] -- Detecting C compiler ABI info
[0.254s] -- Detecting C compiler ABI info - done
[0.262s] -- Detecting C compile features
[0.262s] -- Detecting C compile features - done
[0.264s] -- Check for working CXX compiler: /usr/bin/c++
[0.314s] -- Check for working CXX compiler: /usr/bin/c++ -- works
[0.315s] -- Detecting CXX compiler ABI info
[0.365s] -- Detecting CXX compiler ABI info - done
[0.373s] -- Detecting CXX compile features
[0.373s] -- Detecting CXX compile features - done
[0.376s] -- Found ament_cmake: 0.9.9 (/opt/ros/foxy/share/ament_cmake/cmake)
[0.393s] -- Found PythonInterp: /usr/bin/python3 (found suitable version "3.8.10", minimum required is "3") 
[0.393s] -- Using PYTHON_EXECUTABLE: /usr/bin/python3
[0.517s] -- Override CMake install command with custom implementation using symlinks instead of copying resources
[0.537s] -- Found rosidl_default_generators: 1.0.1 (/opt/ros/foxy/share/rosidl_default_generators/cmake)
[0.540s] -- Using all available rosidl_typesupport_c: rosidl_typesupport_fastrtps_c;rosidl_typesupport_introspection_c
[0.545s] -- Found rosidl_adapter: 1.2.1 (/opt/ros/foxy/share/rosidl_adapter/cmake)
[0.613s] -- Found OpenSSL: /usr/lib/x86_64-linux-gnu/libcrypto.so (found version "1.1.1f")  
[0.632s] -- Found FastRTPS: /opt/ros/foxy/include  
[0.689s] -- Using all available rosidl_typesupport_cpp: rosidl_typesupport_fastrtps_cpp;rosidl_typesupport_introspection_cpp
[0.713s] -- Found geometry_msgs: 2.0.5 (/opt/ros/foxy/share/geometry_msgs/cmake)
[0.784s] -- Found PythonInterp: /usr/bin/python3 (found version "3.8.10") 
[0.895s] -- Found ament_cmake_ros: 0.9.2 (/opt/ros/foxy/share/ament_cmake_ros/cmake)
[1.064s] -- Using all available rosidl_typesupport_c: rosidl_typesupport_fastrtps_c;rosidl_typesupport_introspection_c
[1.142s] -- Using all available rosidl_typesupport_cpp: rosidl_typesupport_fastrtps_cpp;rosidl_typesupport_introspection_cpp
[1.158s] -- Found PythonInterp: /usr/bin/python3 (found suitable version "3.8.10", minimum required is "3.5") 
[1.159s] -- Found python_cmake_module: 0.8.1 (/opt/ros/foxy/share/python_cmake_module/cmake)
[1.177s] -- Found PythonLibs: /usr/lib/x86_64-linux-gnu/libpython3.8.so (found suitable version "3.8.10", minimum required is "3.5") 
[1.178s] -- Using PYTHON_EXECUTABLE: /usr/bin/python3
[1.178s] -- Using PYTHON_INCLUDE_DIRS: /usr/include/python3.8
[1.178s] -- Using PYTHON_LIBRARIES: /usr/lib/x86_64-linux-gnu/libpython3.8.so
[1.191s] -- Found PythonExtra: .so  
[1.247s] -- Found ament_lint_auto: 0.9.6 (/opt/ros/foxy/share/ament_lint_auto/cmake)
[1.266s] -- Added test 'copyright' to check source files copyright and LICENSE
[1.268s] -- Added test 'lint_cmake' to check CMake code style
[1.269s] -- Added test 'xmllint' to check XML markup files
[1.273s] -- Configuring done
[1.306s] -- Generating done
[1.308s] -- Build files have been written to: /home/sycamore/SycaBot_ros/build/interfaces
[1.314s] Invoked command in '/home/sycamore/SycaBot_ros/build/interfaces' returned '0': CMAKE_PREFIX_PATH=/opt/ros/foxy /usr/bin/cmake /home/sycamore/SycaBot_ros/src/interfaces -DAMENT_CMAKE_SYMLINK_INSTALL=1 -DCMAKE_INSTALL_PREFIX=/home/sycamore/SycaBot_ros/install/interfaces
[1.315s] Invoking command in '/home/sycamore/SycaBot_ros/build/interfaces': CMAKE_PREFIX_PATH=/opt/ros/foxy /usr/bin/cmake --build /home/sycamore/SycaBot_ros/build/interfaces -- -j20 -l20
[1.338s] [35m[1mScanning dependencies of target interfaces__cpp[0m
[1.338s] [  3%] [34m[1mGenerating C code for ROS interfaces[0m
[1.344s] [  6%] [34m[1mGenerating C++ code for ROS interfaces[0m
[1.493s] [35m[1mScanning dependencies of target interfaces__rosidl_generator_c[0m
[1.495s] [  6%] Built target interfaces__cpp
[1.501s] [ 16%] [34m[1mGenerating C++ type support dispatch for ROS interfaces[0m
[1.501s] [ 16%] [34m[1mGenerating C++ introspection for ROS interfaces[0m
[1.501s] [ 16%] [34m[1mGenerating C++ type support for eProsima Fast-RTPS[0m
[1.502s] [ 19%] [32mBuilding C object CMakeFiles/interfaces__rosidl_generator_c.dir/rosidl_generator_c/interfaces/srv/detail/task__functions.c.o[0m
[1.537s] [ 22%] [32m[1mLinking C shared library libinterfaces__rosidl_generator_c.so[0m
[1.562s] [ 22%] Built target interfaces__rosidl_generator_c
[1.568s] [ 29%] [34m[1mGenerating C introspection for ROS interfaces[0m
[1.568s] [ 29%] [34m[1mGenerating C type support dispatch for ROS interfaces[0m
[1.632s] [35m[1mScanning dependencies of target interfaces__rosidl_typesupport_cpp[0m
[1.642s] [ 32%] [32mBuilding CXX object CMakeFiles/interfaces__rosidl_typesupport_cpp.dir/rosidl_typesupport_cpp/interfaces/srv/task__type_support.cpp.o[0m
[1.643s] [35m[1mScanning dependencies of target interfaces__rosidl_typesupport_introspection_cpp[0m
[1.652s] [ 35%] [32mBuilding CXX object CMakeFiles/interfaces__rosidl_typesupport_introspection_cpp.dir/rosidl_typesupport_introspection_cpp/interfaces/srv/detail/task__type_support.cpp.o[0m
[1.652s] [35m[1mScanning dependencies of target interfaces__rosidl_typesupport_fastrtps_cpp[0m
[1.668s] [ 38%] [32mBuilding CXX object CMakeFiles/interfaces__rosidl_typesupport_fastrtps_cpp.dir/rosidl_typesupport_fastrtps_cpp/interfaces/srv/detail/dds_fastrtps/task__type_support.cpp.o[0m
[1.697s] [35m[1mScanning dependencies of target interfaces__rosidl_typesupport_c[0m
[1.706s] [ 41%] [32mBuilding CXX object CMakeFiles/interfaces__rosidl_typesupport_c.dir/rosidl_typesupport_c/interfaces/srv/task__type_support.cpp.o[0m
[1.717s] [35m[1mScanning dependencies of target interfaces__rosidl_typesupport_introspection_c[0m
[1.726s] [ 45%] [32m[1mLinking CXX shared library libinterfaces__rosidl_typesupport_c.so[0m
[1.726s] [ 48%] [32mBuilding C object CMakeFiles/interfaces__rosidl_typesupport_introspection_c.dir/rosidl_typesupport_introspection_c/interfaces/srv/detail/task__type_support.c.o[0m
[1.748s] [ 51%] [32m[1mLinking C shared library libinterfaces__rosidl_typesupport_introspection_c.so[0m
[1.751s] [ 51%] Built target interfaces__rosidl_typesupport_c
[1.767s] [ 51%] Built target interfaces__rosidl_typesupport_introspection_c
[1.845s] [ 54%] [32m[1mLinking CXX shared library libinterfaces__rosidl_typesupport_cpp.so[0m
[1.845s] [ 58%] [32m[1mLinking CXX shared library libinterfaces__rosidl_typesupport_introspection_cpp.so[0m
[1.871s] [ 58%] Built target interfaces__rosidl_typesupport_cpp
[1.882s] [ 58%] Built target interfaces__rosidl_typesupport_introspection_cpp
[1.955s] [ 61%] [32m[1mLinking CXX shared library libinterfaces__rosidl_typesupport_fastrtps_cpp.so[0m
[2.006s] [ 61%] Built target interfaces__rosidl_typesupport_fastrtps_cpp
[2.013s] [ 64%] [34m[1mGenerating C type support for eProsima Fast-RTPS[0m
[2.168s] [35m[1mScanning dependencies of target interfaces__rosidl_typesupport_fastrtps_c[0m
[2.179s] [ 67%] [32mBuilding CXX object CMakeFiles/interfaces__rosidl_typesupport_fastrtps_c.dir/rosidl_typesupport_fastrtps_c/interfaces/srv/detail/task__type_support_c.cpp.o[0m
[2.403s] [ 70%] [32m[1mLinking CXX shared library libinterfaces__rosidl_typesupport_fastrtps_c.so[0m
[2.453s] [ 70%] Built target interfaces__rosidl_typesupport_fastrtps_c
[2.459s] [35m[1mScanning dependencies of target interfaces[0m
[2.464s] [ 70%] Built target interfaces
[2.470s] [35m[1mScanning dependencies of target interfaces__py[0m
[2.475s] [ 74%] [34m[1mGenerating Python code for ROS interfaces[0m
[2.749s] [ 74%] Built target interfaces__py
[2.755s] [35m[1mScanning dependencies of target interfaces__python[0m
[2.777s] [ 77%] [32mBuilding C object CMakeFiles/interfaces__python.dir/rosidl_generator_py/interfaces/srv/_task_s.c.o[0m
[2.839s] [ 80%] [32m[1mLinking C shared library rosidl_generator_py/interfaces/libinterfaces__python.so[0m
[2.866s] [ 80%] Built target interfaces__python
[2.872s] [35m[1mScanning dependencies of target interfaces__rosidl_typesupport_introspection_c__pyext[0m
[2.872s] [35m[1mScanning dependencies of target interfaces__rosidl_typesupport_c__pyext[0m
[2.872s] [35m[1mScanning dependencies of target interfaces__rosidl_typesupport_fastrtps_c__pyext[0m
[2.882s] [ 87%] [32mBuilding C object CMakeFiles/interfaces__rosidl_typesupport_c__pyext.dir/rosidl_generator_py/interfaces/_interfaces_s.ep.rosidl_typesupport_c.c.o[0m
[2.883s] [ 87%] [32mBuilding C object CMakeFiles/interfaces__rosidl_typesupport_introspection_c__pyext.dir/rosidl_generator_py/interfaces/_interfaces_s.ep.rosidl_typesupport_introspection_c.c.o[0m
[2.883s] [ 90%] [32mBuilding C object CMakeFiles/interfaces__rosidl_typesupport_fastrtps_c__pyext.dir/rosidl_generator_py/interfaces/_interfaces_s.ep.rosidl_typesupport_fastrtps_c.c.o[0m
[2.933s] [100%] [32m[1mLinking CXX shared library rosidl_generator_py/interfaces/interfaces_s__rosidl_typesupport_fastrtps_c.cpython-38-x86_64-linux-gnu.so[0m
[2.933s] [100%] [32m[1mLinking C shared library rosidl_generator_py/interfaces/interfaces_s__rosidl_typesupport_introspection_c.cpython-38-x86_64-linux-gnu.so[0m
[2.933s] [100%] [32m[1mLinking C shared library rosidl_generator_py/interfaces/interfaces_s__rosidl_typesupport_c.cpython-38-x86_64-linux-gnu.so[0m
[2.956s] [100%] Built target interfaces__rosidl_typesupport_c__pyext
[2.956s] [100%] Built target interfaces__rosidl_typesupport_introspection_c__pyext
[2.974s] [100%] Built target interfaces__rosidl_typesupport_fastrtps_c__pyext
[2.981s] Invoked command in '/home/sycamore/SycaBot_ros/build/interfaces' returned '0': CMAKE_PREFIX_PATH=/opt/ros/foxy /usr/bin/cmake --build /home/sycamore/SycaBot_ros/build/interfaces -- -j20 -l20
[3.012s] Invoking command in '/home/sycamore/SycaBot_ros/build/interfaces': CMAKE_PREFIX_PATH=/opt/ros/foxy /usr/bin/cmake --install /home/sycamore/SycaBot_ros/build/interfaces
[3.017s] -- Install configuration: ""
[3.017s] -- Execute custom install script
[3.017s] -- Symlinking: /home/sycamore/SycaBot_ros/install/interfaces/share/ament_index/resource_index/rosidl_interfaces/interfaces
[3.023s] -- Symlinking: /home/sycamore/SycaBot_ros/install/interfaces/include/interfaces/msg/rosidl_generator_c__visibility_control.h
[3.028s] -- Symlinking: /home/sycamore/SycaBot_ros/install/interfaces/include/interfaces/srv/detail/task__functions.h
[3.033s] -- Symlinking: /home/sycamore/SycaBot_ros/install/interfaces/include/interfaces/srv/detail/task__struct.h
[3.038s] -- Symlinking: /home/sycamore/SycaBot_ros/install/interfaces/include/interfaces/srv/detail/task__type_support.h
[3.043s] -- Symlinking: /home/sycamore/SycaBot_ros/install/interfaces/include/interfaces/srv/task.h
[3.048s] -- Symlinking: /home/sycamore/SycaBot_ros/install/interfaces/share/interfaces/environment/library_path.sh
[3.053s] -- Symlinking: /home/sycamore/SycaBot_ros/install/interfaces/share/interfaces/environment/library_path.dsv
[3.058s] -- Symlinking: /home/sycamore/SycaBot_ros/install/interfaces/include/interfaces/msg/rosidl_typesupport_fastrtps_c__visibility_control.h
[3.063s] -- Symlinking: /home/sycamore/SycaBot_ros/install/interfaces/include/interfaces/srv/detail/task__rosidl_typesupport_fastrtps_c.h
[3.068s] -- Symlinking: /home/sycamore/SycaBot_ros/install/interfaces/lib/libinterfaces__rosidl_typesupport_fastrtps_c.so
[3.074s] -- Symlinking: /home/sycamore/SycaBot_ros/install/interfaces/include/interfaces/msg/rosidl_typesupport_fastrtps_cpp__visibility_control.h
[3.079s] -- Symlinking: /home/sycamore/SycaBot_ros/install/interfaces/include/interfaces/srv/detail/task__rosidl_typesupport_fastrtps_cpp.hpp
[3.084s] -- Symlinking: /home/sycamore/SycaBot_ros/install/interfaces/lib/libinterfaces__rosidl_typesupport_fastrtps_cpp.so
[3.089s] -- Symlinking: /home/sycamore/SycaBot_ros/install/interfaces/include/interfaces/msg/rosidl_typesupport_introspection_c__visibility_control.h
[3.094s] -- Symlinking: /home/sycamore/SycaBot_ros/install/interfaces/include/interfaces/srv/detail/task__rosidl_typesupport_introspection_c.h
[3.099s] -- Symlinking: /home/sycamore/SycaBot_ros/install/interfaces/include/interfaces/srv/detail/task__builder.hpp
[3.104s] -- Symlinking: /home/sycamore/SycaBot_ros/install/interfaces/include/interfaces/srv/detail/task__struct.hpp
[3.109s] -- Symlinking: /home/sycamore/SycaBot_ros/install/interfaces/include/interfaces/srv/detail/task__traits.hpp
[3.114s] -- Symlinking: /home/sycamore/SycaBot_ros/install/interfaces/include/interfaces/srv/task.hpp
[3.119s] -- Symlinking: /home/sycamore/SycaBot_ros/install/interfaces/include/interfaces/srv/detail/task__rosidl_typesupport_introspection_cpp.hpp
[3.124s] -- Symlinking: /home/sycamore/SycaBot_ros/install/interfaces/share/interfaces/environment/pythonpath.sh
[3.129s] -- Symlinking: /home/sycamore/SycaBot_ros/install/interfaces/share/interfaces/environment/pythonpath.dsv
[3.134s] -- Symlinking: /home/sycamore/SycaBot_ros/install/interfaces/lib/python3.8/site-packages/interfaces/__init__.py
[3.139s] -- Symlinking: /home/sycamore/SycaBot_ros/install/interfaces/lib/python3.8/site-packages/interfaces/srv/__init__.py
[3.144s] -- Symlinking: /home/sycamore/SycaBot_ros/install/interfaces/lib/python3.8/site-packages/interfaces/srv/_task.py
[3.149s] -- Symlinking: /home/sycamore/SycaBot_ros/install/interfaces/lib/python3.8/site-packages/interfaces/interfaces_s__rosidl_typesupport_fastrtps_c.cpython-38-x86_64-linux-gnu.so
[3.154s] -- Symlinking: /home/sycamore/SycaBot_ros/install/interfaces/lib/python3.8/site-packages/interfaces/interfaces_s__rosidl_typesupport_introspection_c.cpython-38-x86_64-linux-gnu.so
[3.159s] -- Symlinking: /home/sycamore/SycaBot_ros/install/interfaces/lib/python3.8/site-packages/interfaces/interfaces_s__rosidl_typesupport_c.cpython-38-x86_64-linux-gnu.so
[3.165s] -- Symlinking: /home/sycamore/SycaBot_ros/install/interfaces/lib/libinterfaces__python.so
[3.170s] -- Symlinking: /home/sycamore/SycaBot_ros/install/interfaces/share/interfaces/srv/Task.idl
[3.174s] -- Symlinking: /home/sycamore/SycaBot_ros/install/interfaces/share/interfaces/srv/Task.srv
[3.179s] -- Symlinking: /home/sycamore/SycaBot_ros/install/interfaces/share/interfaces/srv/Task_Request.msg
[3.184s] -- Symlinking: /home/sycamore/SycaBot_ros/install/interfaces/share/interfaces/srv/Task_Response.msg
[3.189s] -- Symlinking: /home/sycamore/SycaBot_ros/install/interfaces/share/ament_index/resource_index/package_run_dependencies/interfaces
[3.194s] -- Symlinking: /home/sycamore/SycaBot_ros/install/interfaces/share/ament_index/resource_index/parent_prefix_path/interfaces
[3.199s] -- Symlinking: /home/sycamore/SycaBot_ros/install/interfaces/share/interfaces/environment/ament_prefix_path.sh
[3.204s] -- Symlinking: /home/sycamore/SycaBot_ros/install/interfaces/share/interfaces/environment/ament_prefix_path.dsv
[3.209s] -- Symlinking: /home/sycamore/SycaBot_ros/install/interfaces/share/interfaces/environment/path.sh
[3.214s] -- Symlinking: /home/sycamore/SycaBot_ros/install/interfaces/share/interfaces/environment/path.dsv
[3.219s] -- Symlinking: /home/sycamore/SycaBot_ros/install/interfaces/share/interfaces/local_setup.bash
[3.224s] -- Symlinking: /home/sycamore/SycaBot_ros/install/interfaces/share/interfaces/local_setup.sh
[3.229s] -- Symlinking: /home/sycamore/SycaBot_ros/install/interfaces/share/interfaces/local_setup.zsh
[3.234s] -- Symlinking: /home/sycamore/SycaBot_ros/install/interfaces/share/interfaces/local_setup.dsv
[3.239s] -- Symlinking: /home/sycamore/SycaBot_ros/install/interfaces/share/interfaces/package.dsv
[3.244s] -- Symlinking: /home/sycamore/SycaBot_ros/install/interfaces/share/ament_index/resource_index/packages/interfaces
[3.249s] -- Symlinking: /home/sycamore/SycaBot_ros/install/interfaces/share/interfaces/cmake/rosidl_cmake-extras.cmake
[3.254s] -- Symlinking: /home/sycamore/SycaBot_ros/install/interfaces/share/interfaces/cmake/ament_cmake_export_dependencies-extras.cmake
[3.259s] -- Symlinking: /home/sycamore/SycaBot_ros/install/interfaces/share/interfaces/cmake/ament_cmake_export_libraries-extras.cmake
[3.264s] -- Symlinking: /home/sycamore/SycaBot_ros/install/interfaces/share/interfaces/cmake/ament_cmake_export_targets-extras.cmake
[3.269s] -- Symlinking: /home/sycamore/SycaBot_ros/install/interfaces/share/interfaces/cmake/ament_cmake_export_include_directories-extras.cmake
[3.274s] -- Symlinking: /home/sycamore/SycaBot_ros/install/interfaces/share/interfaces/cmake/rosidl_cmake_export_typesupport_libraries-extras.cmake
[3.279s] -- Symlinking: /home/sycamore/SycaBot_ros/install/interfaces/share/interfaces/cmake/rosidl_cmake_export_typesupport_targets-extras.cmake
[3.284s] -- Symlinking: /home/sycamore/SycaBot_ros/install/interfaces/share/interfaces/cmake/interfacesConfig.cmake
[3.289s] -- Symlinking: /home/sycamore/SycaBot_ros/install/interfaces/share/interfaces/cmake/interfacesConfig-version.cmake
[3.294s] -- Symlinking: /home/sycamore/SycaBot_ros/install/interfaces/share/interfaces/package.xml
[3.299s] -- Installing: /home/sycamore/SycaBot_ros/install/interfaces/lib/libinterfaces__rosidl_generator_c.so
[3.299s] -- Set runtime path of "/home/sycamore/SycaBot_ros/install/interfaces/lib/libinterfaces__rosidl_generator_c.so" to ""
[3.299s] -- Installing: /home/sycamore/SycaBot_ros/install/interfaces/lib/libinterfaces__rosidl_typesupport_introspection_c.so
[3.299s] -- Set runtime path of "/home/sycamore/SycaBot_ros/install/interfaces/lib/libinterfaces__rosidl_typesupport_introspection_c.so" to ""
[3.300s] -- Installing: /home/sycamore/SycaBot_ros/install/interfaces/lib/libinterfaces__rosidl_typesupport_c.so
[3.300s] -- Set runtime path of "/home/sycamore/SycaBot_ros/install/interfaces/lib/libinterfaces__rosidl_typesupport_c.so" to ""
[3.300s] -- Installing: /home/sycamore/SycaBot_ros/install/interfaces/lib/libinterfaces__rosidl_typesupport_introspection_cpp.so
[3.300s] -- Set runtime path of "/home/sycamore/SycaBot_ros/install/interfaces/lib/libinterfaces__rosidl_typesupport_introspection_cpp.so" to ""
[3.300s] -- Installing: /home/sycamore/SycaBot_ros/install/interfaces/lib/libinterfaces__rosidl_typesupport_cpp.so
[3.300s] -- Set runtime path of "/home/sycamore/SycaBot_ros/install/interfaces/lib/libinterfaces__rosidl_typesupport_cpp.so" to ""
[3.319s] Compiling '/home/sycamore/SycaBot_ros/install/interfaces/lib/python3.8/site-packages/interfaces/__init__.py'...
[3.322s] -- Installing: /home/sycamore/SycaBot_ros/install/interfaces/share/interfaces/cmake/interfaces__rosidl_generator_cExport.cmake
[3.322s] -- Installing: /home/sycamore/SycaBot_ros/install/interfaces/share/interfaces/cmake/interfaces__rosidl_generator_cExport-noconfig.cmake
[3.322s] -- Installing: /home/sycamore/SycaBot_ros/install/interfaces/share/interfaces/cmake/interfaces__rosidl_typesupport_introspection_cExport.cmake
[3.322s] -- Installing: /home/sycamore/SycaBot_ros/install/interfaces/share/interfaces/cmake/interfaces__rosidl_typesupport_introspection_cExport-noconfig.cmake
[3.322s] -- Installing: /home/sycamore/SycaBot_ros/install/interfaces/share/interfaces/cmake/interfaces__rosidl_typesupport_cExport.cmake
[3.322s] -- Installing: /home/sycamore/SycaBot_ros/install/interfaces/share/interfaces/cmake/interfaces__rosidl_typesupport_cExport-noconfig.cmake
[3.322s] -- Installing: /home/sycamore/SycaBot_ros/install/interfaces/share/interfaces/cmake/interfaces__rosidl_generator_cppExport.cmake
[3.322s] -- Installing: /home/sycamore/SycaBot_ros/install/interfaces/share/interfaces/cmake/interfaces__rosidl_typesupport_introspection_cppExport.cmake
[3.322s] -- Installing: /home/sycamore/SycaBot_ros/install/interfaces/share/interfaces/cmake/interfaces__rosidl_typesupport_introspection_cppExport-noconfig.cmake
[3.322s] -- Installing: /home/sycamore/SycaBot_ros/install/interfaces/share/interfaces/cmake/interfaces__rosidl_typesupport_cppExport.cmake
[3.323s] -- Installing: /home/sycamore/SycaBot_ros/install/interfaces/share/interfaces/cmake/interfaces__rosidl_typesupport_cppExport-noconfig.cmake
[3.324s] Invoked command in '/home/sycamore/SycaBot_ros/build/interfaces' returned '0': CMAKE_PREFIX_PATH=/opt/ros/foxy /usr/bin/cmake --install /home/sycamore/SycaBot_ros/build/interfaces
