[0.000000] (-) TimerEvent: {}
[0.000216] (interfaces) JobQueued: {'identifier': 'interfaces', 'dependencies': OrderedDict()}
[0.000315] (jetbot) JobQueued: {'identifier': 'jetbot', 'dependencies': OrderedDict()}
[0.000458] (interfaces) JobStarted: {'identifier': 'interfaces'}
[0.005250] (jetbot) JobStarted: {'identifier': 'jetbot'}
[0.010617] (interfaces) JobProgress: {'identifier': 'interfaces', 'progress': 'cmake'}
[0.011706] (interfaces) JobProgress: {'identifier': 'interfaces', 'progress': 'build'}
[0.012073] (interfaces) Command: {'cmd': ['/usr/bin/cmake', '--build', '/home/sycamore/SycaBot_ros/build/interfaces', '--', '-j20', '-l20'], 'cwd': '/home/sycamore/SycaBot_ros/build/interfaces', 'env': OrderedDict([('GJS_DEBUG_TOPICS', 'JS ERROR;JS LOG'), ('LANGUAGE', 'en_GB:en'), ('USER', 'sycamore'), ('LC_TIME', 'en_GB.UTF-8'), ('SSH_AGENT_PID', '1972'), ('XDG_SESSION_TYPE', 'x11'), ('SHLVL', '1'), ('LD_LIBRARY_PATH', '/opt/ros/foxy/opt/yaml_cpp_vendor/lib:/opt/ros/foxy/opt/rviz_ogre_vendor/lib:/opt/ros/foxy/lib/x86_64-linux-gnu:/opt/ros/foxy/lib'), ('HOME', '/home/sycamore'), ('OLDPWD', '/home/sycamore'), ('DESKTOP_SESSION', 'ubuntu'), ('ROS_PYTHON_VERSION', '3'), ('GNOME_SHELL_SESSION_MODE', 'ubuntu'), ('GTK_MODULES', 'gail:atk-bridge'), ('LC_MONETARY', 'en_GB.UTF-8'), ('MANAGERPID', '1793'), ('DBUS_SESSION_BUS_ADDRESS', 'unix:path=/run/user/1000/bus'), ('COLORTERM', 'truecolor'), ('IM_CONFIG_PHASE', '1'), ('ROS_DISTRO', 'foxy'), ('LOGNAME', 'sycamore'), ('JOURNAL_STREAM', '8:57549'), ('_', '/usr/bin/colcon'), ('ROS_VERSION', '2'), ('XDG_SESSION_CLASS', 'user'), ('USERNAME', 'sycamore'), ('TERM', 'xterm-256color'), ('GNOME_DESKTOP_SESSION_ID', 'this-is-deprecated'), ('ROS_LOCALHOST_ONLY', '0'), ('WINDOWPATH', '2'), ('PATH', '/opt/ros/foxy/bin:/home/sycamore/.local/bin:/usr/local/sbin:/usr/local/bin:/usr/sbin:/usr/bin:/sbin:/bin:/usr/games:/usr/local/games:/snap/bin'), ('SESSION_MANAGER', 'local/Sycamore-CentralPC:@/tmp/.ICE-unix/2011,unix/Sycamore-CentralPC:/tmp/.ICE-unix/2011'), ('INVOCATION_ID', 'df421e6e4f43445b9add259335c7cddd'), ('PAPERSIZE', 'a4'), ('XDG_MENU_PREFIX', 'gnome-'), ('LC_ADDRESS', 'en_GB.UTF-8'), ('GNOME_TERMINAL_SCREEN', '/org/gnome/Terminal/screen/9fbb07d2_5443_4552_a062_4eeef33c2aaf'), ('XDG_RUNTIME_DIR', '/run/user/1000'), ('DISPLAY', ':0'), ('LANG', 'en_GB.UTF-8'), ('XDG_CURRENT_DESKTOP', 'ubuntu:GNOME'), ('LC_TELEPHONE', 'en_GB.UTF-8'), ('XMODIFIERS', '@im=ibus'), ('XDG_SESSION_DESKTOP', 'ubuntu'), ('XAUTHORITY', '/run/user/1000/gdm/Xauthority'), ('GNOME_TERMINAL_SERVICE', ':1.3942'), ('SSH_AUTH_SOCK', '/run/user/1000/keyring/ssh'), ('AMENT_PREFIX_PATH', '/opt/ros/foxy'), ('SHELL', '/bin/bash'), ('LC_NAME', 'en_GB.UTF-8'), ('QT_ACCESSIBILITY', '1'), ('GDMSESSION', 'ubuntu'), ('LC_MEASUREMENT', 'en_GB.UTF-8'), ('GPG_AGENT_INFO', '/run/user/1000/gnupg/S.gpg-agent:0:1'), ('GJS_DEBUG_OUTPUT', 'stderr'), ('LC_IDENTIFICATION', 'en_GB.UTF-8'), ('QT_IM_MODULE', 'ibus'), ('PWD', '/home/sycamore/SycaBot_ros/build/interfaces'), ('XDG_CONFIG_DIRS', '/etc/xdg/xdg-ubuntu:/etc/xdg'), ('XDG_DATA_DIRS', '/usr/share/ubuntu:/usr/local/share/:/usr/share/:/var/lib/snapd/desktop'), ('PYTHONPATH', '/opt/ros/foxy/lib/python3.8/site-packages'), ('LC_NUMERIC', 'en_GB.UTF-8'), ('LC_PAPER', 'en_GB.UTF-8'), ('COLCON', '1'), ('VTE_VERSION', '6003'), ('CMAKE_PREFIX_PATH', '/opt/ros/foxy')]), 'shell': False}
[0.046316] (interfaces) StdoutLine: {'line': b'[  3%] Built target interfaces__cpp\n'}
[0.047886] (interfaces) StdoutLine: {'line': b'[ 12%] Built target interfaces__rosidl_generator_c\n'}
[0.060667] (interfaces) StdoutLine: {'line': b'[ 32%] Built target interfaces__rosidl_typesupport_introspection_cpp\n'}
[0.060852] (interfaces) StdoutLine: {'line': b'[ 32%] Built target interfaces__rosidl_typesupport_cpp\n'}
[0.060976] (interfaces) StdoutLine: {'line': b'[ 41%] Built target interfaces__rosidl_typesupport_c\n'}
[0.061244] (interfaces) StdoutLine: {'line': b'[ 51%] Built target interfaces__rosidl_typesupport_introspection_c\n'}
[0.063572] (interfaces) StdoutLine: {'line': b'[ 61%] Built target interfaces__rosidl_typesupport_fastrtps_cpp\n'}
[0.079959] (interfaces) StdoutLine: {'line': b'[ 70%] Built target interfaces__rosidl_typesupport_fastrtps_c\n'}
[0.091508] (interfaces) StdoutLine: {'line': b'[ 70%] Built target interfaces\n'}
[0.099798] (-) TimerEvent: {}
[0.104148] (interfaces) StdoutLine: {'line': b'[ 74%] Built target interfaces__py\n'}
[0.118830] (interfaces) StdoutLine: {'line': b'[ 80%] Built target interfaces__python\n'}
[0.134670] (interfaces) StdoutLine: {'line': b'[100%] Built target interfaces__rosidl_typesupport_introspection_c__pyext\n'}
[0.134805] (interfaces) StdoutLine: {'line': b'[100%] Built target interfaces__rosidl_typesupport_c__pyext\n'}
[0.134870] (interfaces) StdoutLine: {'line': b'[100%] Built target interfaces__rosidl_typesupport_fastrtps_c__pyext\n'}
[0.161385] (interfaces) CommandEnded: {'returncode': 0}
[0.187059] (interfaces) JobProgress: {'identifier': 'interfaces', 'progress': 'install'}
[0.194219] (interfaces) Command: {'cmd': ['/usr/bin/cmake', '--install', '/home/sycamore/SycaBot_ros/build/interfaces'], 'cwd': '/home/sycamore/SycaBot_ros/build/interfaces', 'env': OrderedDict([('GJS_DEBUG_TOPICS', 'JS ERROR;JS LOG'), ('LANGUAGE', 'en_GB:en'), ('USER', 'sycamore'), ('LC_TIME', 'en_GB.UTF-8'), ('SSH_AGENT_PID', '1972'), ('XDG_SESSION_TYPE', 'x11'), ('SHLVL', '1'), ('LD_LIBRARY_PATH', '/opt/ros/foxy/opt/yaml_cpp_vendor/lib:/opt/ros/foxy/opt/rviz_ogre_vendor/lib:/opt/ros/foxy/lib/x86_64-linux-gnu:/opt/ros/foxy/lib'), ('HOME', '/home/sycamore'), ('OLDPWD', '/home/sycamore'), ('DESKTOP_SESSION', 'ubuntu'), ('ROS_PYTHON_VERSION', '3'), ('GNOME_SHELL_SESSION_MODE', 'ubuntu'), ('GTK_MODULES', 'gail:atk-bridge'), ('LC_MONETARY', 'en_GB.UTF-8'), ('MANAGERPID', '1793'), ('DBUS_SESSION_BUS_ADDRESS', 'unix:path=/run/user/1000/bus'), ('COLORTERM', 'truecolor'), ('IM_CONFIG_PHASE', '1'), ('ROS_DISTRO', 'foxy'), ('LOGNAME', 'sycamore'), ('JOURNAL_STREAM', '8:57549'), ('_', '/usr/bin/colcon'), ('ROS_VERSION', '2'), ('XDG_SESSION_CLASS', 'user'), ('USERNAME', 'sycamore'), ('TERM', 'xterm-256color'), ('GNOME_DESKTOP_SESSION_ID', 'this-is-deprecated'), ('ROS_LOCALHOST_ONLY', '0'), ('WINDOWPATH', '2'), ('PATH', '/opt/ros/foxy/bin:/home/sycamore/.local/bin:/usr/local/sbin:/usr/local/bin:/usr/sbin:/usr/bin:/sbin:/bin:/usr/games:/usr/local/games:/snap/bin'), ('SESSION_MANAGER', 'local/Sycamore-CentralPC:@/tmp/.ICE-unix/2011,unix/Sycamore-CentralPC:/tmp/.ICE-unix/2011'), ('INVOCATION_ID', 'df421e6e4f43445b9add259335c7cddd'), ('PAPERSIZE', 'a4'), ('XDG_MENU_PREFIX', 'gnome-'), ('LC_ADDRESS', 'en_GB.UTF-8'), ('GNOME_TERMINAL_SCREEN', '/org/gnome/Terminal/screen/9fbb07d2_5443_4552_a062_4eeef33c2aaf'), ('XDG_RUNTIME_DIR', '/run/user/1000'), ('DISPLAY', ':0'), ('LANG', 'en_GB.UTF-8'), ('XDG_CURRENT_DESKTOP', 'ubuntu:GNOME'), ('LC_TELEPHONE', 'en_GB.UTF-8'), ('XMODIFIERS', '@im=ibus'), ('XDG_SESSION_DESKTOP', 'ubuntu'), ('XAUTHORITY', '/run/user/1000/gdm/Xauthority'), ('GNOME_TERMINAL_SERVICE', ':1.3942'), ('SSH_AUTH_SOCK', '/run/user/1000/keyring/ssh'), ('AMENT_PREFIX_PATH', '/opt/ros/foxy'), ('SHELL', '/bin/bash'), ('LC_NAME', 'en_GB.UTF-8'), ('QT_ACCESSIBILITY', '1'), ('GDMSESSION', 'ubuntu'), ('LC_MEASUREMENT', 'en_GB.UTF-8'), ('GPG_AGENT_INFO', '/run/user/1000/gnupg/S.gpg-agent:0:1'), ('GJS_DEBUG_OUTPUT', 'stderr'), ('LC_IDENTIFICATION', 'en_GB.UTF-8'), ('QT_IM_MODULE', 'ibus'), ('PWD', '/home/sycamore/SycaBot_ros/build/interfaces'), ('XDG_CONFIG_DIRS', '/etc/xdg/xdg-ubuntu:/etc/xdg'), ('XDG_DATA_DIRS', '/usr/share/ubuntu:/usr/local/share/:/usr/share/:/var/lib/snapd/desktop'), ('PYTHONPATH', '/opt/ros/foxy/lib/python3.8/site-packages'), ('LC_NUMERIC', 'en_GB.UTF-8'), ('LC_PAPER', 'en_GB.UTF-8'), ('COLCON', '1'), ('VTE_VERSION', '6003'), ('CMAKE_PREFIX_PATH', '/opt/ros/foxy')]), 'shell': False}
[0.199275] (interfaces) StdoutLine: {'line': b'-- Install configuration: ""\n'}
[0.199642] (interfaces) StdoutLine: {'line': b'-- Execute custom install script\n'}
[0.199859] (interfaces) StdoutLine: {'line': b'-- Up-to-date symlink: /home/sycamore/SycaBot_ros/install/interfaces/share/ament_index/resource_index/rosidl_interfaces/interfaces\n'}
[0.199923] (-) TimerEvent: {}
[0.200243] (interfaces) StdoutLine: {'line': b'-- Up-to-date symlink: /home/sycamore/SycaBot_ros/install/interfaces/include/interfaces/msg/rosidl_generator_c__visibility_control.h\n'}
[0.200388] (interfaces) StdoutLine: {'line': b'-- Up-to-date symlink: /home/sycamore/SycaBot_ros/install/interfaces/include/interfaces/srv/detail/task__functions.h\n'}
[0.200468] (interfaces) StdoutLine: {'line': b'-- Up-to-date symlink: /home/sycamore/SycaBot_ros/install/interfaces/include/interfaces/srv/detail/task__struct.h\n'}
[0.200543] (interfaces) StdoutLine: {'line': b'-- Up-to-date symlink: /home/sycamore/SycaBot_ros/install/interfaces/include/interfaces/srv/detail/task__type_support.h\n'}
[0.200609] (interfaces) StdoutLine: {'line': b'-- Up-to-date symlink: /home/sycamore/SycaBot_ros/install/interfaces/include/interfaces/srv/task.h\n'}
[0.200753] (interfaces) StdoutLine: {'line': b'-- Up-to-date symlink: /home/sycamore/SycaBot_ros/install/interfaces/share/interfaces/environment/library_path.sh\n'}
[0.200918] (interfaces) StdoutLine: {'line': b'-- Up-to-date symlink: /home/sycamore/SycaBot_ros/install/interfaces/share/interfaces/environment/library_path.dsv\n'}
[0.201277] (interfaces) StdoutLine: {'line': b'-- Up-to-date symlink: /home/sycamore/SycaBot_ros/install/interfaces/include/interfaces/msg/rosidl_typesupport_fastrtps_c__visibility_control.h\n'}
[0.201384] (interfaces) StdoutLine: {'line': b'-- Up-to-date symlink: /home/sycamore/SycaBot_ros/install/interfaces/include/interfaces/srv/detail/task__rosidl_typesupport_fastrtps_c.h\n'}
[0.201642] (interfaces) StdoutLine: {'line': b'-- Up-to-date symlink: /home/sycamore/SycaBot_ros/install/interfaces/lib/libinterfaces__rosidl_typesupport_fastrtps_c.so\n'}
[0.202048] (interfaces) StdoutLine: {'line': b'-- Up-to-date symlink: /home/sycamore/SycaBot_ros/install/interfaces/include/interfaces/msg/rosidl_typesupport_fastrtps_cpp__visibility_control.h\n'}
[0.202126] (interfaces) StdoutLine: {'line': b'-- Up-to-date symlink: /home/sycamore/SycaBot_ros/install/interfaces/include/interfaces/srv/detail/task__rosidl_typesupport_fastrtps_cpp.hpp\n'}
[0.202380] (interfaces) StdoutLine: {'line': b'-- Up-to-date symlink: /home/sycamore/SycaBot_ros/install/interfaces/lib/libinterfaces__rosidl_typesupport_fastrtps_cpp.so\n'}
[0.202695] (interfaces) StdoutLine: {'line': b'-- Up-to-date symlink: /home/sycamore/SycaBot_ros/install/interfaces/include/interfaces/msg/rosidl_typesupport_introspection_c__visibility_control.h\n'}
[0.202838] (interfaces) StdoutLine: {'line': b'-- Up-to-date symlink: /home/sycamore/SycaBot_ros/install/interfaces/include/interfaces/srv/detail/task__rosidl_typesupport_introspection_c.h\n'}
[0.203148] (interfaces) StdoutLine: {'line': b'-- Up-to-date symlink: /home/sycamore/SycaBot_ros/install/interfaces/include/interfaces/srv/detail/task__builder.hpp\n'}
[0.203230] (interfaces) StdoutLine: {'line': b'-- Up-to-date symlink: /home/sycamore/SycaBot_ros/install/interfaces/include/interfaces/srv/detail/task__struct.hpp\n'}
[0.203327] (interfaces) StdoutLine: {'line': b'-- Up-to-date symlink: /home/sycamore/SycaBot_ros/install/interfaces/include/interfaces/srv/detail/task__traits.hpp\n'}
[0.203428] (interfaces) StdoutLine: {'line': b'-- Up-to-date symlink: /home/sycamore/SycaBot_ros/install/interfaces/include/interfaces/srv/task.hpp\n'}
[0.203761] (interfaces) StdoutLine: {'line': b'-- Up-to-date symlink: /home/sycamore/SycaBot_ros/install/interfaces/include/interfaces/srv/detail/task__rosidl_typesupport_introspection_cpp.hpp\n'}
[0.203933] (interfaces) StdoutLine: {'line': b'-- Up-to-date symlink: /home/sycamore/SycaBot_ros/install/interfaces/share/interfaces/environment/pythonpath.sh\n'}
[0.204099] (interfaces) StdoutLine: {'line': b'-- Up-to-date symlink: /home/sycamore/SycaBot_ros/install/interfaces/share/interfaces/environment/pythonpath.dsv\n'}
[0.204265] (interfaces) StdoutLine: {'line': b'-- Up-to-date symlink: /home/sycamore/SycaBot_ros/install/interfaces/lib/python3.8/site-packages/interfaces/__init__.py\n'}
[0.204572] (interfaces) StdoutLine: {'line': b'-- Up-to-date symlink: /home/sycamore/SycaBot_ros/install/interfaces/lib/python3.8/site-packages/interfaces/srv/__init__.py\n'}
[0.204680] (interfaces) StdoutLine: {'line': b'-- Up-to-date symlink: /home/sycamore/SycaBot_ros/install/interfaces/lib/python3.8/site-packages/interfaces/srv/_task.py\n'}
[0.204940] (interfaces) StdoutLine: {'line': b'-- Up-to-date symlink: /home/sycamore/SycaBot_ros/install/interfaces/lib/python3.8/site-packages/interfaces/interfaces_s__rosidl_typesupport_fastrtps_c.cpython-38-x86_64-linux-gnu.so\n'}
[0.205196] (interfaces) StdoutLine: {'line': b'-- Up-to-date symlink: /home/sycamore/SycaBot_ros/install/interfaces/lib/python3.8/site-packages/interfaces/interfaces_s__rosidl_typesupport_introspection_c.cpython-38-x86_64-linux-gnu.so\n'}
[0.205451] (interfaces) StdoutLine: {'line': b'-- Up-to-date symlink: /home/sycamore/SycaBot_ros/install/interfaces/lib/python3.8/site-packages/interfaces/interfaces_s__rosidl_typesupport_c.cpython-38-x86_64-linux-gnu.so\n'}
[0.205703] (interfaces) StdoutLine: {'line': b'-- Up-to-date symlink: /home/sycamore/SycaBot_ros/install/interfaces/lib/libinterfaces__python.so\n'}
[0.205880] (interfaces) StdoutLine: {'line': b'-- Up-to-date symlink: /home/sycamore/SycaBot_ros/install/interfaces/share/interfaces/srv/Task.idl\n'}
[0.206045] (interfaces) StdoutLine: {'line': b'-- Up-to-date symlink: /home/sycamore/SycaBot_ros/install/interfaces/share/interfaces/srv/Task.srv\n'}
[0.206210] (interfaces) StdoutLine: {'line': b'-- Up-to-date symlink: /home/sycamore/SycaBot_ros/install/interfaces/share/interfaces/srv/Task_Request.msg\n'}
[0.206374] (interfaces) StdoutLine: {'line': b'-- Up-to-date symlink: /home/sycamore/SycaBot_ros/install/interfaces/share/interfaces/srv/Task_Response.msg\n'}
[0.206545] (interfaces) StdoutLine: {'line': b'-- Up-to-date symlink: /home/sycamore/SycaBot_ros/install/interfaces/share/ament_index/resource_index/package_run_dependencies/interfaces\n'}
[0.206715] (interfaces) StdoutLine: {'line': b'-- Up-to-date symlink: /home/sycamore/SycaBot_ros/install/interfaces/share/ament_index/resource_index/parent_prefix_path/interfaces\n'}
[0.206884] (interfaces) StdoutLine: {'line': b'-- Up-to-date symlink: /home/sycamore/SycaBot_ros/install/interfaces/share/interfaces/environment/ament_prefix_path.sh\n'}
[0.207047] (interfaces) StdoutLine: {'line': b'-- Up-to-date symlink: /home/sycamore/SycaBot_ros/install/interfaces/share/interfaces/environment/ament_prefix_path.dsv\n'}
[0.207223] (interfaces) StdoutLine: {'line': b'-- Up-to-date symlink: /home/sycamore/SycaBot_ros/install/interfaces/share/interfaces/environment/path.sh\n'}
[0.207386] (interfaces) StdoutLine: {'line': b'-- Up-to-date symlink: /home/sycamore/SycaBot_ros/install/interfaces/share/interfaces/environment/path.dsv\n'}
[0.207563] (interfaces) StdoutLine: {'line': b'-- Up-to-date symlink: /home/sycamore/SycaBot_ros/install/interfaces/share/interfaces/local_setup.bash\n'}
[0.207727] (interfaces) StdoutLine: {'line': b'-- Up-to-date symlink: /home/sycamore/SycaBot_ros/install/interfaces/share/interfaces/local_setup.sh\n'}
[0.207888] (interfaces) StdoutLine: {'line': b'-- Up-to-date symlink: /home/sycamore/SycaBot_ros/install/interfaces/share/interfaces/local_setup.zsh\n'}
[0.208048] (interfaces) StdoutLine: {'line': b'-- Up-to-date symlink: /home/sycamore/SycaBot_ros/install/interfaces/share/interfaces/local_setup.dsv\n'}
[0.208183] (interfaces) StdoutLine: {'line': b'-- Symlinking: /home/sycamore/SycaBot_ros/install/interfaces/share/interfaces/package.dsv\n'}
[0.213860] (interfaces) StdoutLine: {'line': b'-- Up-to-date symlink: /home/sycamore/SycaBot_ros/install/interfaces/share/ament_index/resource_index/packages/interfaces\n'}
[0.214016] (interfaces) StdoutLine: {'line': b'-- Up-to-date symlink: /home/sycamore/SycaBot_ros/install/interfaces/share/interfaces/cmake/rosidl_cmake-extras.cmake\n'}
[0.214185] (interfaces) StdoutLine: {'line': b'-- Up-to-date symlink: /home/sycamore/SycaBot_ros/install/interfaces/share/interfaces/cmake/ament_cmake_export_dependencies-extras.cmake\n'}
[0.214352] (interfaces) StdoutLine: {'line': b'-- Up-to-date symlink: /home/sycamore/SycaBot_ros/install/interfaces/share/interfaces/cmake/ament_cmake_export_libraries-extras.cmake\n'}
[0.214518] (interfaces) StdoutLine: {'line': b'-- Up-to-date symlink: /home/sycamore/SycaBot_ros/install/interfaces/share/interfaces/cmake/ament_cmake_export_targets-extras.cmake\n'}
[0.214733] (interfaces) StdoutLine: {'line': b'-- Up-to-date symlink: /home/sycamore/SycaBot_ros/install/interfaces/share/interfaces/cmake/ament_cmake_export_include_directories-extras.cmake\n'}
[0.214890] (interfaces) StdoutLine: {'line': b'-- Up-to-date symlink: /home/sycamore/SycaBot_ros/install/interfaces/share/interfaces/cmake/rosidl_cmake_export_typesupport_libraries-extras.cmake\n'}
[0.215059] (interfaces) StdoutLine: {'line': b'-- Up-to-date symlink: /home/sycamore/SycaBot_ros/install/interfaces/share/interfaces/cmake/rosidl_cmake_export_typesupport_targets-extras.cmake\n'}
[0.215187] (interfaces) StdoutLine: {'line': b'-- Up-to-date symlink: /home/sycamore/SycaBot_ros/install/interfaces/share/interfaces/cmake/interfacesConfig.cmake\n'}
[0.215292] (interfaces) StdoutLine: {'line': b'-- Up-to-date symlink: /home/sycamore/SycaBot_ros/install/interfaces/share/interfaces/cmake/interfacesConfig-version.cmake\n'}
[0.215456] (interfaces) StdoutLine: {'line': b'-- Up-to-date symlink: /home/sycamore/SycaBot_ros/install/interfaces/share/interfaces/package.xml\n'}
[0.215628] (interfaces) StdoutLine: {'line': b'-- Up-to-date: /home/sycamore/SycaBot_ros/install/interfaces/lib/libinterfaces__rosidl_generator_c.so\n'}
[0.215837] (interfaces) StdoutLine: {'line': b'-- Up-to-date: /home/sycamore/SycaBot_ros/install/interfaces/lib/libinterfaces__rosidl_typesupport_introspection_c.so\n'}
[0.216034] (interfaces) StdoutLine: {'line': b'-- Up-to-date: /home/sycamore/SycaBot_ros/install/interfaces/lib/libinterfaces__rosidl_typesupport_c.so\n'}
[0.216276] (interfaces) StdoutLine: {'line': b'-- Up-to-date: /home/sycamore/SycaBot_ros/install/interfaces/lib/libinterfaces__rosidl_typesupport_introspection_cpp.so\n'}
[0.216486] (interfaces) StdoutLine: {'line': b'-- Up-to-date: /home/sycamore/SycaBot_ros/install/interfaces/lib/libinterfaces__rosidl_typesupport_cpp.so\n'}
[0.237022] (interfaces) StdoutLine: {'line': b'-- Up-to-date: /home/sycamore/SycaBot_ros/install/interfaces/share/interfaces/cmake/interfaces__rosidl_generator_cExport.cmake\n'}
[0.237223] (interfaces) StdoutLine: {'line': b'-- Up-to-date: /home/sycamore/SycaBot_ros/install/interfaces/share/interfaces/cmake/interfaces__rosidl_generator_cExport-noconfig.cmake\n'}
[0.237367] (interfaces) StdoutLine: {'line': b'-- Up-to-date: /home/sycamore/SycaBot_ros/install/interfaces/share/interfaces/cmake/interfaces__rosidl_typesupport_introspection_cExport.cmake\n'}
[0.237429] (interfaces) StdoutLine: {'line': b'-- Up-to-date: /home/sycamore/SycaBot_ros/install/interfaces/share/interfaces/cmake/interfaces__rosidl_typesupport_introspection_cExport-noconfig.cmake\n'}
[0.237504] (interfaces) StdoutLine: {'line': b'-- Up-to-date: /home/sycamore/SycaBot_ros/install/interfaces/share/interfaces/cmake/interfaces__rosidl_typesupport_cExport.cmake\n'}
[0.237574] (interfaces) StdoutLine: {'line': b'-- Up-to-date: /home/sycamore/SycaBot_ros/install/interfaces/share/interfaces/cmake/interfaces__rosidl_typesupport_cExport-noconfig.cmake\n'}
[0.237710] (interfaces) StdoutLine: {'line': b'-- Up-to-date: /home/sycamore/SycaBot_ros/install/interfaces/share/interfaces/cmake/interfaces__rosidl_generator_cppExport.cmake\n'}
[0.237772] (interfaces) StdoutLine: {'line': b'-- Up-to-date: /home/sycamore/SycaBot_ros/install/interfaces/share/interfaces/cmake/interfaces__rosidl_typesupport_introspection_cppExport.cmake\n'}
[0.237825] (interfaces) StdoutLine: {'line': b'-- Up-to-date: /home/sycamore/SycaBot_ros/install/interfaces/share/interfaces/cmake/interfaces__rosidl_typesupport_introspection_cppExport-noconfig.cmake\n'}
[0.237876] (interfaces) StdoutLine: {'line': b'-- Up-to-date: /home/sycamore/SycaBot_ros/install/interfaces/share/interfaces/cmake/interfaces__rosidl_typesupport_cppExport.cmake\n'}
[0.237930] (interfaces) StdoutLine: {'line': b'-- Up-to-date: /home/sycamore/SycaBot_ros/install/interfaces/share/interfaces/cmake/interfaces__rosidl_typesupport_cppExport-noconfig.cmake\n'}
[0.239199] (interfaces) CommandEnded: {'returncode': 0}
[0.282555] (interfaces) JobEnded: {'identifier': 'interfaces', 'rc': 0}
[0.299998] (-) TimerEvent: {}
[0.400206] (-) TimerEvent: {}
[0.424541] (jetbot) Command: {'cmd': ['/usr/bin/python3', 'setup.py', 'develop', '--prefix', '/home/sycamore/SycaBot_ros/install/jetbot', '--editable', '--build-directory', '/home/sycamore/SycaBot_ros/build/jetbot/build', '--no-deps', 'install_data', '--install-dir', '/home/sycamore/SycaBot_ros/install/jetbot'], 'cwd': '/home/sycamore/SycaBot_ros/build/jetbot', 'env': {'GJS_DEBUG_TOPICS': 'JS ERROR;JS LOG', 'LANGUAGE': 'en_GB:en', 'USER': 'sycamore', 'LC_TIME': 'en_GB.UTF-8', 'SSH_AGENT_PID': '1972', 'XDG_SESSION_TYPE': 'x11', 'SHLVL': '1', 'LD_LIBRARY_PATH': '/opt/ros/foxy/opt/yaml_cpp_vendor/lib:/opt/ros/foxy/opt/rviz_ogre_vendor/lib:/opt/ros/foxy/lib/x86_64-linux-gnu:/opt/ros/foxy/lib', 'HOME': '/home/sycamore', 'OLDPWD': '/home/sycamore', 'DESKTOP_SESSION': 'ubuntu', 'ROS_PYTHON_VERSION': '3', 'GNOME_SHELL_SESSION_MODE': 'ubuntu', 'GTK_MODULES': 'gail:atk-bridge', 'LC_MONETARY': 'en_GB.UTF-8', 'MANAGERPID': '1793', 'DBUS_SESSION_BUS_ADDRESS': 'unix:path=/run/user/1000/bus', 'COLORTERM': 'truecolor', 'IM_CONFIG_PHASE': '1', 'ROS_DISTRO': 'foxy', 'LOGNAME': 'sycamore', 'JOURNAL_STREAM': '8:57549', '_': '/usr/bin/colcon', 'ROS_VERSION': '2', 'XDG_SESSION_CLASS': 'user', 'USERNAME': 'sycamore', 'TERM': 'xterm-256color', 'GNOME_DESKTOP_SESSION_ID': 'this-is-deprecated', 'ROS_LOCALHOST_ONLY': '0', 'WINDOWPATH': '2', 'PATH': '/opt/ros/foxy/bin:/home/sycamore/.local/bin:/usr/local/sbin:/usr/local/bin:/usr/sbin:/usr/bin:/sbin:/bin:/usr/games:/usr/local/games:/snap/bin', 'SESSION_MANAGER': 'local/Sycamore-CentralPC:@/tmp/.ICE-unix/2011,unix/Sycamore-CentralPC:/tmp/.ICE-unix/2011', 'INVOCATION_ID': 'df421e6e4f43445b9add259335c7cddd', 'PAPERSIZE': 'a4', 'XDG_MENU_PREFIX': 'gnome-', 'LC_ADDRESS': 'en_GB.UTF-8', 'GNOME_TERMINAL_SCREEN': '/org/gnome/Terminal/screen/9fbb07d2_5443_4552_a062_4eeef33c2aaf', 'XDG_RUNTIME_DIR': '/run/user/1000', 'DISPLAY': ':0', 'LANG': 'en_GB.UTF-8', 'XDG_CURRENT_DESKTOP': 'ubuntu:GNOME', 'LC_TELEPHONE': 'en_GB.UTF-8', 'XMODIFIERS': '@im=ibus', 'XDG_SESSION_DESKTOP': 'ubuntu', 'XAUTHORITY': '/run/user/1000/gdm/Xauthority', 'GNOME_TERMINAL_SERVICE': ':1.3942', 'SSH_AUTH_SOCK': '/run/user/1000/keyring/ssh', 'AMENT_PREFIX_PATH': '/opt/ros/foxy', 'SHELL': '/bin/bash', 'LC_NAME': 'en_GB.UTF-8', 'QT_ACCESSIBILITY': '1', 'GDMSESSION': 'ubuntu', 'LC_MEASUREMENT': 'en_GB.UTF-8', 'GPG_AGENT_INFO': '/run/user/1000/gnupg/S.gpg-agent:0:1', 'GJS_DEBUG_OUTPUT': 'stderr', 'LC_IDENTIFICATION': 'en_GB.UTF-8', 'QT_IM_MODULE': 'ibus', 'PWD': '/home/sycamore/SycaBot_ros/build/jetbot', 'XDG_CONFIG_DIRS': '/etc/xdg/xdg-ubuntu:/etc/xdg', 'XDG_DATA_DIRS': '/usr/share/ubuntu:/usr/local/share/:/usr/share/:/var/lib/snapd/desktop', 'PYTHONPATH': '/home/sycamore/SycaBot_ros/install/jetbot/lib/python3.8/site-packages:/opt/ros/foxy/lib/python3.8/site-packages', 'LC_NUMERIC': 'en_GB.UTF-8', 'LC_PAPER': 'en_GB.UTF-8', 'COLCON': '1', 'VTE_VERSION': '6003'}, 'shell': False}
[0.500285] (-) TimerEvent: {}
[0.576054] (jetbot) StdoutLine: {'line': b'running develop\n'}
[0.600386] (-) TimerEvent: {}
[0.671604] (jetbot) StdoutLine: {'line': b'running egg_info\n'}
[0.671799] (jetbot) StdoutLine: {'line': b'writing jetbot.egg-info/PKG-INFO\n'}
[0.671945] (jetbot) StdoutLine: {'line': b'writing dependency_links to jetbot.egg-info/dependency_links.txt\n'}
[0.672020] (jetbot) StdoutLine: {'line': b'writing entry points to jetbot.egg-info/entry_points.txt\n'}
[0.672138] (jetbot) StdoutLine: {'line': b'writing requirements to jetbot.egg-info/requires.txt\n'}
[0.672213] (jetbot) StdoutLine: {'line': b'writing top-level names to jetbot.egg-info/top_level.txt\n'}
[0.693461] (jetbot) StdoutLine: {'line': b"reading manifest file 'jetbot.egg-info/SOURCES.txt'\n"}
[0.693926] (jetbot) StdoutLine: {'line': b"writing manifest file 'jetbot.egg-info/SOURCES.txt'\n"}
[0.700449] (-) TimerEvent: {}
[0.716119] (jetbot) StdoutLine: {'line': b'running build_ext\n'}
[0.716327] (jetbot) StdoutLine: {'line': b'Creating /home/sycamore/SycaBot_ros/install/jetbot/lib/python3.8/site-packages/jetbot.egg-link (link to .)\n'}
[0.716843] (jetbot) StdoutLine: {'line': b'Installing motors script to /home/sycamore/SycaBot_ros/install/jetbot/lib/jetbot\n'}
[0.717030] (jetbot) StdoutLine: {'line': b'Installing start script to /home/sycamore/SycaBot_ros/install/jetbot/lib/jetbot\n'}
[0.717177] (jetbot) StdoutLine: {'line': b'\n'}
[0.717233] (jetbot) StdoutLine: {'line': b'Installed /home/sycamore/SycaBot_ros/build/jetbot\n'}
[0.717286] (jetbot) StdoutLine: {'line': b'running install_data\n'}
[0.732561] (jetbot) CommandEnded: {'returncode': 0}
[0.737638] (jetbot) JobEnded: {'identifier': 'jetbot', 'rc': 0}
[0.738117] (-) EventReactorShutdown: {}
