[0.099s] DEBUG:colcon:Command line arguments: ['/usr/bin/colcon', 'build', '--symlink-install']
[0.099s] DEBUG:colcon:Parsed command line arguments: Namespace(allow_overriding=[], ament_cmake_args=None, base_paths=['.'], build_base='build', catkin_cmake_args=None, catkin_skip_building_tests=False, cmake_args=None, cmake_clean_cache=False, cmake_clean_first=False, cmake_force_configure=False, cmake_target=None, cmake_target_skip_unavailable=False, continue_on_error=False, event_handlers=None, executor='parallel', ignore_user_meta=False, install_base='install', log_base=None, log_level=None, main=<bound method BuildVerb.main of <colcon_core.verb.build.BuildVerb object at 0x7fbd886b0a60>>, merge_install=False, metas=['./colcon.meta'], packages_above=None, packages_above_and_dependencies=None, packages_above_depth=None, packages_end=None, packages_ignore=None, packages_ignore_regex=None, packages_select=None, packages_select_build_failed=False, packages_select_by_dep=None, packages_select_regex=None, packages_select_test_failures=False, packages_skip=None, packages_skip_build_finished=False, packages_skip_by_dep=None, packages_skip_regex=None, packages_skip_test_passed=False, packages_skip_up_to=None, packages_start=None, packages_up_to=None, packages_up_to_regex=None, parallel_workers=20, paths=None, symlink_install=True, test_result_base=None, verb_extension=<colcon_core.verb.build.BuildVerb object at 0x7fbd886b0a60>, verb_name='build', verb_parser=<colcon_defaults.argument_parser.defaults.DefaultArgumentsDecorator object at 0x7fbd8863b040>)
[0.119s] Level 1:colcon.colcon_core.package_discovery:discover_packages(colcon_meta) check parameters
[0.119s] Level 1:colcon.colcon_core.package_discovery:discover_packages(recursive) check parameters
[0.119s] Level 1:colcon.colcon_core.package_discovery:discover_packages(ignore) check parameters
[0.119s] Level 1:colcon.colcon_core.package_discovery:discover_packages(path) check parameters
[0.119s] Level 1:colcon.colcon_core.package_discovery:discover_packages(colcon_meta) discover
[0.119s] Level 1:colcon.colcon_core.package_discovery:discover_packages(recursive) discover
[0.119s] INFO:colcon.colcon_core.package_discovery:Crawling recursively for packages in '/home/sycamore/SycaBot_ros'
[0.119s] Level 1:colcon.colcon_core.package_identification:_identify(.) by extensions ['ignore', 'ignore_ament_install']
[0.119s] Level 1:colcon.colcon_core.package_identification:_identify(.) by extension 'ignore'
[0.119s] Level 1:colcon.colcon_core.package_identification:_identify(.) by extension 'ignore_ament_install'
[0.119s] Level 1:colcon.colcon_core.package_identification:_identify(.) by extensions ['colcon_pkg']
[0.120s] Level 1:colcon.colcon_core.package_identification:_identify(.) by extension 'colcon_pkg'
[0.120s] Level 1:colcon.colcon_core.package_identification:_identify(.) by extensions ['colcon_meta']
[0.120s] Level 1:colcon.colcon_core.package_identification:_identify(.) by extension 'colcon_meta'
[0.120s] Level 1:colcon.colcon_core.package_identification:_identify(.) by extensions ['ros']
[0.120s] Level 1:colcon.colcon_core.package_identification:_identify(.) by extension 'ros'
[0.127s] Level 1:colcon.colcon_core.package_identification:_identify(.) by extensions ['cmake', 'python']
[0.127s] Level 1:colcon.colcon_core.package_identification:_identify(.) by extension 'cmake'
[0.127s] Level 1:colcon.colcon_core.package_identification:_identify(.) by extension 'python'
[0.127s] Level 1:colcon.colcon_core.package_identification:_identify(.) by extensions ['python_setup_py']
[0.127s] Level 1:colcon.colcon_core.package_identification:_identify(.) by extension 'python_setup_py'
[0.127s] Level 1:colcon.colcon_core.package_identification:_identify(build) by extensions ['ignore', 'ignore_ament_install']
[0.127s] Level 1:colcon.colcon_core.package_identification:_identify(build) by extension 'ignore'
[0.128s] Level 1:colcon.colcon_core.package_identification:_identify(build) ignored
[0.128s] Level 1:colcon.colcon_core.package_identification:_identify(docker) by extensions ['ignore', 'ignore_ament_install']
[0.128s] Level 1:colcon.colcon_core.package_identification:_identify(docker) by extension 'ignore'
[0.128s] Level 1:colcon.colcon_core.package_identification:_identify(docker) by extension 'ignore_ament_install'
[0.128s] Level 1:colcon.colcon_core.package_identification:_identify(docker) by extensions ['colcon_pkg']
[0.128s] Level 1:colcon.colcon_core.package_identification:_identify(docker) by extension 'colcon_pkg'
[0.128s] Level 1:colcon.colcon_core.package_identification:_identify(docker) by extensions ['colcon_meta']
[0.128s] Level 1:colcon.colcon_core.package_identification:_identify(docker) by extension 'colcon_meta'
[0.128s] Level 1:colcon.colcon_core.package_identification:_identify(docker) by extensions ['ros']
[0.128s] Level 1:colcon.colcon_core.package_identification:_identify(docker) by extension 'ros'
[0.128s] Level 1:colcon.colcon_core.package_identification:_identify(docker) by extensions ['cmake', 'python']
[0.128s] Level 1:colcon.colcon_core.package_identification:_identify(docker) by extension 'cmake'
[0.128s] Level 1:colcon.colcon_core.package_identification:_identify(docker) by extension 'python'
[0.128s] Level 1:colcon.colcon_core.package_identification:_identify(docker) by extensions ['python_setup_py']
[0.128s] Level 1:colcon.colcon_core.package_identification:_identify(docker) by extension 'python_setup_py'
[0.128s] Level 1:colcon.colcon_core.package_identification:_identify(install) by extensions ['ignore', 'ignore_ament_install']
[0.128s] Level 1:colcon.colcon_core.package_identification:_identify(install) by extension 'ignore'
[0.128s] Level 1:colcon.colcon_core.package_identification:_identify(install) ignored
[0.128s] Level 1:colcon.colcon_core.package_identification:_identify(log) by extensions ['ignore', 'ignore_ament_install']
[0.128s] Level 1:colcon.colcon_core.package_identification:_identify(log) by extension 'ignore'
[0.128s] Level 1:colcon.colcon_core.package_identification:_identify(log) ignored
[0.128s] Level 1:colcon.colcon_core.package_identification:_identify(scripts) by extensions ['ignore', 'ignore_ament_install']
[0.128s] Level 1:colcon.colcon_core.package_identification:_identify(scripts) by extension 'ignore'
[0.128s] Level 1:colcon.colcon_core.package_identification:_identify(scripts) by extension 'ignore_ament_install'
[0.129s] Level 1:colcon.colcon_core.package_identification:_identify(scripts) by extensions ['colcon_pkg']
[0.129s] Level 1:colcon.colcon_core.package_identification:_identify(scripts) by extension 'colcon_pkg'
[0.129s] Level 1:colcon.colcon_core.package_identification:_identify(scripts) by extensions ['colcon_meta']
[0.129s] Level 1:colcon.colcon_core.package_identification:_identify(scripts) by extension 'colcon_meta'
[0.129s] Level 1:colcon.colcon_core.package_identification:_identify(scripts) by extensions ['ros']
[0.129s] Level 1:colcon.colcon_core.package_identification:_identify(scripts) by extension 'ros'
[0.129s] Level 1:colcon.colcon_core.package_identification:_identify(scripts) by extensions ['cmake', 'python']
[0.129s] Level 1:colcon.colcon_core.package_identification:_identify(scripts) by extension 'cmake'
[0.129s] Level 1:colcon.colcon_core.package_identification:_identify(scripts) by extension 'python'
[0.129s] Level 1:colcon.colcon_core.package_identification:_identify(scripts) by extensions ['python_setup_py']
[0.129s] Level 1:colcon.colcon_core.package_identification:_identify(scripts) by extension 'python_setup_py'
[0.129s] Level 1:colcon.colcon_core.package_identification:_identify(src) by extensions ['ignore', 'ignore_ament_install']
[0.129s] Level 1:colcon.colcon_core.package_identification:_identify(src) by extension 'ignore'
[0.129s] Level 1:colcon.colcon_core.package_identification:_identify(src) by extension 'ignore_ament_install'
[0.129s] Level 1:colcon.colcon_core.package_identification:_identify(src) by extensions ['colcon_pkg']
[0.129s] Level 1:colcon.colcon_core.package_identification:_identify(src) by extension 'colcon_pkg'
[0.129s] Level 1:colcon.colcon_core.package_identification:_identify(src) by extensions ['colcon_meta']
[0.129s] Level 1:colcon.colcon_core.package_identification:_identify(src) by extension 'colcon_meta'
[0.129s] Level 1:colcon.colcon_core.package_identification:_identify(src) by extensions ['ros']
[0.129s] Level 1:colcon.colcon_core.package_identification:_identify(src) by extension 'ros'
[0.129s] Level 1:colcon.colcon_core.package_identification:_identify(src) by extensions ['cmake', 'python']
[0.129s] Level 1:colcon.colcon_core.package_identification:_identify(src) by extension 'cmake'
[0.129s] Level 1:colcon.colcon_core.package_identification:_identify(src) by extension 'python'
[0.129s] Level 1:colcon.colcon_core.package_identification:_identify(src) by extensions ['python_setup_py']
[0.129s] Level 1:colcon.colcon_core.package_identification:_identify(src) by extension 'python_setup_py'
[0.129s] Level 1:colcon.colcon_core.package_identification:_identify(src/interfaces) by extensions ['ignore', 'ignore_ament_install']
[0.129s] Level 1:colcon.colcon_core.package_identification:_identify(src/interfaces) by extension 'ignore'
[0.130s] Level 1:colcon.colcon_core.package_identification:_identify(src/interfaces) by extension 'ignore_ament_install'
[0.130s] Level 1:colcon.colcon_core.package_identification:_identify(src/interfaces) by extensions ['colcon_pkg']
[0.130s] Level 1:colcon.colcon_core.package_identification:_identify(src/interfaces) by extension 'colcon_pkg'
[0.130s] Level 1:colcon.colcon_core.package_identification:_identify(src/interfaces) by extensions ['colcon_meta']
[0.130s] Level 1:colcon.colcon_core.package_identification:_identify(src/interfaces) by extension 'colcon_meta'
[0.130s] Level 1:colcon.colcon_core.package_identification:_identify(src/interfaces) by extensions ['ros']
[0.130s] Level 1:colcon.colcon_core.package_identification:_identify(src/interfaces) by extension 'ros'
[0.132s] DEBUG:colcon.colcon_core.package_identification:Package 'src/interfaces' with type 'ros.ament_cmake' and name 'interfaces'
[0.132s] Level 1:colcon.colcon_core.package_identification:_identify(src/jetbot) by extensions ['ignore', 'ignore_ament_install']
[0.132s] Level 1:colcon.colcon_core.package_identification:_identify(src/jetbot) by extension 'ignore'
[0.132s] Level 1:colcon.colcon_core.package_identification:_identify(src/jetbot) by extension 'ignore_ament_install'
[0.132s] Level 1:colcon.colcon_core.package_identification:_identify(src/jetbot) by extensions ['colcon_pkg']
[0.132s] Level 1:colcon.colcon_core.package_identification:_identify(src/jetbot) by extension 'colcon_pkg'
[0.132s] Level 1:colcon.colcon_core.package_identification:_identify(src/jetbot) by extensions ['colcon_meta']
[0.132s] Level 1:colcon.colcon_core.package_identification:_identify(src/jetbot) by extension 'colcon_meta'
[0.132s] Level 1:colcon.colcon_core.package_identification:_identify(src/jetbot) by extensions ['ros']
[0.132s] Level 1:colcon.colcon_core.package_identification:_identify(src/jetbot) by extension 'ros'
[0.133s] DEBUG:colcon.colcon_core.package_identification:Package 'src/jetbot' with type 'ros.ament_python' and name 'jetbot'
[0.133s] Level 1:colcon.colcon_core.package_discovery:discover_packages(recursive) using defaults
[0.133s] Level 1:colcon.colcon_core.package_discovery:discover_packages(ignore) discover
[0.133s] Level 1:colcon.colcon_core.package_discovery:discover_packages(ignore) using defaults
[0.133s] Level 1:colcon.colcon_core.package_discovery:discover_packages(path) discover
[0.133s] Level 1:colcon.colcon_core.package_discovery:discover_packages(path) using defaults
[0.145s] Level 1:colcon.colcon_core.package_discovery:discover_packages(prefix_path) check parameters
[0.145s] Level 1:colcon.colcon_core.package_discovery:discover_packages(prefix_path) discover
[0.147s] DEBUG:colcon.colcon_installed_package_information.package_discovery:Found 259 installed packages in /opt/ros/foxy
[0.148s] Level 1:colcon.colcon_core.package_discovery:discover_packages(prefix_path) using defaults
[0.205s] Level 5:colcon.colcon_core.verb:set package 'interfaces' build argument 'cmake_args' from command line to 'None'
[0.205s] Level 5:colcon.colcon_core.verb:set package 'interfaces' build argument 'cmake_target' from command line to 'None'
[0.205s] Level 5:colcon.colcon_core.verb:set package 'interfaces' build argument 'cmake_target_skip_unavailable' from command line to 'False'
[0.205s] Level 5:colcon.colcon_core.verb:set package 'interfaces' build argument 'cmake_clean_cache' from command line to 'False'
[0.205s] Level 5:colcon.colcon_core.verb:set package 'interfaces' build argument 'cmake_clean_first' from command line to 'False'
[0.205s] Level 5:colcon.colcon_core.verb:set package 'interfaces' build argument 'cmake_force_configure' from command line to 'False'
[0.205s] Level 5:colcon.colcon_core.verb:set package 'interfaces' build argument 'ament_cmake_args' from command line to 'None'
[0.205s] Level 5:colcon.colcon_core.verb:set package 'interfaces' build argument 'catkin_cmake_args' from command line to 'None'
[0.205s] Level 5:colcon.colcon_core.verb:set package 'interfaces' build argument 'catkin_skip_building_tests' from command line to 'False'
[0.205s] DEBUG:colcon.colcon_core.verb:Building package 'interfaces' with the following arguments: {'ament_cmake_args': None, 'build_base': '/home/sycamore/SycaBot_ros/build/interfaces', 'catkin_cmake_args': None, 'catkin_skip_building_tests': False, 'cmake_args': None, 'cmake_clean_cache': False, 'cmake_clean_first': False, 'cmake_force_configure': False, 'cmake_target': None, 'cmake_target_skip_unavailable': False, 'install_base': '/home/sycamore/SycaBot_ros/install/interfaces', 'merge_install': False, 'path': '/home/sycamore/SycaBot_ros/src/interfaces', 'symlink_install': True, 'test_result_base': None}
[0.205s] Level 5:colcon.colcon_core.verb:set package 'jetbot' build argument 'cmake_args' from command line to 'None'
[0.205s] Level 5:colcon.colcon_core.verb:set package 'jetbot' build argument 'cmake_target' from command line to 'None'
[0.205s] Level 5:colcon.colcon_core.verb:set package 'jetbot' build argument 'cmake_target_skip_unavailable' from command line to 'False'
[0.205s] Level 5:colcon.colcon_core.verb:set package 'jetbot' build argument 'cmake_clean_cache' from command line to 'False'
[0.205s] Level 5:colcon.colcon_core.verb:set package 'jetbot' build argument 'cmake_clean_first' from command line to 'False'
[0.205s] Level 5:colcon.colcon_core.verb:set package 'jetbot' build argument 'cmake_force_configure' from command line to 'False'
[0.205s] Level 5:colcon.colcon_core.verb:set package 'jetbot' build argument 'ament_cmake_args' from command line to 'None'
[0.205s] Level 5:colcon.colcon_core.verb:set package 'jetbot' build argument 'catkin_cmake_args' from command line to 'None'
[0.205s] Level 5:colcon.colcon_core.verb:set package 'jetbot' build argument 'catkin_skip_building_tests' from command line to 'False'
[0.205s] DEBUG:colcon.colcon_core.verb:Building package 'jetbot' with the following arguments: {'ament_cmake_args': None, 'build_base': '/home/sycamore/SycaBot_ros/build/jetbot', 'catkin_cmake_args': None, 'catkin_skip_building_tests': False, 'cmake_args': None, 'cmake_clean_cache': False, 'cmake_clean_first': False, 'cmake_force_configure': False, 'cmake_target': None, 'cmake_target_skip_unavailable': False, 'install_base': '/home/sycamore/SycaBot_ros/install/jetbot', 'merge_install': False, 'path': '/home/sycamore/SycaBot_ros/src/jetbot', 'symlink_install': True, 'test_result_base': None}
[0.206s] INFO:colcon.colcon_core.executor:Executing jobs using 'parallel' executor
[0.207s] DEBUG:colcon.colcon_parallel_executor.executor.parallel:run_until_complete
[0.207s] INFO:colcon.colcon_ros.task.ament_cmake.build:Building ROS package in '/home/sycamore/SycaBot_ros/src/interfaces' with build type 'ament_cmake'
[0.207s] INFO:colcon.colcon_cmake.task.cmake.build:Building CMake package in '/home/sycamore/SycaBot_ros/src/interfaces'
[0.210s] INFO:colcon.colcon_core.plugin_system:Skipping extension 'colcon_core.shell.bat': Not used on non-Windows systems
[0.210s] INFO:colcon.colcon_core.shell:Skip shell extension 'powershell' for command environment: Not usable outside of PowerShell
[0.210s] DEBUG:colcon.colcon_core.shell:Skip shell extension 'dsv' for command environment
[0.213s] INFO:colcon.colcon_ros.task.ament_python.build:Building ROS package in '/home/sycamore/SycaBot_ros/src/jetbot' with build type 'ament_python'
[0.213s] Level 1:colcon.colcon_core.shell:create_environment_hook('jetbot', 'ament_prefix_path')
[0.214s] INFO:colcon.colcon_core.shell:Creating environment hook '/home/sycamore/SycaBot_ros/install/jetbot/share/jetbot/hook/ament_prefix_path.ps1'
[0.215s] INFO:colcon.colcon_core.shell:Creating environment descriptor '/home/sycamore/SycaBot_ros/install/jetbot/share/jetbot/hook/ament_prefix_path.dsv'
[0.215s] INFO:colcon.colcon_core.shell:Creating environment hook '/home/sycamore/SycaBot_ros/install/jetbot/share/jetbot/hook/ament_prefix_path.sh'
[0.216s] INFO:colcon.colcon_core.shell:Skip shell extension 'powershell' for command environment: Not usable outside of PowerShell
[0.216s] DEBUG:colcon.colcon_core.shell:Skip shell extension 'dsv' for command environment
[0.220s] DEBUG:colcon.colcon_core.event_handler.log_command:Invoking command in '/home/sycamore/SycaBot_ros/build/interfaces': CMAKE_PREFIX_PATH=/opt/ros/foxy /usr/bin/cmake /home/sycamore/SycaBot_ros/src/interfaces -DAMENT_CMAKE_SYMLINK_INSTALL=1 -DCMAKE_INSTALL_PREFIX=/home/sycamore/SycaBot_ros/install/interfaces
[0.366s] INFO:colcon.colcon_core.task.python.build:Building Python package in '/home/sycamore/SycaBot_ros/src/jetbot'
[0.367s] INFO:colcon.colcon_core.shell:Skip shell extension 'powershell' for command environment: Not usable outside of PowerShell
[0.367s] DEBUG:colcon.colcon_core.shell:Skip shell extension 'dsv' for command environment
[0.658s] DEBUG:colcon.colcon_core.event_handler.log_command:Invoking command in '/home/sycamore/SycaBot_ros/build/jetbot': PYTHONPATH=/home/sycamore/SycaBot_ros/install/jetbot/lib/python3.8/site-packages:${PYTHONPATH} /usr/bin/python3 setup.py develop --prefix /home/sycamore/SycaBot_ros/install/jetbot --editable --build-directory /home/sycamore/SycaBot_ros/build/jetbot/build --no-deps install_data --install-dir /home/sycamore/SycaBot_ros/install/jetbot
[0.964s] Level 1:colcon.colcon_core.shell:create_environment_hook('jetbot', 'pythonpath_develop')
[0.964s] INFO:colcon.colcon_core.shell:Creating environment hook '/home/sycamore/SycaBot_ros/build/jetbot/share/jetbot/hook/pythonpath_develop.ps1'
[0.964s] DEBUG:colcon.colcon_core.event_handler.log_command:Invoked command in '/home/sycamore/SycaBot_ros/build/jetbot' returned '0': PYTHONPATH=/home/sycamore/SycaBot_ros/install/jetbot/lib/python3.8/site-packages:${PYTHONPATH} /usr/bin/python3 setup.py develop --prefix /home/sycamore/SycaBot_ros/install/jetbot --editable --build-directory /home/sycamore/SycaBot_ros/build/jetbot/build --no-deps install_data --install-dir /home/sycamore/SycaBot_ros/install/jetbot
[0.965s] INFO:colcon.colcon_core.shell:Creating environment descriptor '/home/sycamore/SycaBot_ros/build/jetbot/share/jetbot/hook/pythonpath_develop.dsv'
[0.965s] INFO:colcon.colcon_core.shell:Creating environment hook '/home/sycamore/SycaBot_ros/build/jetbot/share/jetbot/hook/pythonpath_develop.sh'
[0.969s] Level 1:colcon.colcon_core.environment:checking '/home/sycamore/SycaBot_ros/install/jetbot' for CMake module files
[0.969s] Level 1:colcon.colcon_core.environment:checking '/home/sycamore/SycaBot_ros/install/jetbot' for CMake config files
[0.969s] Level 1:colcon.colcon_core.environment:checking '/home/sycamore/SycaBot_ros/install/jetbot/lib'
[0.969s] Level 1:colcon.colcon_core.environment:checking '/home/sycamore/SycaBot_ros/install/jetbot/bin'
[0.969s] Level 1:colcon.colcon_core.environment:checking '/home/sycamore/SycaBot_ros/install/jetbot/lib/pkgconfig/jetbot.pc'
[0.970s] Level 1:colcon.colcon_core.environment:checking '/home/sycamore/SycaBot_ros/install/jetbot/lib/python3.8/site-packages'
[0.970s] Level 1:colcon.colcon_core.shell:create_environment_hook('jetbot', 'pythonpath')
[0.970s] INFO:colcon.colcon_core.shell:Creating environment hook '/home/sycamore/SycaBot_ros/install/jetbot/share/jetbot/hook/pythonpath.ps1'
[0.970s] INFO:colcon.colcon_core.shell:Creating environment descriptor '/home/sycamore/SycaBot_ros/install/jetbot/share/jetbot/hook/pythonpath.dsv'
[0.970s] INFO:colcon.colcon_core.shell:Creating environment hook '/home/sycamore/SycaBot_ros/install/jetbot/share/jetbot/hook/pythonpath.sh'
[0.971s] Level 1:colcon.colcon_core.environment:checking '/home/sycamore/SycaBot_ros/install/jetbot/bin'
[0.971s] Level 1:colcon.colcon_core.environment:create_environment_scripts_only(jetbot)
[0.971s] INFO:colcon.colcon_core.shell:Creating package script '/home/sycamore/SycaBot_ros/install/jetbot/share/jetbot/package.ps1'
[0.972s] INFO:colcon.colcon_core.shell:Creating package descriptor '/home/sycamore/SycaBot_ros/install/jetbot/share/jetbot/package.dsv'
[0.972s] INFO:colcon.colcon_core.shell:Creating package script '/home/sycamore/SycaBot_ros/install/jetbot/share/jetbot/package.sh'
[0.973s] INFO:colcon.colcon_core.shell:Creating package script '/home/sycamore/SycaBot_ros/install/jetbot/share/jetbot/package.bash'
[0.973s] INFO:colcon.colcon_core.shell:Creating package script '/home/sycamore/SycaBot_ros/install/jetbot/share/jetbot/package.zsh'
[0.974s] Level 1:colcon.colcon_core.environment:create_file_with_runtime_dependencies(/home/sycamore/SycaBot_ros/install/jetbot/share/colcon-core/packages/jetbot)
[1.522s] DEBUG:colcon.colcon_core.event_handler.log_command:Invoked command in '/home/sycamore/SycaBot_ros/build/interfaces' returned '0': CMAKE_PREFIX_PATH=/opt/ros/foxy /usr/bin/cmake /home/sycamore/SycaBot_ros/src/interfaces -DAMENT_CMAKE_SYMLINK_INSTALL=1 -DCMAKE_INSTALL_PREFIX=/home/sycamore/SycaBot_ros/install/interfaces
[1.523s] DEBUG:colcon.colcon_core.event_handler.log_command:Invoking command in '/home/sycamore/SycaBot_ros/build/interfaces': CMAKE_PREFIX_PATH=/opt/ros/foxy /usr/bin/cmake --build /home/sycamore/SycaBot_ros/build/interfaces -- -j20 -l20
[3.189s] DEBUG:colcon.colcon_core.event_handler.log_command:Invoked command in '/home/sycamore/SycaBot_ros/build/interfaces' returned '0': CMAKE_PREFIX_PATH=/opt/ros/foxy /usr/bin/cmake --build /home/sycamore/SycaBot_ros/build/interfaces -- -j20 -l20
[3.220s] DEBUG:colcon.colcon_core.event_handler.log_command:Invoking command in '/home/sycamore/SycaBot_ros/build/interfaces': CMAKE_PREFIX_PATH=/opt/ros/foxy /usr/bin/cmake --install /home/sycamore/SycaBot_ros/build/interfaces
[3.531s] Level 1:colcon.colcon_core.environment:create_environment_scripts_only(interfaces)
[3.532s] DEBUG:colcon.colcon_core.event_handler.log_command:Invoked command in '/home/sycamore/SycaBot_ros/build/interfaces' returned '0': CMAKE_PREFIX_PATH=/opt/ros/foxy /usr/bin/cmake --install /home/sycamore/SycaBot_ros/build/interfaces
[3.532s] Level 1:colcon.colcon_core.environment:checking '/home/sycamore/SycaBot_ros/install/interfaces' for CMake module files
[3.533s] Level 1:colcon.colcon_core.environment:checking '/home/sycamore/SycaBot_ros/install/interfaces' for CMake config files
[3.533s] Level 1:colcon.colcon_core.shell:create_environment_hook('interfaces', 'cmake_prefix_path')
[3.533s] INFO:colcon.colcon_core.shell:Creating environment hook '/home/sycamore/SycaBot_ros/install/interfaces/share/interfaces/hook/cmake_prefix_path.ps1'
[3.534s] INFO:colcon.colcon_core.shell:Creating environment descriptor '/home/sycamore/SycaBot_ros/install/interfaces/share/interfaces/hook/cmake_prefix_path.dsv'
[3.534s] INFO:colcon.colcon_core.shell:Creating environment hook '/home/sycamore/SycaBot_ros/install/interfaces/share/interfaces/hook/cmake_prefix_path.sh'
[3.534s] Level 1:colcon.colcon_core.environment:checking '/home/sycamore/SycaBot_ros/install/interfaces/lib'
[3.534s] Level 1:colcon.colcon_core.shell:create_environment_hook('interfaces', 'ld_library_path_lib')
[3.535s] INFO:colcon.colcon_core.shell:Creating environment hook '/home/sycamore/SycaBot_ros/install/interfaces/share/interfaces/hook/ld_library_path_lib.ps1'
[3.535s] INFO:colcon.colcon_core.shell:Creating environment descriptor '/home/sycamore/SycaBot_ros/install/interfaces/share/interfaces/hook/ld_library_path_lib.dsv'
[3.535s] INFO:colcon.colcon_core.shell:Creating environment hook '/home/sycamore/SycaBot_ros/install/interfaces/share/interfaces/hook/ld_library_path_lib.sh'
[3.535s] Level 1:colcon.colcon_core.environment:checking '/home/sycamore/SycaBot_ros/install/interfaces/bin'
[3.535s] Level 1:colcon.colcon_core.environment:checking '/home/sycamore/SycaBot_ros/install/interfaces/lib/pkgconfig/interfaces.pc'
[3.535s] Level 1:colcon.colcon_core.environment:checking '/home/sycamore/SycaBot_ros/install/interfaces/lib/python3.8/site-packages'
[3.535s] Level 1:colcon.colcon_core.shell:create_environment_hook('interfaces', 'pythonpath')
[3.536s] INFO:colcon.colcon_core.shell:Creating environment hook '/home/sycamore/SycaBot_ros/install/interfaces/share/interfaces/hook/pythonpath.ps1'
[3.536s] INFO:colcon.colcon_core.shell:Creating environment descriptor '/home/sycamore/SycaBot_ros/install/interfaces/share/interfaces/hook/pythonpath.dsv'
[3.536s] INFO:colcon.colcon_core.shell:Creating environment hook '/home/sycamore/SycaBot_ros/install/interfaces/share/interfaces/hook/pythonpath.sh'
[3.536s] Level 1:colcon.colcon_core.environment:checking '/home/sycamore/SycaBot_ros/install/interfaces/bin'
[3.537s] INFO:colcon.colcon_core.shell:Creating package script '/home/sycamore/SycaBot_ros/install/interfaces/share/interfaces/package.ps1'
[3.537s] INFO:colcon.colcon_core.shell:Creating package descriptor '/home/sycamore/SycaBot_ros/install/interfaces/share/interfaces/package.dsv'
[3.537s] INFO:colcon.colcon_core.shell:Creating package script '/home/sycamore/SycaBot_ros/install/interfaces/share/interfaces/package.sh'
[3.538s] INFO:colcon.colcon_core.shell:Creating package script '/home/sycamore/SycaBot_ros/install/interfaces/share/interfaces/package.bash'
[3.538s] INFO:colcon.colcon_core.shell:Creating package script '/home/sycamore/SycaBot_ros/install/interfaces/share/interfaces/package.zsh'
[3.538s] Level 1:colcon.colcon_core.environment:create_file_with_runtime_dependencies(/home/sycamore/SycaBot_ros/install/interfaces/share/colcon-core/packages/interfaces)
[3.564s] Level 1:colcon.colcon_core.environment:create_environment_scripts_only(interfaces)
[3.564s] Level 1:colcon.colcon_core.environment:checking '/home/sycamore/SycaBot_ros/install/interfaces' for CMake module files
[3.565s] Level 1:colcon.colcon_core.environment:checking '/home/sycamore/SycaBot_ros/install/interfaces' for CMake config files
[3.565s] Level 1:colcon.colcon_core.shell:create_environment_hook('interfaces', 'cmake_prefix_path')
[3.565s] INFO:colcon.colcon_core.shell:Creating environment hook '/home/sycamore/SycaBot_ros/install/interfaces/share/interfaces/hook/cmake_prefix_path.ps1'
[3.566s] INFO:colcon.colcon_core.shell:Creating environment descriptor '/home/sycamore/SycaBot_ros/install/interfaces/share/interfaces/hook/cmake_prefix_path.dsv'
[3.566s] INFO:colcon.colcon_core.shell:Creating environment hook '/home/sycamore/SycaBot_ros/install/interfaces/share/interfaces/hook/cmake_prefix_path.sh'
[3.566s] Level 1:colcon.colcon_core.environment:checking '/home/sycamore/SycaBot_ros/install/interfaces/lib'
[3.566s] Level 1:colcon.colcon_core.shell:create_environment_hook('interfaces', 'ld_library_path_lib')
[3.566s] INFO:colcon.colcon_core.shell:Creating environment hook '/home/sycamore/SycaBot_ros/install/interfaces/share/interfaces/hook/ld_library_path_lib.ps1'
[3.567s] INFO:colcon.colcon_core.shell:Creating environment descriptor '/home/sycamore/SycaBot_ros/install/interfaces/share/interfaces/hook/ld_library_path_lib.dsv'
[3.567s] INFO:colcon.colcon_core.shell:Creating environment hook '/home/sycamore/SycaBot_ros/install/interfaces/share/interfaces/hook/ld_library_path_lib.sh'
[3.567s] Level 1:colcon.colcon_core.environment:checking '/home/sycamore/SycaBot_ros/install/interfaces/bin'
[3.567s] Level 1:colcon.colcon_core.environment:checking '/home/sycamore/SycaBot_ros/install/interfaces/lib/pkgconfig/interfaces.pc'
[3.567s] Level 1:colcon.colcon_core.environment:checking '/home/sycamore/SycaBot_ros/install/interfaces/lib/python3.8/site-packages'
[3.567s] Level 1:colcon.colcon_core.shell:create_environment_hook('interfaces', 'pythonpath')
[3.568s] INFO:colcon.colcon_core.shell:Creating environment hook '/home/sycamore/SycaBot_ros/install/interfaces/share/interfaces/hook/pythonpath.ps1'
[3.568s] INFO:colcon.colcon_core.shell:Creating environment descriptor '/home/sycamore/SycaBot_ros/install/interfaces/share/interfaces/hook/pythonpath.dsv'
[3.568s] INFO:colcon.colcon_core.shell:Creating environment hook '/home/sycamore/SycaBot_ros/install/interfaces/share/interfaces/hook/pythonpath.sh'
[3.568s] Level 1:colcon.colcon_core.environment:checking '/home/sycamore/SycaBot_ros/install/interfaces/bin'
[3.569s] INFO:colcon.colcon_core.shell:Creating package script '/home/sycamore/SycaBot_ros/install/interfaces/share/interfaces/package.ps1'
[3.569s] INFO:colcon.colcon_core.shell:Creating package descriptor '/home/sycamore/SycaBot_ros/install/interfaces/share/interfaces/package.dsv'
[3.569s] INFO:colcon.colcon_core.shell:Creating package script '/home/sycamore/SycaBot_ros/install/interfaces/share/interfaces/package.sh'
[3.570s] INFO:colcon.colcon_core.shell:Creating package script '/home/sycamore/SycaBot_ros/install/interfaces/share/interfaces/package.bash'
[3.570s] INFO:colcon.colcon_core.shell:Creating package script '/home/sycamore/SycaBot_ros/install/interfaces/share/interfaces/package.zsh'
[3.570s] Level 1:colcon.colcon_core.environment:create_file_with_runtime_dependencies(/home/sycamore/SycaBot_ros/install/interfaces/share/colcon-core/packages/interfaces)
[3.570s] DEBUG:colcon.colcon_parallel_executor.executor.parallel:closing loop
[3.570s] DEBUG:colcon.colcon_parallel_executor.executor.parallel:loop closed
[3.571s] DEBUG:colcon.colcon_parallel_executor.executor.parallel:run_until_complete finished with '0'
[3.571s] DEBUG:colcon.colcon_core.event_reactor:joining thread
[3.575s] INFO:colcon.colcon_core.plugin_system:Skipping extension 'colcon_notification.desktop_notification.terminal_notifier': Not used on non-Darwin systems
[3.575s] INFO:colcon.colcon_core.plugin_system:Skipping extension 'colcon_notification.desktop_notification.win32': Not used on non-Windows systems
[3.575s] INFO:colcon.colcon_notification.desktop_notification:Sending desktop notification using 'notify2'
[3.585s] DEBUG:colcon.colcon_core.event_reactor:joined thread
[3.586s] INFO:colcon.colcon_core.shell:Creating prefix script '/home/sycamore/SycaBot_ros/install/local_setup.ps1'
[3.586s] INFO:colcon.colcon_core.shell:Creating prefix util module '/home/sycamore/SycaBot_ros/install/_local_setup_util_ps1.py'
[3.587s] INFO:colcon.colcon_core.shell:Creating prefix chain script '/home/sycamore/SycaBot_ros/install/setup.ps1'
[3.588s] INFO:colcon.colcon_core.shell:Creating prefix script '/home/sycamore/SycaBot_ros/install/local_setup.sh'
[3.588s] INFO:colcon.colcon_core.shell:Creating prefix util module '/home/sycamore/SycaBot_ros/install/_local_setup_util_sh.py'
[3.588s] INFO:colcon.colcon_core.shell:Creating prefix chain script '/home/sycamore/SycaBot_ros/install/setup.sh'
[3.589s] INFO:colcon.colcon_core.shell:Creating prefix script '/home/sycamore/SycaBot_ros/install/local_setup.bash'
[3.590s] INFO:colcon.colcon_core.shell:Creating prefix chain script '/home/sycamore/SycaBot_ros/install/setup.bash'
[3.590s] INFO:colcon.colcon_core.shell:Creating prefix script '/home/sycamore/SycaBot_ros/install/local_setup.zsh'
[3.591s] INFO:colcon.colcon_core.shell:Creating prefix chain script '/home/sycamore/SycaBot_ros/install/setup.zsh'
