[0.018s] Invoking command in '/home/sycamore/SycaBot_ros/build/interfaces': /usr/bin/cmake /home/sycamore/SycaBot_ros/src/interfaces -DAMENT_CMAKE_SYMLINK_INSTALL=1 -DCMAKE_INSTALL_PREFIX=/home/sycamore/SycaBot_ros/install/interfaces
[0.185s] -- The C compiler identification is GNU 9.4.0
[0.185s] -- The CXX compiler identification is GNU 9.4.0
[0.186s] -- Check for working C compiler: /usr/bin/cc
[0.186s] -- Check for working C compiler: /usr/bin/cc -- works
[0.186s] -- Detecting C compiler ABI info
[0.186s] -- Detecting C compiler ABI info - done
[0.186s] -- Detecting C compile features
[0.186s] -- Detecting C compile features - done
[0.186s] -- Check for working CXX compiler: /usr/bin/c++
[0.223s] -- Check for working CXX compiler: /usr/bin/c++ -- works
[0.224s] -- Detecting CXX compiler ABI info
[0.272s] -- Detecting CXX compiler ABI info - done
[0.280s] -- Detecting CXX compile features
[0.280s] -- Detecting CXX compile features - done
[0.281s] -- Found ament_cmake: 1.1.4 (/home/sycamore/ros2_galactic/ros2-linux/share/ament_cmake/cmake)
[0.296s] -- Found PythonInterp: /usr/bin/python3 (found suitable version "3.8.10", minimum required is "3") 
[0.296s] -- Using PYTHON_EXECUTABLE: /usr/bin/python3
[0.331s] -- Override CMake install command with custom implementation using symlinks instead of copying resources
[0.344s] -- Found rosidl_default_generators: 1.1.1 (/home/sycamore/ros2_galactic/ros2-linux/share/rosidl_default_generators/cmake)
[0.345s] -- Using all available rosidl_typesupport_c: rosidl_typesupport_fastrtps_c;rosidl_typesupport_introspection_c
[0.349s] -- Found rosidl_adapter: 2.2.1 (/home/sycamore/ros2_galactic/ros2-linux/share/rosidl_adapter/cmake)
[0.402s] -- Found OpenSSL: /usr/lib/x86_64-linux-gnu/libcrypto.so (found version "1.1.1f")  
[0.420s] -- Found FastRTPS: /home/sycamore/ros2_galactic/ros2-linux/include  
[0.479s] -- Using all available rosidl_typesupport_cpp: rosidl_typesupport_fastrtps_cpp;rosidl_typesupport_introspection_cpp
[0.497s] -- Found geometry_msgs: 2.2.3 (/home/sycamore/ros2_galactic/ros2-linux/share/geometry_msgs/cmake)
[0.563s] -- Found PythonInterp: /usr/bin/python3 (found version "3.8.10") 
[0.675s] -- Found ament_cmake_ros: 0.9.2 (/home/sycamore/ros2_galactic/ros2-linux/share/ament_cmake_ros/cmake)
[0.844s] -- Using all available rosidl_typesupport_c: rosidl_typesupport_fastrtps_c;rosidl_typesupport_introspection_c
[0.925s] -- Using all available rosidl_typesupport_cpp: rosidl_typesupport_fastrtps_cpp;rosidl_typesupport_introspection_cpp
[0.942s] -- Found PythonInterp: /usr/bin/python3 (found suitable version "3.8.10", minimum required is "3.5") 
[0.942s] -- Found python_cmake_module: 0.8.1 (/home/sycamore/ros2_galactic/ros2-linux/share/python_cmake_module/cmake)
[0.959s] -- Found PythonLibs: /usr/lib/x86_64-linux-gnu/libpython3.8.so (found suitable version "3.8.10", minimum required is "3.5") 
[0.960s] -- Using PYTHON_EXECUTABLE: /usr/bin/python3
[0.960s] -- Using PYTHON_INCLUDE_DIRS: /usr/include/python3.8
[0.960s] -- Using PYTHON_LIBRARIES: /usr/lib/x86_64-linux-gnu/libpython3.8.so
[0.973s] -- Found PythonExtra: .so  
[1.028s] -- Found ament_lint_auto: 0.10.6 (/home/sycamore/ros2_galactic/ros2-linux/share/ament_lint_auto/cmake)
[1.041s] -- Added test 'copyright' to check source files copyright and LICENSE
[1.042s] -- Added test 'lint_cmake' to check CMake code style
[1.043s] -- Added test 'xmllint' to check XML markup files
[1.047s] -- Configuring done
[1.078s] -- Generating done
[1.080s] -- Build files have been written to: /home/sycamore/SycaBot_ros/build/interfaces
[1.087s] Invoked command in '/home/sycamore/SycaBot_ros/build/interfaces' returned '0': /usr/bin/cmake /home/sycamore/SycaBot_ros/src/interfaces -DAMENT_CMAKE_SYMLINK_INSTALL=1 -DCMAKE_INSTALL_PREFIX=/home/sycamore/SycaBot_ros/install/interfaces
[1.089s] Invoking command in '/home/sycamore/SycaBot_ros/build/interfaces': /usr/bin/cmake --build /home/sycamore/SycaBot_ros/build/interfaces -- -j20 -l20
[1.113s] [  3%] [34m[1mGenerating C code for ROS interfaces[0m
[1.113s] [35m[1mScanning dependencies of target interfaces__cpp[0m
[1.120s] [  6%] [34m[1mGenerating C++ code for ROS interfaces[0m
[1.271s] [  6%] Built target interfaces__cpp
[1.275s] [35m[1mScanning dependencies of target interfaces__rosidl_generator_c[0m
[1.278s] [ 16%] [34m[1mGenerating C++ introspection for ROS interfaces[0m
[1.278s] [ 16%] [34m[1mGenerating C++ type support dispatch for ROS interfaces[0m
[1.278s] [ 16%] [34m[1mGenerating C++ type support for eProsima Fast-RTPS[0m
[1.282s] [ 19%] [32mBuilding C object CMakeFiles/interfaces__rosidl_generator_c.dir/rosidl_generator_c/interfaces/srv/detail/task__functions.c.o[0m
[1.310s] [ 22%] [32m[1mLinking C shared library libinterfaces__rosidl_generator_c.so[0m
[1.335s] [ 22%] Built target interfaces__rosidl_generator_c
[1.341s] [ 29%] [34m[1mGenerating C type support dispatch for ROS interfaces[0m
[1.342s] [ 29%] [34m[1mGenerating C introspection for ROS interfaces[0m
[1.407s] [35m[1mScanning dependencies of target interfaces__rosidl_typesupport_cpp[0m
[1.415s] [ 32%] [32mBuilding CXX object CMakeFiles/interfaces__rosidl_typesupport_cpp.dir/rosidl_typesupport_cpp/interfaces/srv/task__type_support.cpp.o[0m
[1.419s] [35m[1mScanning dependencies of target interfaces__rosidl_typesupport_introspection_cpp[0m
[1.428s] [ 35%] [32mBuilding CXX object CMakeFiles/interfaces__rosidl_typesupport_introspection_cpp.dir/rosidl_typesupport_introspection_cpp/interfaces/srv/detail/task__type_support.cpp.o[0m
[1.436s] [35m[1mScanning dependencies of target interfaces__rosidl_typesupport_fastrtps_cpp[0m
[1.447s] [ 38%] [32mBuilding CXX object CMakeFiles/interfaces__rosidl_typesupport_fastrtps_cpp.dir/rosidl_typesupport_fastrtps_cpp/interfaces/srv/detail/dds_fastrtps/task__type_support.cpp.o[0m
[1.469s] [35m[1mScanning dependencies of target interfaces__rosidl_typesupport_c[0m
[1.477s] [ 41%] [32mBuilding CXX object CMakeFiles/interfaces__rosidl_typesupport_c.dir/rosidl_typesupport_c/interfaces/srv/task__type_support.cpp.o[0m
[1.489s] [35m[1mScanning dependencies of target interfaces__rosidl_typesupport_introspection_c[0m
[1.498s] [ 48%] [32m[1mLinking CXX shared library libinterfaces__rosidl_typesupport_c.so[0m
[1.498s] [ 48%] [32mBuilding C object CMakeFiles/interfaces__rosidl_typesupport_introspection_c.dir/rosidl_typesupport_introspection_c/interfaces/srv/detail/task__type_support.c.o[0m
[1.521s] [ 51%] [32m[1mLinking C shared library libinterfaces__rosidl_typesupport_introspection_c.so[0m
[1.524s] [ 51%] Built target interfaces__rosidl_typesupport_c
[1.541s] [ 51%] Built target interfaces__rosidl_typesupport_introspection_c
[1.605s] [ 54%] [32m[1mLinking CXX shared library libinterfaces__rosidl_typesupport_cpp.so[0m
[1.622s] [ 58%] [32m[1mLinking CXX shared library libinterfaces__rosidl_typesupport_introspection_cpp.so[0m
[1.631s] [ 58%] Built target interfaces__rosidl_typesupport_cpp
[1.660s] [ 58%] Built target interfaces__rosidl_typesupport_introspection_cpp
[1.726s] [ 61%] [32m[1mLinking CXX shared library libinterfaces__rosidl_typesupport_fastrtps_cpp.so[0m
[1.781s] [ 61%] Built target interfaces__rosidl_typesupport_fastrtps_cpp
[1.788s] [ 64%] [34m[1mGenerating C type support for eProsima Fast-RTPS[0m
[1.934s] [35m[1mScanning dependencies of target interfaces__rosidl_typesupport_fastrtps_c[0m
[1.945s] [ 67%] [32mBuilding CXX object CMakeFiles/interfaces__rosidl_typesupport_fastrtps_c.dir/rosidl_typesupport_fastrtps_c/interfaces/srv/detail/task__type_support_c.cpp.o[0m
[2.180s] [ 70%] [32m[1mLinking CXX shared library libinterfaces__rosidl_typesupport_fastrtps_c.so[0m
[2.232s] [ 70%] Built target interfaces__rosidl_typesupport_fastrtps_c
[2.238s] [35m[1mScanning dependencies of target interfaces[0m
[2.243s] [ 70%] Built target interfaces
[2.249s] [35m[1mScanning dependencies of target interfaces__py[0m
[2.255s] [ 74%] [34m[1mGenerating Python code for ROS interfaces[0m
[2.525s] [ 74%] Built target interfaces__py
[2.531s] [35m[1mScanning dependencies of target interfaces__python[0m
[2.543s] [ 77%] [32mBuilding C object CMakeFiles/interfaces__python.dir/rosidl_generator_py/interfaces/srv/_task_s.c.o[0m
[2.599s] [ 80%] [32m[1mLinking C shared library rosidl_generator_py/interfaces/libinterfaces__python.so[0m
[2.627s] [ 80%] Built target interfaces__python
[2.633s] [35m[1mScanning dependencies of target interfaces__rosidl_typesupport_c__pyext[0m
[2.633s] [35m[1mScanning dependencies of target interfaces__rosidl_typesupport_introspection_c__pyext[0m
[2.633s] [35m[1mScanning dependencies of target interfaces__rosidl_typesupport_fastrtps_c__pyext[0m
[2.644s] [ 87%] [32mBuilding C object CMakeFiles/interfaces__rosidl_typesupport_introspection_c__pyext.dir/rosidl_generator_py/interfaces/_interfaces_s.ep.rosidl_typesupport_introspection_c.c.o[0m
[2.644s] [ 87%] [32mBuilding C object CMakeFiles/interfaces__rosidl_typesupport_c__pyext.dir/rosidl_generator_py/interfaces/_interfaces_s.ep.rosidl_typesupport_c.c.o[0m
[2.644s] [ 90%] [32mBuilding C object CMakeFiles/interfaces__rosidl_typesupport_fastrtps_c__pyext.dir/rosidl_generator_py/interfaces/_interfaces_s.ep.rosidl_typesupport_fastrtps_c.c.o[0m
[2.695s] [100%] [32m[1mLinking CXX shared library rosidl_generator_py/interfaces/interfaces_s__rosidl_typesupport_fastrtps_c.cpython-38-x86_64-linux-gnu.so[0m
[2.695s] [100%] [32m[1mLinking C shared library rosidl_generator_py/interfaces/interfaces_s__rosidl_typesupport_c.cpython-38-x86_64-linux-gnu.so[0m
[2.695s] [100%] [32m[1mLinking C shared library rosidl_generator_py/interfaces/interfaces_s__rosidl_typesupport_introspection_c.cpython-38-x86_64-linux-gnu.so[0m
[2.719s] [100%] Built target interfaces__rosidl_typesupport_introspection_c__pyext
[2.719s] [100%] Built target interfaces__rosidl_typesupport_c__pyext
[2.738s] [100%] Built target interfaces__rosidl_typesupport_fastrtps_c__pyext
[2.746s] Invoked command in '/home/sycamore/SycaBot_ros/build/interfaces' returned '0': /usr/bin/cmake --build /home/sycamore/SycaBot_ros/build/interfaces -- -j20 -l20
[2.779s] Invoking command in '/home/sycamore/SycaBot_ros/build/interfaces': /usr/bin/cmake --install /home/sycamore/SycaBot_ros/build/interfaces
[2.783s] -- Install configuration: ""
[2.784s] -- Execute custom install script
[2.784s] -- Symlinking: /home/sycamore/SycaBot_ros/install/interfaces/share/ament_index/resource_index/rosidl_interfaces/interfaces
[2.789s] -- Symlinking: /home/sycamore/SycaBot_ros/install/interfaces/include/interfaces/msg/rosidl_generator_c__visibility_control.h
[2.794s] -- Symlinking: /home/sycamore/SycaBot_ros/install/interfaces/include/interfaces/srv/detail/task__functions.h
[2.798s] -- Symlinking: /home/sycamore/SycaBot_ros/install/interfaces/include/interfaces/srv/detail/task__struct.h
[2.803s] -- Symlinking: /home/sycamore/SycaBot_ros/install/interfaces/include/interfaces/srv/detail/task__type_support.h
[2.808s] -- Symlinking: /home/sycamore/SycaBot_ros/install/interfaces/include/interfaces/srv/task.h
[2.813s] -- Symlinking: /home/sycamore/SycaBot_ros/install/interfaces/share/interfaces/environment/library_path.sh
[2.817s] -- Symlinking: /home/sycamore/SycaBot_ros/install/interfaces/share/interfaces/environment/library_path.dsv
[2.822s] -- Symlinking: /home/sycamore/SycaBot_ros/install/interfaces/include/interfaces/msg/rosidl_typesupport_fastrtps_c__visibility_control.h
[2.827s] -- Symlinking: /home/sycamore/SycaBot_ros/install/interfaces/include/interfaces/srv/detail/task__rosidl_typesupport_fastrtps_c.h
[2.832s] -- Symlinking: /home/sycamore/SycaBot_ros/install/interfaces/lib/libinterfaces__rosidl_typesupport_fastrtps_c.so
[2.837s] -- Symlinking: /home/sycamore/SycaBot_ros/install/interfaces/include/interfaces/msg/rosidl_typesupport_fastrtps_cpp__visibility_control.h
[2.841s] -- Symlinking: /home/sycamore/SycaBot_ros/install/interfaces/include/interfaces/srv/detail/task__rosidl_typesupport_fastrtps_cpp.hpp
[2.846s] -- Symlinking: /home/sycamore/SycaBot_ros/install/interfaces/lib/libinterfaces__rosidl_typesupport_fastrtps_cpp.so
[2.851s] -- Symlinking: /home/sycamore/SycaBot_ros/install/interfaces/include/interfaces/msg/rosidl_typesupport_introspection_c__visibility_control.h
[2.856s] -- Symlinking: /home/sycamore/SycaBot_ros/install/interfaces/include/interfaces/srv/detail/task__rosidl_typesupport_introspection_c.h
[2.861s] -- Symlinking: /home/sycamore/SycaBot_ros/install/interfaces/include/interfaces/srv/detail/task__builder.hpp
[2.865s] -- Symlinking: /home/sycamore/SycaBot_ros/install/interfaces/include/interfaces/srv/detail/task__struct.hpp
[2.870s] -- Symlinking: /home/sycamore/SycaBot_ros/install/interfaces/include/interfaces/srv/detail/task__traits.hpp
[2.875s] -- Symlinking: /home/sycamore/SycaBot_ros/install/interfaces/include/interfaces/srv/task.hpp
[2.879s] -- Symlinking: /home/sycamore/SycaBot_ros/install/interfaces/include/interfaces/srv/detail/task__rosidl_typesupport_introspection_cpp.hpp
[2.884s] -- Symlinking: /home/sycamore/SycaBot_ros/install/interfaces/share/interfaces/environment/pythonpath.sh
[2.889s] -- Symlinking: /home/sycamore/SycaBot_ros/install/interfaces/share/interfaces/environment/pythonpath.dsv
[2.894s] -- Symlinking: /home/sycamore/SycaBot_ros/install/interfaces/lib/python3.8/site-packages/interfaces/__init__.py
[2.898s] -- Symlinking: /home/sycamore/SycaBot_ros/install/interfaces/lib/python3.8/site-packages/interfaces/srv/__init__.py
[2.903s] -- Symlinking: /home/sycamore/SycaBot_ros/install/interfaces/lib/python3.8/site-packages/interfaces/srv/_task.py
[2.908s] -- Symlinking: /home/sycamore/SycaBot_ros/install/interfaces/lib/python3.8/site-packages/interfaces/interfaces_s__rosidl_typesupport_fastrtps_c.cpython-38-x86_64-linux-gnu.so
[2.913s] -- Symlinking: /home/sycamore/SycaBot_ros/install/interfaces/lib/python3.8/site-packages/interfaces/interfaces_s__rosidl_typesupport_introspection_c.cpython-38-x86_64-linux-gnu.so
[2.918s] -- Symlinking: /home/sycamore/SycaBot_ros/install/interfaces/lib/python3.8/site-packages/interfaces/interfaces_s__rosidl_typesupport_c.cpython-38-x86_64-linux-gnu.so
[2.923s] -- Symlinking: /home/sycamore/SycaBot_ros/install/interfaces/lib/libinterfaces__python.so
[2.928s] -- Symlinking: /home/sycamore/SycaBot_ros/install/interfaces/share/interfaces/srv/Task.idl
[2.933s] -- Symlinking: /home/sycamore/SycaBot_ros/install/interfaces/share/interfaces/srv/Task.srv
[2.938s] -- Symlinking: /home/sycamore/SycaBot_ros/install/interfaces/share/interfaces/srv/Task_Request.msg
[2.942s] -- Symlinking: /home/sycamore/SycaBot_ros/install/interfaces/share/interfaces/srv/Task_Response.msg
[2.947s] -- Symlinking: /home/sycamore/SycaBot_ros/install/interfaces/share/ament_index/resource_index/package_run_dependencies/interfaces
[2.952s] -- Symlinking: /home/sycamore/SycaBot_ros/install/interfaces/share/ament_index/resource_index/parent_prefix_path/interfaces
[2.957s] -- Symlinking: /home/sycamore/SycaBot_ros/install/interfaces/share/interfaces/environment/ament_prefix_path.sh
[2.962s] -- Symlinking: /home/sycamore/SycaBot_ros/install/interfaces/share/interfaces/environment/ament_prefix_path.dsv
[2.966s] -- Symlinking: /home/sycamore/SycaBot_ros/install/interfaces/share/interfaces/environment/path.sh
[2.971s] -- Symlinking: /home/sycamore/SycaBot_ros/install/interfaces/share/interfaces/environment/path.dsv
[2.976s] -- Symlinking: /home/sycamore/SycaBot_ros/install/interfaces/share/interfaces/local_setup.bash
[2.981s] -- Symlinking: /home/sycamore/SycaBot_ros/install/interfaces/share/interfaces/local_setup.sh
[2.985s] -- Symlinking: /home/sycamore/SycaBot_ros/install/interfaces/share/interfaces/local_setup.zsh
[2.990s] -- Symlinking: /home/sycamore/SycaBot_ros/install/interfaces/share/interfaces/local_setup.dsv
[2.995s] -- Symlinking: /home/sycamore/SycaBot_ros/install/interfaces/share/interfaces/package.dsv
[3.000s] -- Symlinking: /home/sycamore/SycaBot_ros/install/interfaces/share/ament_index/resource_index/packages/interfaces
[3.004s] -- Symlinking: /home/sycamore/SycaBot_ros/install/interfaces/share/interfaces/cmake/rosidl_cmake-extras.cmake
[3.009s] -- Symlinking: /home/sycamore/SycaBot_ros/install/interfaces/share/interfaces/cmake/ament_cmake_export_dependencies-extras.cmake
[3.014s] -- Symlinking: /home/sycamore/SycaBot_ros/install/interfaces/share/interfaces/cmake/ament_cmake_export_libraries-extras.cmake
[3.019s] -- Symlinking: /home/sycamore/SycaBot_ros/install/interfaces/share/interfaces/cmake/ament_cmake_export_targets-extras.cmake
[3.024s] -- Symlinking: /home/sycamore/SycaBot_ros/install/interfaces/share/interfaces/cmake/ament_cmake_export_include_directories-extras.cmake
[3.029s] -- Symlinking: /home/sycamore/SycaBot_ros/install/interfaces/share/interfaces/cmake/rosidl_cmake_export_typesupport_libraries-extras.cmake
[3.034s] -- Symlinking: /home/sycamore/SycaBot_ros/install/interfaces/share/interfaces/cmake/rosidl_cmake_export_typesupport_targets-extras.cmake
[3.038s] -- Symlinking: /home/sycamore/SycaBot_ros/install/interfaces/share/interfaces/cmake/interfacesConfig.cmake
[3.043s] -- Symlinking: /home/sycamore/SycaBot_ros/install/interfaces/share/interfaces/cmake/interfacesConfig-version.cmake
[3.048s] -- Symlinking: /home/sycamore/SycaBot_ros/install/interfaces/share/interfaces/package.xml
[3.053s] -- Installing: /home/sycamore/SycaBot_ros/install/interfaces/lib/libinterfaces__rosidl_generator_c.so
[3.053s] -- Set runtime path of "/home/sycamore/SycaBot_ros/install/interfaces/lib/libinterfaces__rosidl_generator_c.so" to ""
[3.053s] -- Installing: /home/sycamore/SycaBot_ros/install/interfaces/lib/libinterfaces__rosidl_typesupport_introspection_c.so
[3.053s] -- Set runtime path of "/home/sycamore/SycaBot_ros/install/interfaces/lib/libinterfaces__rosidl_typesupport_introspection_c.so" to ""
[3.053s] -- Installing: /home/sycamore/SycaBot_ros/install/interfaces/lib/libinterfaces__rosidl_typesupport_c.so
[3.053s] -- Set runtime path of "/home/sycamore/SycaBot_ros/install/interfaces/lib/libinterfaces__rosidl_typesupport_c.so" to ""
[3.053s] -- Installing: /home/sycamore/SycaBot_ros/install/interfaces/lib/libinterfaces__rosidl_typesupport_introspection_cpp.so
[3.054s] -- Set runtime path of "/home/sycamore/SycaBot_ros/install/interfaces/lib/libinterfaces__rosidl_typesupport_introspection_cpp.so" to ""
[3.054s] -- Installing: /home/sycamore/SycaBot_ros/install/interfaces/lib/libinterfaces__rosidl_typesupport_cpp.so
[3.054s] -- Set runtime path of "/home/sycamore/SycaBot_ros/install/interfaces/lib/libinterfaces__rosidl_typesupport_cpp.so" to ""
[3.072s] Compiling '/home/sycamore/SycaBot_ros/install/interfaces/lib/python3.8/site-packages/interfaces/__init__.py'...
[3.075s] -- Installing: /home/sycamore/SycaBot_ros/install/interfaces/share/interfaces/cmake/interfaces__rosidl_generator_cExport.cmake
[3.075s] -- Installing: /home/sycamore/SycaBot_ros/install/interfaces/share/interfaces/cmake/interfaces__rosidl_generator_cExport-noconfig.cmake
[3.075s] -- Installing: /home/sycamore/SycaBot_ros/install/interfaces/share/interfaces/cmake/interfaces__rosidl_typesupport_introspection_cExport.cmake
[3.075s] -- Installing: /home/sycamore/SycaBot_ros/install/interfaces/share/interfaces/cmake/interfaces__rosidl_typesupport_introspection_cExport-noconfig.cmake
[3.075s] -- Installing: /home/sycamore/SycaBot_ros/install/interfaces/share/interfaces/cmake/interfaces__rosidl_typesupport_cExport.cmake
[3.075s] -- Installing: /home/sycamore/SycaBot_ros/install/interfaces/share/interfaces/cmake/interfaces__rosidl_typesupport_cExport-noconfig.cmake
[3.075s] -- Installing: /home/sycamore/SycaBot_ros/install/interfaces/share/interfaces/cmake/interfaces__rosidl_generator_cppExport.cmake
[3.075s] -- Installing: /home/sycamore/SycaBot_ros/install/interfaces/share/interfaces/cmake/interfaces__rosidl_typesupport_introspection_cppExport.cmake
[3.075s] -- Installing: /home/sycamore/SycaBot_ros/install/interfaces/share/interfaces/cmake/interfaces__rosidl_typesupport_introspection_cppExport-noconfig.cmake
[3.075s] -- Installing: /home/sycamore/SycaBot_ros/install/interfaces/share/interfaces/cmake/interfaces__rosidl_typesupport_cppExport.cmake
[3.075s] -- Installing: /home/sycamore/SycaBot_ros/install/interfaces/share/interfaces/cmake/interfaces__rosidl_typesupport_cppExport-noconfig.cmake
[3.078s] Invoked command in '/home/sycamore/SycaBot_ros/build/interfaces' returned '0': /usr/bin/cmake --install /home/sycamore/SycaBot_ros/build/interfaces
