[0.000000] (-) TimerEvent: {}
[0.000729] (interfaces) JobQueued: {'identifier': 'interfaces', 'dependencies': OrderedDict()}
[0.000856] (jetbot) JobQueued: {'identifier': 'jetbot', 'dependencies': OrderedDict()}
[0.001001] (interfaces) JobStarted: {'identifier': 'interfaces'}
[0.006728] (jetbot) JobStarted: {'identifier': 'jetbot'}
[0.011650] (interfaces) JobProgress: {'identifier': 'interfaces', 'progress': 'cmake'}
[0.012273] (interfaces) JobProgress: {'identifier': 'interfaces', 'progress': 'build'}
[0.012827] (interfaces) Command: {'cmd': ['/usr/bin/cmake', '--build', '/home/sycamore/SycaBot_ros/build/interfaces', '--', '-j20', '-l20'], 'cwd': '/home/sycamore/SycaBot_ros/build/interfaces', 'env': OrderedDict([('GJS_DEBUG_TOPICS', 'JS ERROR;JS LOG'), ('LANGUAGE', 'en_GB:en'), ('USER', 'sycamore'), ('LC_TIME', 'en_GB.UTF-8'), ('SSH_AGENT_PID', '2116'), ('XDG_SESSION_TYPE', 'x11'), ('SHLVL', '1'), ('HOME', '/home/sycamore'), ('OLDPWD', '/home/sycamore'), ('DESKTOP_SESSION', 'ubuntu'), ('GIO_LAUNCHED_DESKTOP_FILE', '/usr/share/applications/guake.desktop'), ('GNOME_SHELL_SESSION_MODE', 'ubuntu'), ('GTK_MODULES', 'gail:atk-bridge'), ('LC_MONETARY', 'en_GB.UTF-8'), ('MANAGERPID', '1737'), ('DBUS_SESSION_BUS_ADDRESS', 'unix:path=/run/user/1000/bus'), ('COLORTERM', 'truecolor'), ('GIO_LAUNCHED_DESKTOP_FILE_PID', '4105'), ('IM_CONFIG_PHASE', '1'), ('LOGNAME', 'sycamore'), ('JOURNAL_STREAM', '8:51567'), ('_', '/usr/bin/colcon'), ('XDG_SESSION_CLASS', 'user'), ('USERNAME', 'sycamore'), ('TERM', 'xterm-256color'), ('GNOME_DESKTOP_SESSION_ID', 'this-is-deprecated'), ('WINDOWPATH', '2'), ('PATH', '/home/sycamore/.local/bin:/usr/local/sbin:/usr/local/bin:/usr/sbin:/usr/bin:/sbin:/bin:/usr/games:/usr/local/games:/snap/bin'), ('SESSION_MANAGER', 'local/Sycamore-CentralPC:@/tmp/.ICE-unix/2154,unix/Sycamore-CentralPC:/tmp/.ICE-unix/2154'), ('INVOCATION_ID', '999f118d25b14272a97e01a092f60a23'), ('PAPERSIZE', 'a4'), ('XDG_MENU_PREFIX', 'gnome-'), ('LC_ADDRESS', 'en_GB.UTF-8'), ('XDG_RUNTIME_DIR', '/run/user/1000'), ('GDK_BACKEND', 'x11'), ('DISPLAY', ':0'), ('LANG', 'en_GB.UTF-8'), ('XDG_CURRENT_DESKTOP', 'ubuntu:GNOME'), ('LC_TELEPHONE', 'en_GB.UTF-8'), ('XMODIFIERS', '@im=ibus'), ('XDG_SESSION_DESKTOP', 'ubuntu'), ('XAUTHORITY', '/run/user/1000/gdm/Xauthority'), ('SSH_AUTH_SOCK', '/run/user/1000/keyring/ssh'), ('SHELL', '/bin/bash'), ('LC_NAME', 'en_GB.UTF-8'), ('QT_ACCESSIBILITY', '1'), ('GDMSESSION', 'ubuntu'), ('LC_MEASUREMENT', 'en_GB.UTF-8'), ('GPG_AGENT_INFO', '/run/user/1000/gnupg/S.gpg-agent:0:1'), ('GJS_DEBUG_OUTPUT', 'stderr'), ('LC_IDENTIFICATION', 'en_GB.UTF-8'), ('QT_IM_MODULE', 'ibus'), ('PWD', '/home/sycamore/SycaBot_ros/build/interfaces'), ('XDG_CONFIG_DIRS', '/etc/xdg/xdg-ubuntu:/etc/xdg'), ('XDG_DATA_DIRS', '/usr/share/ubuntu:/usr/local/share/:/usr/share/:/var/lib/snapd/desktop'), ('LC_NUMERIC', 'en_GB.UTF-8'), ('LC_PAPER', 'en_GB.UTF-8'), ('COLCON', '1'), ('VTE_VERSION', '6003')]), 'shell': False}
[0.066056] (interfaces) StdoutLine: {'line': b'[  3%] Built target interfaces__cpp\n'}
[0.068098] (interfaces) StdoutLine: {'line': b'[ 12%] Built target interfaces__rosidl_generator_c\n'}
[0.080768] (interfaces) StdoutLine: {'line': b'[ 41%] Built target interfaces__rosidl_typesupport_cpp\n'}
[0.080936] (interfaces) StdoutLine: {'line': b'[ 41%] Built target interfaces__rosidl_typesupport_introspection_cpp\n'}
[0.081021] (interfaces) StdoutLine: {'line': b'[ 41%] Built target interfaces__rosidl_typesupport_c\n'}
[0.081711] (interfaces) StdoutLine: {'line': b'[ 51%] Built target interfaces__rosidl_typesupport_introspection_c\n'}
[0.083226] (interfaces) StdoutLine: {'line': b'[ 61%] Built target interfaces__rosidl_typesupport_fastrtps_cpp\n'}
[0.099253] (-) TimerEvent: {}
[0.100547] (interfaces) StdoutLine: {'line': b'[ 70%] Built target interfaces__rosidl_typesupport_fastrtps_c\n'}
[0.111871] (interfaces) StdoutLine: {'line': b'[ 70%] Built target interfaces\n'}
[0.123921] (interfaces) StdoutLine: {'line': b'[ 74%] Built target interfaces__py\n'}
[0.140686] (interfaces) StdoutLine: {'line': b'[ 80%] Built target interfaces__python\n'}
[0.157300] (interfaces) StdoutLine: {'line': b'[ 93%] Built target interfaces__rosidl_typesupport_introspection_c__pyext\n'}
[0.157518] (interfaces) StdoutLine: {'line': b'[ 93%] Built target interfaces__rosidl_typesupport_fastrtps_c__pyext\n'}
[0.157583] (interfaces) StdoutLine: {'line': b'[100%] Built target interfaces__rosidl_typesupport_c__pyext\n'}
[0.164852] (interfaces) CommandEnded: {'returncode': 0}
[0.188152] (interfaces) JobProgress: {'identifier': 'interfaces', 'progress': 'install'}
[0.196322] (interfaces) Command: {'cmd': ['/usr/bin/cmake', '--install', '/home/sycamore/SycaBot_ros/build/interfaces'], 'cwd': '/home/sycamore/SycaBot_ros/build/interfaces', 'env': OrderedDict([('GJS_DEBUG_TOPICS', 'JS ERROR;JS LOG'), ('LANGUAGE', 'en_GB:en'), ('USER', 'sycamore'), ('LC_TIME', 'en_GB.UTF-8'), ('SSH_AGENT_PID', '2116'), ('XDG_SESSION_TYPE', 'x11'), ('SHLVL', '1'), ('HOME', '/home/sycamore'), ('OLDPWD', '/home/sycamore'), ('DESKTOP_SESSION', 'ubuntu'), ('GIO_LAUNCHED_DESKTOP_FILE', '/usr/share/applications/guake.desktop'), ('GNOME_SHELL_SESSION_MODE', 'ubuntu'), ('GTK_MODULES', 'gail:atk-bridge'), ('LC_MONETARY', 'en_GB.UTF-8'), ('MANAGERPID', '1737'), ('DBUS_SESSION_BUS_ADDRESS', 'unix:path=/run/user/1000/bus'), ('COLORTERM', 'truecolor'), ('GIO_LAUNCHED_DESKTOP_FILE_PID', '4105'), ('IM_CONFIG_PHASE', '1'), ('LOGNAME', 'sycamore'), ('JOURNAL_STREAM', '8:51567'), ('_', '/usr/bin/colcon'), ('XDG_SESSION_CLASS', 'user'), ('USERNAME', 'sycamore'), ('TERM', 'xterm-256color'), ('GNOME_DESKTOP_SESSION_ID', 'this-is-deprecated'), ('WINDOWPATH', '2'), ('PATH', '/home/sycamore/.local/bin:/usr/local/sbin:/usr/local/bin:/usr/sbin:/usr/bin:/sbin:/bin:/usr/games:/usr/local/games:/snap/bin'), ('SESSION_MANAGER', 'local/Sycamore-CentralPC:@/tmp/.ICE-unix/2154,unix/Sycamore-CentralPC:/tmp/.ICE-unix/2154'), ('INVOCATION_ID', '999f118d25b14272a97e01a092f60a23'), ('PAPERSIZE', 'a4'), ('XDG_MENU_PREFIX', 'gnome-'), ('LC_ADDRESS', 'en_GB.UTF-8'), ('XDG_RUNTIME_DIR', '/run/user/1000'), ('GDK_BACKEND', 'x11'), ('DISPLAY', ':0'), ('LANG', 'en_GB.UTF-8'), ('XDG_CURRENT_DESKTOP', 'ubuntu:GNOME'), ('LC_TELEPHONE', 'en_GB.UTF-8'), ('XMODIFIERS', '@im=ibus'), ('XDG_SESSION_DESKTOP', 'ubuntu'), ('XAUTHORITY', '/run/user/1000/gdm/Xauthority'), ('SSH_AUTH_SOCK', '/run/user/1000/keyring/ssh'), ('SHELL', '/bin/bash'), ('LC_NAME', 'en_GB.UTF-8'), ('QT_ACCESSIBILITY', '1'), ('GDMSESSION', 'ubuntu'), ('LC_MEASUREMENT', 'en_GB.UTF-8'), ('GPG_AGENT_INFO', '/run/user/1000/gnupg/S.gpg-agent:0:1'), ('GJS_DEBUG_OUTPUT', 'stderr'), ('LC_IDENTIFICATION', 'en_GB.UTF-8'), ('QT_IM_MODULE', 'ibus'), ('PWD', '/home/sycamore/SycaBot_ros/build/interfaces'), ('XDG_CONFIG_DIRS', '/etc/xdg/xdg-ubuntu:/etc/xdg'), ('XDG_DATA_DIRS', '/usr/share/ubuntu:/usr/local/share/:/usr/share/:/var/lib/snapd/desktop'), ('LC_NUMERIC', 'en_GB.UTF-8'), ('LC_PAPER', 'en_GB.UTF-8'), ('COLCON', '1'), ('VTE_VERSION', '6003')]), 'shell': False}
[0.199317] (-) TimerEvent: {}
[0.201693] (interfaces) StdoutLine: {'line': b'-- Install configuration: ""\n'}
[0.202145] (interfaces) StdoutLine: {'line': b'-- Execute custom install script\n'}
[0.202322] (interfaces) StdoutLine: {'line': b'-- Up-to-date symlink: /home/sycamore/SycaBot_ros/install/interfaces/share/ament_index/resource_index/rosidl_interfaces/interfaces\n'}
[0.202970] (interfaces) StdoutLine: {'line': b'-- Up-to-date symlink: /home/sycamore/SycaBot_ros/install/interfaces/include/interfaces/msg/rosidl_generator_c__visibility_control.h\n'}
[0.203124] (interfaces) StdoutLine: {'line': b'-- Up-to-date symlink: /home/sycamore/SycaBot_ros/install/interfaces/include/interfaces/srv/detail/task__functions.h\n'}
[0.203204] (interfaces) StdoutLine: {'line': b'-- Up-to-date symlink: /home/sycamore/SycaBot_ros/install/interfaces/include/interfaces/srv/detail/task__struct.h\n'}
[0.203282] (interfaces) StdoutLine: {'line': b'-- Up-to-date symlink: /home/sycamore/SycaBot_ros/install/interfaces/include/interfaces/srv/detail/task__type_support.h\n'}
[0.203404] (interfaces) StdoutLine: {'line': b'-- Up-to-date symlink: /home/sycamore/SycaBot_ros/install/interfaces/include/interfaces/srv/task.h\n'}
[0.203487] (interfaces) StdoutLine: {'line': b'-- Up-to-date symlink: /home/sycamore/SycaBot_ros/install/interfaces/share/interfaces/environment/library_path.sh\n'}
[0.203615] (interfaces) StdoutLine: {'line': b'-- Up-to-date symlink: /home/sycamore/SycaBot_ros/install/interfaces/share/interfaces/environment/library_path.dsv\n'}
[0.203959] (interfaces) StdoutLine: {'line': b'-- Up-to-date symlink: /home/sycamore/SycaBot_ros/install/interfaces/include/interfaces/msg/rosidl_typesupport_fastrtps_c__visibility_control.h\n'}
[0.204064] (interfaces) StdoutLine: {'line': b'-- Up-to-date symlink: /home/sycamore/SycaBot_ros/install/interfaces/include/interfaces/srv/detail/task__rosidl_typesupport_fastrtps_c.h\n'}
[0.204398] (interfaces) StdoutLine: {'line': b'-- Up-to-date symlink: /home/sycamore/SycaBot_ros/install/interfaces/lib/libinterfaces__rosidl_typesupport_fastrtps_c.so\n'}
[0.204765] (interfaces) StdoutLine: {'line': b'-- Up-to-date symlink: /home/sycamore/SycaBot_ros/install/interfaces/include/interfaces/msg/rosidl_typesupport_fastrtps_cpp__visibility_control.h\n'}
[0.204872] (interfaces) StdoutLine: {'line': b'-- Up-to-date symlink: /home/sycamore/SycaBot_ros/install/interfaces/include/interfaces/srv/detail/task__rosidl_typesupport_fastrtps_cpp.hpp\n'}
[0.205205] (interfaces) StdoutLine: {'line': b'-- Up-to-date symlink: /home/sycamore/SycaBot_ros/install/interfaces/lib/libinterfaces__rosidl_typesupport_fastrtps_cpp.so\n'}
[0.205506] (interfaces) StdoutLine: {'line': b'-- Up-to-date symlink: /home/sycamore/SycaBot_ros/install/interfaces/include/interfaces/msg/rosidl_typesupport_introspection_c__visibility_control.h\n'}
[0.205653] (interfaces) StdoutLine: {'line': b'-- Up-to-date symlink: /home/sycamore/SycaBot_ros/install/interfaces/include/interfaces/srv/detail/task__rosidl_typesupport_introspection_c.h\n'}
[0.205957] (interfaces) StdoutLine: {'line': b'-- Up-to-date symlink: /home/sycamore/SycaBot_ros/install/interfaces/include/interfaces/srv/detail/task__builder.hpp\n'}
[0.206029] (interfaces) StdoutLine: {'line': b'-- Up-to-date symlink: /home/sycamore/SycaBot_ros/install/interfaces/include/interfaces/srv/detail/task__struct.hpp\n'}
[0.206123] (interfaces) StdoutLine: {'line': b'-- Up-to-date symlink: /home/sycamore/SycaBot_ros/install/interfaces/include/interfaces/srv/detail/task__traits.hpp\n'}
[0.206221] (interfaces) StdoutLine: {'line': b'-- Up-to-date symlink: /home/sycamore/SycaBot_ros/install/interfaces/include/interfaces/srv/task.hpp\n'}
[0.206561] (interfaces) StdoutLine: {'line': b'-- Up-to-date symlink: /home/sycamore/SycaBot_ros/install/interfaces/include/interfaces/srv/detail/task__rosidl_typesupport_introspection_cpp.hpp\n'}
[0.206725] (interfaces) StdoutLine: {'line': b'-- Up-to-date symlink: /home/sycamore/SycaBot_ros/install/interfaces/share/interfaces/environment/pythonpath.sh\n'}
[0.206886] (interfaces) StdoutLine: {'line': b'-- Up-to-date symlink: /home/sycamore/SycaBot_ros/install/interfaces/share/interfaces/environment/pythonpath.dsv\n'}
[0.207015] (interfaces) StdoutLine: {'line': b'-- Up-to-date symlink: /home/sycamore/SycaBot_ros/install/interfaces/lib/python3.8/site-packages/interfaces/__init__.py\n'}
[0.207282] (interfaces) StdoutLine: {'line': b'-- Up-to-date symlink: /home/sycamore/SycaBot_ros/install/interfaces/lib/python3.8/site-packages/interfaces/srv/__init__.py\n'}
[0.207386] (interfaces) StdoutLine: {'line': b'-- Up-to-date symlink: /home/sycamore/SycaBot_ros/install/interfaces/lib/python3.8/site-packages/interfaces/srv/_task.py\n'}
[0.207744] (interfaces) StdoutLine: {'line': b'-- Up-to-date symlink: /home/sycamore/SycaBot_ros/install/interfaces/lib/python3.8/site-packages/interfaces/interfaces_s__rosidl_typesupport_fastrtps_c.cpython-38-x86_64-linux-gnu.so\n'}
[0.208075] (interfaces) StdoutLine: {'line': b'-- Up-to-date symlink: /home/sycamore/SycaBot_ros/install/interfaces/lib/python3.8/site-packages/interfaces/interfaces_s__rosidl_typesupport_introspection_c.cpython-38-x86_64-linux-gnu.so\n'}
[0.208427] (interfaces) StdoutLine: {'line': b'-- Up-to-date symlink: /home/sycamore/SycaBot_ros/install/interfaces/lib/python3.8/site-packages/interfaces/interfaces_s__rosidl_typesupport_c.cpython-38-x86_64-linux-gnu.so\n'}
[0.208757] (interfaces) StdoutLine: {'line': b'-- Up-to-date symlink: /home/sycamore/SycaBot_ros/install/interfaces/lib/libinterfaces__python.so\n'}
[0.208929] (interfaces) StdoutLine: {'line': b'-- Up-to-date symlink: /home/sycamore/SycaBot_ros/install/interfaces/share/interfaces/srv/Task.idl\n'}
[0.209088] (interfaces) StdoutLine: {'line': b'-- Up-to-date symlink: /home/sycamore/SycaBot_ros/install/interfaces/share/interfaces/srv/Task.srv\n'}
[0.209267] (interfaces) StdoutLine: {'line': b'-- Up-to-date symlink: /home/sycamore/SycaBot_ros/install/interfaces/share/interfaces/srv/Task_Request.msg\n'}
[0.209423] (interfaces) StdoutLine: {'line': b'-- Up-to-date symlink: /home/sycamore/SycaBot_ros/install/interfaces/share/interfaces/srv/Task_Response.msg\n'}
[0.209589] (interfaces) StdoutLine: {'line': b'-- Up-to-date symlink: /home/sycamore/SycaBot_ros/install/interfaces/share/ament_index/resource_index/package_run_dependencies/interfaces\n'}
[0.209757] (interfaces) StdoutLine: {'line': b'-- Up-to-date symlink: /home/sycamore/SycaBot_ros/install/interfaces/share/ament_index/resource_index/parent_prefix_path/interfaces\n'}
[0.209922] (interfaces) StdoutLine: {'line': b'-- Up-to-date symlink: /home/sycamore/SycaBot_ros/install/interfaces/share/interfaces/environment/ament_prefix_path.sh\n'}
[0.210078] (interfaces) StdoutLine: {'line': b'-- Up-to-date symlink: /home/sycamore/SycaBot_ros/install/interfaces/share/interfaces/environment/ament_prefix_path.dsv\n'}
[0.210238] (interfaces) StdoutLine: {'line': b'-- Up-to-date symlink: /home/sycamore/SycaBot_ros/install/interfaces/share/interfaces/environment/path.sh\n'}
[0.210401] (interfaces) StdoutLine: {'line': b'-- Up-to-date symlink: /home/sycamore/SycaBot_ros/install/interfaces/share/interfaces/environment/path.dsv\n'}
[0.210561] (interfaces) StdoutLine: {'line': b'-- Up-to-date symlink: /home/sycamore/SycaBot_ros/install/interfaces/share/interfaces/local_setup.bash\n'}
[0.210717] (interfaces) StdoutLine: {'line': b'-- Up-to-date symlink: /home/sycamore/SycaBot_ros/install/interfaces/share/interfaces/local_setup.sh\n'}
[0.210875] (interfaces) StdoutLine: {'line': b'-- Up-to-date symlink: /home/sycamore/SycaBot_ros/install/interfaces/share/interfaces/local_setup.zsh\n'}
[0.211031] (interfaces) StdoutLine: {'line': b'-- Up-to-date symlink: /home/sycamore/SycaBot_ros/install/interfaces/share/interfaces/local_setup.dsv\n'}
[0.211161] (interfaces) StdoutLine: {'line': b'-- Symlinking: /home/sycamore/SycaBot_ros/install/interfaces/share/interfaces/package.dsv\n'}
[0.216832] (interfaces) StdoutLine: {'line': b'-- Up-to-date symlink: /home/sycamore/SycaBot_ros/install/interfaces/share/ament_index/resource_index/packages/interfaces\n'}
[0.216972] (interfaces) StdoutLine: {'line': b'-- Up-to-date symlink: /home/sycamore/SycaBot_ros/install/interfaces/share/interfaces/cmake/rosidl_cmake-extras.cmake\n'}
[0.217131] (interfaces) StdoutLine: {'line': b'-- Up-to-date symlink: /home/sycamore/SycaBot_ros/install/interfaces/share/interfaces/cmake/ament_cmake_export_dependencies-extras.cmake\n'}
[0.217291] (interfaces) StdoutLine: {'line': b'-- Up-to-date symlink: /home/sycamore/SycaBot_ros/install/interfaces/share/interfaces/cmake/ament_cmake_export_libraries-extras.cmake\n'}
[0.217450] (interfaces) StdoutLine: {'line': b'-- Up-to-date symlink: /home/sycamore/SycaBot_ros/install/interfaces/share/interfaces/cmake/ament_cmake_export_targets-extras.cmake\n'}
[0.217656] (interfaces) StdoutLine: {'line': b'-- Up-to-date symlink: /home/sycamore/SycaBot_ros/install/interfaces/share/interfaces/cmake/ament_cmake_export_include_directories-extras.cmake\n'}
[0.217773] (interfaces) StdoutLine: {'line': b'-- Up-to-date symlink: /home/sycamore/SycaBot_ros/install/interfaces/share/interfaces/cmake/rosidl_cmake_export_typesupport_libraries-extras.cmake\n'}
[0.217931] (interfaces) StdoutLine: {'line': b'-- Up-to-date symlink: /home/sycamore/SycaBot_ros/install/interfaces/share/interfaces/cmake/rosidl_cmake_export_typesupport_targets-extras.cmake\n'}
[0.218090] (interfaces) StdoutLine: {'line': b'-- Up-to-date symlink: /home/sycamore/SycaBot_ros/install/interfaces/share/interfaces/cmake/interfacesConfig.cmake\n'}
[0.218191] (interfaces) StdoutLine: {'line': b'-- Up-to-date symlink: /home/sycamore/SycaBot_ros/install/interfaces/share/interfaces/cmake/interfacesConfig-version.cmake\n'}
[0.218408] (interfaces) StdoutLine: {'line': b'-- Up-to-date symlink: /home/sycamore/SycaBot_ros/install/interfaces/share/interfaces/package.xml\n'}
[0.218561] (interfaces) StdoutLine: {'line': b'-- Up-to-date: /home/sycamore/SycaBot_ros/install/interfaces/lib/libinterfaces__rosidl_generator_c.so\n'}
[0.218947] (interfaces) StdoutLine: {'line': b'-- Up-to-date: /home/sycamore/SycaBot_ros/install/interfaces/lib/libinterfaces__rosidl_typesupport_introspection_c.so\n'}
[0.219142] (interfaces) StdoutLine: {'line': b'-- Up-to-date: /home/sycamore/SycaBot_ros/install/interfaces/lib/libinterfaces__rosidl_typesupport_c.so\n'}
[0.219549] (interfaces) StdoutLine: {'line': b'-- Up-to-date: /home/sycamore/SycaBot_ros/install/interfaces/lib/libinterfaces__rosidl_typesupport_introspection_cpp.so\n'}
[0.219927] (interfaces) StdoutLine: {'line': b'-- Up-to-date: /home/sycamore/SycaBot_ros/install/interfaces/lib/libinterfaces__rosidl_typesupport_cpp.so\n'}
[0.240602] (interfaces) StdoutLine: {'line': b'-- Up-to-date: /home/sycamore/SycaBot_ros/install/interfaces/share/interfaces/cmake/interfaces__rosidl_generator_cExport.cmake\n'}
[0.240730] (interfaces) StdoutLine: {'line': b'-- Up-to-date: /home/sycamore/SycaBot_ros/install/interfaces/share/interfaces/cmake/interfaces__rosidl_generator_cExport-noconfig.cmake\n'}
[0.240890] (interfaces) StdoutLine: {'line': b'-- Up-to-date: /home/sycamore/SycaBot_ros/install/interfaces/share/interfaces/cmake/interfaces__rosidl_typesupport_introspection_cExport.cmake\n'}
[0.240979] (interfaces) StdoutLine: {'line': b'-- Up-to-date: /home/sycamore/SycaBot_ros/install/interfaces/share/interfaces/cmake/interfaces__rosidl_typesupport_introspection_cExport-noconfig.cmake\n'}
[0.241171] (interfaces) StdoutLine: {'line': b'-- Up-to-date: /home/sycamore/SycaBot_ros/install/interfaces/share/interfaces/cmake/interfaces__rosidl_typesupport_cExport.cmake\n'}
[0.241249] (interfaces) StdoutLine: {'line': b'-- Up-to-date: /home/sycamore/SycaBot_ros/install/interfaces/share/interfaces/cmake/interfaces__rosidl_typesupport_cExport-noconfig.cmake\n'}
[0.241424] (interfaces) StdoutLine: {'line': b'-- Up-to-date: /home/sycamore/SycaBot_ros/install/interfaces/share/interfaces/cmake/interfaces__rosidl_generator_cppExport.cmake\n'}
[0.241734] (interfaces) StdoutLine: {'line': b'-- Up-to-date: /home/sycamore/SycaBot_ros/install/interfaces/share/interfaces/cmake/interfaces__rosidl_typesupport_introspection_cppExport.cmake\n'}
[0.241798] (interfaces) StdoutLine: {'line': b'-- Up-to-date: /home/sycamore/SycaBot_ros/install/interfaces/share/interfaces/cmake/interfaces__rosidl_typesupport_introspection_cppExport-noconfig.cmake\n'}
[0.242012] (interfaces) StdoutLine: {'line': b'-- Up-to-date: /home/sycamore/SycaBot_ros/install/interfaces/share/interfaces/cmake/interfaces__rosidl_typesupport_cppExport.cmake\n'}
[0.242109] (interfaces) StdoutLine: {'line': b'-- Up-to-date: /home/sycamore/SycaBot_ros/install/interfaces/share/interfaces/cmake/interfaces__rosidl_typesupport_cppExport-noconfig.cmake\n'}
[0.243922] (interfaces) CommandEnded: {'returncode': 0}
[0.286459] (interfaces) JobEnded: {'identifier': 'interfaces', 'rc': 0}
[0.299384] (-) TimerEvent: {}
[0.399546] (-) TimerEvent: {}
[0.431298] (jetbot) Command: {'cmd': ['/usr/bin/python3', 'setup.py', 'develop', '--prefix', '/home/sycamore/SycaBot_ros/install/jetbot', '--editable', '--build-directory', '/home/sycamore/SycaBot_ros/build/jetbot/build', '--no-deps', 'install_data', '--install-dir', '/home/sycamore/SycaBot_ros/install/jetbot'], 'cwd': '/home/sycamore/SycaBot_ros/build/jetbot', 'env': {'GJS_DEBUG_TOPICS': 'JS ERROR;JS LOG', 'LANGUAGE': 'en_GB:en', 'USER': 'sycamore', 'LC_TIME': 'en_GB.UTF-8', 'SSH_AGENT_PID': '2116', 'XDG_SESSION_TYPE': 'x11', 'SHLVL': '1', 'HOME': '/home/sycamore', 'OLDPWD': '/home/sycamore', 'DESKTOP_SESSION': 'ubuntu', 'GIO_LAUNCHED_DESKTOP_FILE': '/usr/share/applications/guake.desktop', 'GNOME_SHELL_SESSION_MODE': 'ubuntu', 'GTK_MODULES': 'gail:atk-bridge', 'LC_MONETARY': 'en_GB.UTF-8', 'MANAGERPID': '1737', 'DBUS_SESSION_BUS_ADDRESS': 'unix:path=/run/user/1000/bus', 'COLORTERM': 'truecolor', 'GIO_LAUNCHED_DESKTOP_FILE_PID': '4105', 'IM_CONFIG_PHASE': '1', 'LOGNAME': 'sycamore', 'JOURNAL_STREAM': '8:51567', '_': '/usr/bin/colcon', 'XDG_SESSION_CLASS': 'user', 'USERNAME': 'sycamore', 'TERM': 'xterm-256color', 'GNOME_DESKTOP_SESSION_ID': 'this-is-deprecated', 'WINDOWPATH': '2', 'PATH': '/home/sycamore/.local/bin:/usr/local/sbin:/usr/local/bin:/usr/sbin:/usr/bin:/sbin:/bin:/usr/games:/usr/local/games:/snap/bin', 'SESSION_MANAGER': 'local/Sycamore-CentralPC:@/tmp/.ICE-unix/2154,unix/Sycamore-CentralPC:/tmp/.ICE-unix/2154', 'INVOCATION_ID': '999f118d25b14272a97e01a092f60a23', 'PAPERSIZE': 'a4', 'XDG_MENU_PREFIX': 'gnome-', 'LC_ADDRESS': 'en_GB.UTF-8', 'XDG_RUNTIME_DIR': '/run/user/1000', 'GDK_BACKEND': 'x11', 'DISPLAY': ':0', 'LANG': 'en_GB.UTF-8', 'XDG_CURRENT_DESKTOP': 'ubuntu:GNOME', 'LC_TELEPHONE': 'en_GB.UTF-8', 'XMODIFIERS': '@im=ibus', 'XDG_SESSION_DESKTOP': 'ubuntu', 'XAUTHORITY': '/run/user/1000/gdm/Xauthority', 'SSH_AUTH_SOCK': '/run/user/1000/keyring/ssh', 'SHELL': '/bin/bash', 'LC_NAME': 'en_GB.UTF-8', 'QT_ACCESSIBILITY': '1', 'GDMSESSION': 'ubuntu', 'LC_MEASUREMENT': 'en_GB.UTF-8', 'GPG_AGENT_INFO': '/run/user/1000/gnupg/S.gpg-agent:0:1', 'GJS_DEBUG_OUTPUT': 'stderr', 'LC_IDENTIFICATION': 'en_GB.UTF-8', 'QT_IM_MODULE': 'ibus', 'PWD': '/home/sycamore/SycaBot_ros/build/jetbot', 'XDG_CONFIG_DIRS': '/etc/xdg/xdg-ubuntu:/etc/xdg', 'XDG_DATA_DIRS': '/usr/share/ubuntu:/usr/local/share/:/usr/share/:/var/lib/snapd/desktop', 'LC_NUMERIC': 'en_GB.UTF-8', 'LC_PAPER': 'en_GB.UTF-8', 'COLCON': '1', 'VTE_VERSION': '6003', 'PYTHONPATH': '/home/sycamore/SycaBot_ros/install/jetbot/lib/python3.8/site-packages:'}, 'shell': False}
[0.499660] (-) TimerEvent: {}
[0.564628] (jetbot) StdoutLine: {'line': b'running develop\n'}
[0.599767] (-) TimerEvent: {}
[0.637073] (jetbot) StdoutLine: {'line': b'running egg_info\n'}
[0.637272] (jetbot) StdoutLine: {'line': b'writing jetbot.egg-info/PKG-INFO\n'}
[0.637348] (jetbot) StdoutLine: {'line': b'writing dependency_links to jetbot.egg-info/dependency_links.txt\n'}
[0.637491] (jetbot) StdoutLine: {'line': b'writing entry points to jetbot.egg-info/entry_points.txt\n'}
[0.637566] (jetbot) StdoutLine: {'line': b'writing requirements to jetbot.egg-info/requires.txt\n'}
[0.637625] (jetbot) StdoutLine: {'line': b'writing top-level names to jetbot.egg-info/top_level.txt\n'}
[0.659343] (jetbot) StdoutLine: {'line': b"reading manifest file 'jetbot.egg-info/SOURCES.txt'\n"}
[0.659936] (jetbot) StdoutLine: {'line': b"writing manifest file 'jetbot.egg-info/SOURCES.txt'\n"}
[0.682309] (jetbot) StdoutLine: {'line': b'running build_ext\n'}
[0.682614] (jetbot) StdoutLine: {'line': b'Creating /home/sycamore/SycaBot_ros/install/jetbot/lib/python3.8/site-packages/jetbot.egg-link (link to .)\n'}
[0.683138] (jetbot) StdoutLine: {'line': b'Installing motors script to /home/sycamore/SycaBot_ros/install/jetbot/lib/jetbot\n'}
[0.683293] (jetbot) StdoutLine: {'line': b'Installing start script to /home/sycamore/SycaBot_ros/install/jetbot/lib/jetbot\n'}
[0.683360] (jetbot) StdoutLine: {'line': b'Installing test script to /home/sycamore/SycaBot_ros/install/jetbot/lib/jetbot\n'}
[0.683508] (jetbot) StdoutLine: {'line': b'\n'}
[0.683585] (jetbot) StdoutLine: {'line': b'Installed /home/sycamore/SycaBot_ros/build/jetbot\n'}
[0.683641] (jetbot) StdoutLine: {'line': b'running install_data\n'}
[0.683696] (jetbot) StdoutLine: {'line': b'copying launch/init.launch.py -> /home/sycamore/SycaBot_ros/install/jetbot/share/jetbot\n'}
[0.699973] (jetbot) CommandEnded: {'returncode': 0}
[0.700188] (-) TimerEvent: {}
[0.705255] (jetbot) JobEnded: {'identifier': 'jetbot', 'rc': 0}
[0.705691] (-) EventReactorShutdown: {}
