[0.000000] (-) TimerEvent: {}
[0.000204] (interfaces) JobQueued: {'identifier': 'interfaces', 'dependencies': OrderedDict()}
[0.000392] (jetbot) JobQueued: {'identifier': 'jetbot', 'dependencies': OrderedDict()}
[0.000418] (interfaces) JobStarted: {'identifier': 'interfaces'}
[0.005441] (jetbot) JobStarted: {'identifier': 'jetbot'}
[0.010834] (interfaces) JobProgress: {'identifier': 'interfaces', 'progress': 'cmake'}
[0.011738] (interfaces) JobProgress: {'identifier': 'interfaces', 'progress': 'build'}
[0.011848] (interfaces) Command: {'cmd': ['/usr/bin/cmake', '--build', '/home/sycamore/SycaBot_ros/build/interfaces', '--', '-j20', '-l20'], 'cwd': '/home/sycamore/SycaBot_ros/build/interfaces', 'env': OrderedDict([('GJS_DEBUG_TOPICS', 'JS ERROR;JS LOG'), ('LANGUAGE', 'en_GB:en'), ('USER', 'sycamore'), ('LC_TIME', 'en_GB.UTF-8'), ('SSH_AGENT_PID', '2116'), ('XDG_SESSION_TYPE', 'x11'), ('SHLVL', '1'), ('LD_LIBRARY_PATH', '/opt/ros/foxy/opt/yaml_cpp_vendor/lib:/opt/ros/foxy/opt/rviz_ogre_vendor/lib:/opt/ros/foxy/lib/x86_64-linux-gnu:/opt/ros/foxy/lib'), ('HOME', '/home/sycamore'), ('OLDPWD', '/home/sycamore'), ('DESKTOP_SESSION', 'ubuntu'), ('GIO_LAUNCHED_DESKTOP_FILE', '/usr/share/applications/guake.desktop'), ('ROS_PYTHON_VERSION', '3'), ('GNOME_SHELL_SESSION_MODE', 'ubuntu'), ('GTK_MODULES', 'gail:atk-bridge'), ('LC_MONETARY', 'en_GB.UTF-8'), ('MANAGERPID', '1737'), ('DBUS_SESSION_BUS_ADDRESS', 'unix:path=/run/user/1000/bus'), ('COLORTERM', 'truecolor'), ('GIO_LAUNCHED_DESKTOP_FILE_PID', '4105'), ('IM_CONFIG_PHASE', '1'), ('ROS_DISTRO', 'foxy'), ('LOGNAME', 'sycamore'), ('JOURNAL_STREAM', '8:51567'), ('_', '/usr/bin/colcon'), ('ROS_VERSION', '2'), ('XDG_SESSION_CLASS', 'user'), ('USERNAME', 'sycamore'), ('TERM', 'xterm-256color'), ('GNOME_DESKTOP_SESSION_ID', 'this-is-deprecated'), ('ROS_LOCALHOST_ONLY', '0'), ('WINDOWPATH', '2'), ('PATH', '/opt/ros/foxy/bin:/home/sycamore/.local/bin:/usr/local/sbin:/usr/local/bin:/usr/sbin:/usr/bin:/sbin:/bin:/usr/games:/usr/local/games:/snap/bin'), ('SESSION_MANAGER', 'local/Sycamore-CentralPC:@/tmp/.ICE-unix/2154,unix/Sycamore-CentralPC:/tmp/.ICE-unix/2154'), ('INVOCATION_ID', '999f118d25b14272a97e01a092f60a23'), ('PAPERSIZE', 'a4'), ('XDG_MENU_PREFIX', 'gnome-'), ('LC_ADDRESS', 'en_GB.UTF-8'), ('XDG_RUNTIME_DIR', '/run/user/1000'), ('GDK_BACKEND', 'x11'), ('DISPLAY', ':0'), ('LANG', 'en_GB.UTF-8'), ('XDG_CURRENT_DESKTOP', 'ubuntu:GNOME'), ('LC_TELEPHONE', 'en_GB.UTF-8'), ('XMODIFIERS', '@im=ibus'), ('XDG_SESSION_DESKTOP', 'ubuntu'), ('XAUTHORITY', '/run/user/1000/gdm/Xauthority'), ('SSH_AUTH_SOCK', '/run/user/1000/keyring/ssh'), ('AMENT_PREFIX_PATH', '/opt/ros/foxy'), ('SHELL', '/bin/bash'), ('LC_NAME', 'en_GB.UTF-8'), ('QT_ACCESSIBILITY', '1'), ('GDMSESSION', 'ubuntu'), ('LC_MEASUREMENT', 'en_GB.UTF-8'), ('GPG_AGENT_INFO', '/run/user/1000/gnupg/S.gpg-agent:0:1'), ('GJS_DEBUG_OUTPUT', 'stderr'), ('LC_IDENTIFICATION', 'en_GB.UTF-8'), ('QT_IM_MODULE', 'ibus'), ('PWD', '/home/sycamore/SycaBot_ros/build/interfaces'), ('XDG_CONFIG_DIRS', '/etc/xdg/xdg-ubuntu:/etc/xdg'), ('XDG_DATA_DIRS', '/usr/share/ubuntu:/usr/local/share/:/usr/share/:/var/lib/snapd/desktop'), ('PYTHONPATH', '/opt/ros/foxy/lib/python3.8/site-packages'), ('LC_NUMERIC', 'en_GB.UTF-8'), ('LC_PAPER', 'en_GB.UTF-8'), ('COLCON', '1'), ('VTE_VERSION', '6003'), ('CMAKE_PREFIX_PATH', '/opt/ros/foxy')]), 'shell': False}
[0.046673] (interfaces) StdoutLine: {'line': b'[  3%] Built target interfaces__cpp\n'}
[0.047296] (interfaces) StdoutLine: {'line': b'[ 12%] Built target interfaces__rosidl_generator_c\n'}
[0.062576] (interfaces) StdoutLine: {'line': b'[ 51%] Built target interfaces__rosidl_typesupport_introspection_cpp\n'}
[0.062729] (interfaces) StdoutLine: {'line': b'[ 51%] Built target interfaces__rosidl_typesupport_c\n'}
[0.062805] (interfaces) StdoutLine: {'line': b'[ 51%] Built target interfaces__rosidl_typesupport_cpp\n'}
[0.062873] (interfaces) StdoutLine: {'line': b'[ 51%] Built target interfaces__rosidl_typesupport_introspection_c\n'}
[0.064947] (interfaces) StdoutLine: {'line': b'[ 61%] Built target interfaces__rosidl_typesupport_fastrtps_cpp\n'}
[0.081142] (interfaces) StdoutLine: {'line': b'[ 70%] Built target interfaces__rosidl_typesupport_fastrtps_c\n'}
[0.094712] (interfaces) StdoutLine: {'line': b'[ 70%] Built target interfaces\n'}
[0.099219] (-) TimerEvent: {}
[0.106880] (interfaces) StdoutLine: {'line': b'[ 74%] Built target interfaces__py\n'}
[0.122145] (interfaces) StdoutLine: {'line': b'[ 80%] Built target interfaces__python\n'}
[0.139062] (interfaces) StdoutLine: {'line': b'[100%] Built target interfaces__rosidl_typesupport_c__pyext\n'}
[0.139196] (interfaces) StdoutLine: {'line': b'[100%] Built target interfaces__rosidl_typesupport_fastrtps_c__pyext\n'}
[0.139258] (interfaces) StdoutLine: {'line': b'[100%] Built target interfaces__rosidl_typesupport_introspection_c__pyext\n'}
[0.168849] (interfaces) CommandEnded: {'returncode': 0}
[0.194391] (interfaces) JobProgress: {'identifier': 'interfaces', 'progress': 'install'}
[0.199317] (-) TimerEvent: {}
[0.201202] (interfaces) Command: {'cmd': ['/usr/bin/cmake', '--install', '/home/sycamore/SycaBot_ros/build/interfaces'], 'cwd': '/home/sycamore/SycaBot_ros/build/interfaces', 'env': OrderedDict([('GJS_DEBUG_TOPICS', 'JS ERROR;JS LOG'), ('LANGUAGE', 'en_GB:en'), ('USER', 'sycamore'), ('LC_TIME', 'en_GB.UTF-8'), ('SSH_AGENT_PID', '2116'), ('XDG_SESSION_TYPE', 'x11'), ('SHLVL', '1'), ('LD_LIBRARY_PATH', '/opt/ros/foxy/opt/yaml_cpp_vendor/lib:/opt/ros/foxy/opt/rviz_ogre_vendor/lib:/opt/ros/foxy/lib/x86_64-linux-gnu:/opt/ros/foxy/lib'), ('HOME', '/home/sycamore'), ('OLDPWD', '/home/sycamore'), ('DESKTOP_SESSION', 'ubuntu'), ('GIO_LAUNCHED_DESKTOP_FILE', '/usr/share/applications/guake.desktop'), ('ROS_PYTHON_VERSION', '3'), ('GNOME_SHELL_SESSION_MODE', 'ubuntu'), ('GTK_MODULES', 'gail:atk-bridge'), ('LC_MONETARY', 'en_GB.UTF-8'), ('MANAGERPID', '1737'), ('DBUS_SESSION_BUS_ADDRESS', 'unix:path=/run/user/1000/bus'), ('COLORTERM', 'truecolor'), ('GIO_LAUNCHED_DESKTOP_FILE_PID', '4105'), ('IM_CONFIG_PHASE', '1'), ('ROS_DISTRO', 'foxy'), ('LOGNAME', 'sycamore'), ('JOURNAL_STREAM', '8:51567'), ('_', '/usr/bin/colcon'), ('ROS_VERSION', '2'), ('XDG_SESSION_CLASS', 'user'), ('USERNAME', 'sycamore'), ('TERM', 'xterm-256color'), ('GNOME_DESKTOP_SESSION_ID', 'this-is-deprecated'), ('ROS_LOCALHOST_ONLY', '0'), ('WINDOWPATH', '2'), ('PATH', '/opt/ros/foxy/bin:/home/sycamore/.local/bin:/usr/local/sbin:/usr/local/bin:/usr/sbin:/usr/bin:/sbin:/bin:/usr/games:/usr/local/games:/snap/bin'), ('SESSION_MANAGER', 'local/Sycamore-CentralPC:@/tmp/.ICE-unix/2154,unix/Sycamore-CentralPC:/tmp/.ICE-unix/2154'), ('INVOCATION_ID', '999f118d25b14272a97e01a092f60a23'), ('PAPERSIZE', 'a4'), ('XDG_MENU_PREFIX', 'gnome-'), ('LC_ADDRESS', 'en_GB.UTF-8'), ('XDG_RUNTIME_DIR', '/run/user/1000'), ('GDK_BACKEND', 'x11'), ('DISPLAY', ':0'), ('LANG', 'en_GB.UTF-8'), ('XDG_CURRENT_DESKTOP', 'ubuntu:GNOME'), ('LC_TELEPHONE', 'en_GB.UTF-8'), ('XMODIFIERS', '@im=ibus'), ('XDG_SESSION_DESKTOP', 'ubuntu'), ('XAUTHORITY', '/run/user/1000/gdm/Xauthority'), ('SSH_AUTH_SOCK', '/run/user/1000/keyring/ssh'), ('AMENT_PREFIX_PATH', '/opt/ros/foxy'), ('SHELL', '/bin/bash'), ('LC_NAME', 'en_GB.UTF-8'), ('QT_ACCESSIBILITY', '1'), ('GDMSESSION', 'ubuntu'), ('LC_MEASUREMENT', 'en_GB.UTF-8'), ('GPG_AGENT_INFO', '/run/user/1000/gnupg/S.gpg-agent:0:1'), ('GJS_DEBUG_OUTPUT', 'stderr'), ('LC_IDENTIFICATION', 'en_GB.UTF-8'), ('QT_IM_MODULE', 'ibus'), ('PWD', '/home/sycamore/SycaBot_ros/build/interfaces'), ('XDG_CONFIG_DIRS', '/etc/xdg/xdg-ubuntu:/etc/xdg'), ('XDG_DATA_DIRS', '/usr/share/ubuntu:/usr/local/share/:/usr/share/:/var/lib/snapd/desktop'), ('PYTHONPATH', '/opt/ros/foxy/lib/python3.8/site-packages'), ('LC_NUMERIC', 'en_GB.UTF-8'), ('LC_PAPER', 'en_GB.UTF-8'), ('COLCON', '1'), ('VTE_VERSION', '6003'), ('CMAKE_PREFIX_PATH', '/opt/ros/foxy')]), 'shell': False}
[0.207047] (interfaces) StdoutLine: {'line': b'-- Install configuration: ""\n'}
[0.207420] (interfaces) StdoutLine: {'line': b'-- Execute custom install script\n'}
[0.207590] (interfaces) StdoutLine: {'line': b'-- Up-to-date symlink: /home/sycamore/SycaBot_ros/install/interfaces/share/ament_index/resource_index/rosidl_interfaces/interfaces\n'}
[0.207932] (interfaces) StdoutLine: {'line': b'-- Up-to-date symlink: /home/sycamore/SycaBot_ros/install/interfaces/include/interfaces/msg/rosidl_generator_c__visibility_control.h\n'}
[0.208078] (interfaces) StdoutLine: {'line': b'-- Up-to-date symlink: /home/sycamore/SycaBot_ros/install/interfaces/include/interfaces/srv/detail/task__functions.h\n'}
[0.208175] (interfaces) StdoutLine: {'line': b'-- Up-to-date symlink: /home/sycamore/SycaBot_ros/install/interfaces/include/interfaces/srv/detail/task__struct.h\n'}
[0.208244] (interfaces) StdoutLine: {'line': b'-- Up-to-date symlink: /home/sycamore/SycaBot_ros/install/interfaces/include/interfaces/srv/detail/task__type_support.h\n'}
[0.208361] (interfaces) StdoutLine: {'line': b'-- Up-to-date symlink: /home/sycamore/SycaBot_ros/install/interfaces/include/interfaces/srv/task.h\n'}
[0.208567] (interfaces) StdoutLine: {'line': b'-- Up-to-date symlink: /home/sycamore/SycaBot_ros/install/interfaces/share/interfaces/environment/library_path.sh\n'}
[0.208668] (interfaces) StdoutLine: {'line': b'-- Up-to-date symlink: /home/sycamore/SycaBot_ros/install/interfaces/share/interfaces/environment/library_path.dsv\n'}
[0.209016] (interfaces) StdoutLine: {'line': b'-- Up-to-date symlink: /home/sycamore/SycaBot_ros/install/interfaces/include/interfaces/msg/rosidl_typesupport_fastrtps_c__visibility_control.h\n'}
[0.209124] (interfaces) StdoutLine: {'line': b'-- Up-to-date symlink: /home/sycamore/SycaBot_ros/install/interfaces/include/interfaces/srv/detail/task__rosidl_typesupport_fastrtps_c.h\n'}
[0.209390] (interfaces) StdoutLine: {'line': b'-- Up-to-date symlink: /home/sycamore/SycaBot_ros/install/interfaces/lib/libinterfaces__rosidl_typesupport_fastrtps_c.so\n'}
[0.209799] (interfaces) StdoutLine: {'line': b'-- Up-to-date symlink: /home/sycamore/SycaBot_ros/install/interfaces/include/interfaces/msg/rosidl_typesupport_fastrtps_cpp__visibility_control.h\n'}
[0.209887] (interfaces) StdoutLine: {'line': b'-- Up-to-date symlink: /home/sycamore/SycaBot_ros/install/interfaces/include/interfaces/srv/detail/task__rosidl_typesupport_fastrtps_cpp.hpp\n'}
[0.210122] (interfaces) StdoutLine: {'line': b'-- Up-to-date symlink: /home/sycamore/SycaBot_ros/install/interfaces/lib/libinterfaces__rosidl_typesupport_fastrtps_cpp.so\n'}
[0.210429] (interfaces) StdoutLine: {'line': b'-- Up-to-date symlink: /home/sycamore/SycaBot_ros/install/interfaces/include/interfaces/msg/rosidl_typesupport_introspection_c__visibility_control.h\n'}
[0.210537] (interfaces) StdoutLine: {'line': b'-- Up-to-date symlink: /home/sycamore/SycaBot_ros/install/interfaces/include/interfaces/srv/detail/task__rosidl_typesupport_introspection_c.h\n'}
[0.210848] (interfaces) StdoutLine: {'line': b'-- Up-to-date symlink: /home/sycamore/SycaBot_ros/install/interfaces/include/interfaces/srv/detail/task__builder.hpp\n'}
[0.210955] (interfaces) StdoutLine: {'line': b'-- Up-to-date symlink: /home/sycamore/SycaBot_ros/install/interfaces/include/interfaces/srv/detail/task__struct.hpp\n'}
[0.211063] (interfaces) StdoutLine: {'line': b'-- Up-to-date symlink: /home/sycamore/SycaBot_ros/install/interfaces/include/interfaces/srv/detail/task__traits.hpp\n'}
[0.211197] (interfaces) StdoutLine: {'line': b'-- Up-to-date symlink: /home/sycamore/SycaBot_ros/install/interfaces/include/interfaces/srv/task.hpp\n'}
[0.211455] (interfaces) StdoutLine: {'line': b'-- Up-to-date symlink: /home/sycamore/SycaBot_ros/install/interfaces/include/interfaces/srv/detail/task__rosidl_typesupport_introspection_cpp.hpp\n'}
[0.211625] (interfaces) StdoutLine: {'line': b'-- Up-to-date symlink: /home/sycamore/SycaBot_ros/install/interfaces/share/interfaces/environment/pythonpath.sh\n'}
[0.211789] (interfaces) StdoutLine: {'line': b'-- Up-to-date symlink: /home/sycamore/SycaBot_ros/install/interfaces/share/interfaces/environment/pythonpath.dsv\n'}
[0.211955] (interfaces) StdoutLine: {'line': b'-- Up-to-date symlink: /home/sycamore/SycaBot_ros/install/interfaces/lib/python3.8/site-packages/interfaces/__init__.py\n'}
[0.212265] (interfaces) StdoutLine: {'line': b'-- Up-to-date symlink: /home/sycamore/SycaBot_ros/install/interfaces/lib/python3.8/site-packages/interfaces/srv/__init__.py\n'}
[0.212345] (interfaces) StdoutLine: {'line': b'-- Up-to-date symlink: /home/sycamore/SycaBot_ros/install/interfaces/lib/python3.8/site-packages/interfaces/srv/_task.py\n'}
[0.212598] (interfaces) StdoutLine: {'line': b'-- Up-to-date symlink: /home/sycamore/SycaBot_ros/install/interfaces/lib/python3.8/site-packages/interfaces/interfaces_s__rosidl_typesupport_fastrtps_c.cpython-38-x86_64-linux-gnu.so\n'}
[0.212852] (interfaces) StdoutLine: {'line': b'-- Up-to-date symlink: /home/sycamore/SycaBot_ros/install/interfaces/lib/python3.8/site-packages/interfaces/interfaces_s__rosidl_typesupport_introspection_c.cpython-38-x86_64-linux-gnu.so\n'}
[0.213105] (interfaces) StdoutLine: {'line': b'-- Up-to-date symlink: /home/sycamore/SycaBot_ros/install/interfaces/lib/python3.8/site-packages/interfaces/interfaces_s__rosidl_typesupport_c.cpython-38-x86_64-linux-gnu.so\n'}
[0.213362] (interfaces) StdoutLine: {'line': b'-- Up-to-date symlink: /home/sycamore/SycaBot_ros/install/interfaces/lib/libinterfaces__python.so\n'}
[0.213537] (interfaces) StdoutLine: {'line': b'-- Up-to-date symlink: /home/sycamore/SycaBot_ros/install/interfaces/share/interfaces/srv/Task.idl\n'}
[0.213702] (interfaces) StdoutLine: {'line': b'-- Up-to-date symlink: /home/sycamore/SycaBot_ros/install/interfaces/share/interfaces/srv/Task.srv\n'}
[0.213867] (interfaces) StdoutLine: {'line': b'-- Up-to-date symlink: /home/sycamore/SycaBot_ros/install/interfaces/share/interfaces/srv/Task_Request.msg\n'}
[0.214031] (interfaces) StdoutLine: {'line': b'-- Up-to-date symlink: /home/sycamore/SycaBot_ros/install/interfaces/share/interfaces/srv/Task_Response.msg\n'}
[0.214206] (interfaces) StdoutLine: {'line': b'-- Up-to-date symlink: /home/sycamore/SycaBot_ros/install/interfaces/share/ament_index/resource_index/package_run_dependencies/interfaces\n'}
[0.214373] (interfaces) StdoutLine: {'line': b'-- Up-to-date symlink: /home/sycamore/SycaBot_ros/install/interfaces/share/ament_index/resource_index/parent_prefix_path/interfaces\n'}
[0.214541] (interfaces) StdoutLine: {'line': b'-- Up-to-date symlink: /home/sycamore/SycaBot_ros/install/interfaces/share/interfaces/environment/ament_prefix_path.sh\n'}
[0.214704] (interfaces) StdoutLine: {'line': b'-- Up-to-date symlink: /home/sycamore/SycaBot_ros/install/interfaces/share/interfaces/environment/ament_prefix_path.dsv\n'}
[0.214868] (interfaces) StdoutLine: {'line': b'-- Up-to-date symlink: /home/sycamore/SycaBot_ros/install/interfaces/share/interfaces/environment/path.sh\n'}
[0.215051] (interfaces) StdoutLine: {'line': b'-- Up-to-date symlink: /home/sycamore/SycaBot_ros/install/interfaces/share/interfaces/environment/path.dsv\n'}
[0.215235] (interfaces) StdoutLine: {'line': b'-- Up-to-date symlink: /home/sycamore/SycaBot_ros/install/interfaces/share/interfaces/local_setup.bash\n'}
[0.215399] (interfaces) StdoutLine: {'line': b'-- Up-to-date symlink: /home/sycamore/SycaBot_ros/install/interfaces/share/interfaces/local_setup.sh\n'}
[0.215559] (interfaces) StdoutLine: {'line': b'-- Up-to-date symlink: /home/sycamore/SycaBot_ros/install/interfaces/share/interfaces/local_setup.zsh\n'}
[0.215736] (interfaces) StdoutLine: {'line': b'-- Up-to-date symlink: /home/sycamore/SycaBot_ros/install/interfaces/share/interfaces/local_setup.dsv\n'}
[0.215887] (interfaces) StdoutLine: {'line': b'-- Symlinking: /home/sycamore/SycaBot_ros/install/interfaces/share/interfaces/package.dsv\n'}
[0.223034] (interfaces) StdoutLine: {'line': b'-- Up-to-date symlink: /home/sycamore/SycaBot_ros/install/interfaces/share/ament_index/resource_index/packages/interfaces\n'}
[0.223199] (interfaces) StdoutLine: {'line': b'-- Up-to-date symlink: /home/sycamore/SycaBot_ros/install/interfaces/share/interfaces/cmake/rosidl_cmake-extras.cmake\n'}
[0.223361] (interfaces) StdoutLine: {'line': b'-- Up-to-date symlink: /home/sycamore/SycaBot_ros/install/interfaces/share/interfaces/cmake/ament_cmake_export_dependencies-extras.cmake\n'}
[0.223460] (interfaces) StdoutLine: {'line': b'-- Up-to-date symlink: /home/sycamore/SycaBot_ros/install/interfaces/share/interfaces/cmake/ament_cmake_export_libraries-extras.cmake\n'}
[0.223623] (interfaces) StdoutLine: {'line': b'-- Up-to-date symlink: /home/sycamore/SycaBot_ros/install/interfaces/share/interfaces/cmake/ament_cmake_export_targets-extras.cmake\n'}
[0.223789] (interfaces) StdoutLine: {'line': b'-- Up-to-date symlink: /home/sycamore/SycaBot_ros/install/interfaces/share/interfaces/cmake/ament_cmake_export_include_directories-extras.cmake\n'}
[0.223953] (interfaces) StdoutLine: {'line': b'-- Up-to-date symlink: /home/sycamore/SycaBot_ros/install/interfaces/share/interfaces/cmake/rosidl_cmake_export_typesupport_libraries-extras.cmake\n'}
[0.224118] (interfaces) StdoutLine: {'line': b'-- Up-to-date symlink: /home/sycamore/SycaBot_ros/install/interfaces/share/interfaces/cmake/rosidl_cmake_export_typesupport_targets-extras.cmake\n'}
[0.224283] (interfaces) StdoutLine: {'line': b'-- Up-to-date symlink: /home/sycamore/SycaBot_ros/install/interfaces/share/interfaces/cmake/interfacesConfig.cmake\n'}
[0.224420] (interfaces) StdoutLine: {'line': b'-- Up-to-date symlink: /home/sycamore/SycaBot_ros/install/interfaces/share/interfaces/cmake/interfacesConfig-version.cmake\n'}
[0.224548] (interfaces) StdoutLine: {'line': b'-- Up-to-date symlink: /home/sycamore/SycaBot_ros/install/interfaces/share/interfaces/package.xml\n'}
[0.224709] (interfaces) StdoutLine: {'line': b'-- Up-to-date: /home/sycamore/SycaBot_ros/install/interfaces/lib/libinterfaces__rosidl_generator_c.so\n'}
[0.224917] (interfaces) StdoutLine: {'line': b'-- Up-to-date: /home/sycamore/SycaBot_ros/install/interfaces/lib/libinterfaces__rosidl_typesupport_introspection_c.so\n'}
[0.225114] (interfaces) StdoutLine: {'line': b'-- Up-to-date: /home/sycamore/SycaBot_ros/install/interfaces/lib/libinterfaces__rosidl_typesupport_c.so\n'}
[0.225331] (interfaces) StdoutLine: {'line': b'-- Up-to-date: /home/sycamore/SycaBot_ros/install/interfaces/lib/libinterfaces__rosidl_typesupport_introspection_cpp.so\n'}
[0.225538] (interfaces) StdoutLine: {'line': b'-- Up-to-date: /home/sycamore/SycaBot_ros/install/interfaces/lib/libinterfaces__rosidl_typesupport_cpp.so\n'}
[0.248066] (interfaces) StdoutLine: {'line': b'-- Up-to-date: /home/sycamore/SycaBot_ros/install/interfaces/share/interfaces/cmake/interfaces__rosidl_generator_cExport.cmake\n'}
[0.248228] (interfaces) StdoutLine: {'line': b'-- Up-to-date: /home/sycamore/SycaBot_ros/install/interfaces/share/interfaces/cmake/interfaces__rosidl_generator_cExport-noconfig.cmake\n'}
[0.248291] (interfaces) StdoutLine: {'line': b'-- Up-to-date: /home/sycamore/SycaBot_ros/install/interfaces/share/interfaces/cmake/interfaces__rosidl_typesupport_introspection_cExport.cmake\n'}
[0.248371] (interfaces) StdoutLine: {'line': b'-- Up-to-date: /home/sycamore/SycaBot_ros/install/interfaces/share/interfaces/cmake/interfaces__rosidl_typesupport_introspection_cExport-noconfig.cmake\n'}
[0.248435] (interfaces) StdoutLine: {'line': b'-- Up-to-date: /home/sycamore/SycaBot_ros/install/interfaces/share/interfaces/cmake/interfaces__rosidl_typesupport_cExport.cmake\n'}
[0.248487] (interfaces) StdoutLine: {'line': b'-- Up-to-date: /home/sycamore/SycaBot_ros/install/interfaces/share/interfaces/cmake/interfaces__rosidl_typesupport_cExport-noconfig.cmake\n'}
[0.248550] (interfaces) StdoutLine: {'line': b'-- Up-to-date: /home/sycamore/SycaBot_ros/install/interfaces/share/interfaces/cmake/interfaces__rosidl_generator_cppExport.cmake\n'}
[0.248611] (interfaces) StdoutLine: {'line': b'-- Up-to-date: /home/sycamore/SycaBot_ros/install/interfaces/share/interfaces/cmake/interfaces__rosidl_typesupport_introspection_cppExport.cmake\n'}
[0.248673] (interfaces) StdoutLine: {'line': b'-- Up-to-date: /home/sycamore/SycaBot_ros/install/interfaces/share/interfaces/cmake/interfaces__rosidl_typesupport_introspection_cppExport-noconfig.cmake\n'}
[0.248736] (interfaces) StdoutLine: {'line': b'-- Up-to-date: /home/sycamore/SycaBot_ros/install/interfaces/share/interfaces/cmake/interfaces__rosidl_typesupport_cppExport.cmake\n'}
[0.248792] (interfaces) StdoutLine: {'line': b'-- Up-to-date: /home/sycamore/SycaBot_ros/install/interfaces/share/interfaces/cmake/interfaces__rosidl_typesupport_cppExport-noconfig.cmake\n'}
[0.250038] (interfaces) CommandEnded: {'returncode': 0}
[0.296118] (interfaces) JobEnded: {'identifier': 'interfaces', 'rc': 0}
[0.299366] (-) TimerEvent: {}
[0.399522] (-) TimerEvent: {}
[0.445312] (jetbot) Command: {'cmd': ['/usr/bin/python3', 'setup.py', 'develop', '--prefix', '/home/sycamore/SycaBot_ros/install/jetbot', '--editable', '--build-directory', '/home/sycamore/SycaBot_ros/build/jetbot/build', '--no-deps', 'install_data', '--install-dir', '/home/sycamore/SycaBot_ros/install/jetbot'], 'cwd': '/home/sycamore/SycaBot_ros/build/jetbot', 'env': {'GJS_DEBUG_TOPICS': 'JS ERROR;JS LOG', 'LANGUAGE': 'en_GB:en', 'USER': 'sycamore', 'LC_TIME': 'en_GB.UTF-8', 'SSH_AGENT_PID': '2116', 'XDG_SESSION_TYPE': 'x11', 'SHLVL': '1', 'LD_LIBRARY_PATH': '/opt/ros/foxy/opt/yaml_cpp_vendor/lib:/opt/ros/foxy/opt/rviz_ogre_vendor/lib:/opt/ros/foxy/lib/x86_64-linux-gnu:/opt/ros/foxy/lib', 'HOME': '/home/sycamore', 'OLDPWD': '/home/sycamore', 'DESKTOP_SESSION': 'ubuntu', 'GIO_LAUNCHED_DESKTOP_FILE': '/usr/share/applications/guake.desktop', 'ROS_PYTHON_VERSION': '3', 'GNOME_SHELL_SESSION_MODE': 'ubuntu', 'GTK_MODULES': 'gail:atk-bridge', 'LC_MONETARY': 'en_GB.UTF-8', 'MANAGERPID': '1737', 'DBUS_SESSION_BUS_ADDRESS': 'unix:path=/run/user/1000/bus', 'COLORTERM': 'truecolor', 'GIO_LAUNCHED_DESKTOP_FILE_PID': '4105', 'IM_CONFIG_PHASE': '1', 'ROS_DISTRO': 'foxy', 'LOGNAME': 'sycamore', 'JOURNAL_STREAM': '8:51567', '_': '/usr/bin/colcon', 'ROS_VERSION': '2', 'XDG_SESSION_CLASS': 'user', 'USERNAME': 'sycamore', 'TERM': 'xterm-256color', 'GNOME_DESKTOP_SESSION_ID': 'this-is-deprecated', 'ROS_LOCALHOST_ONLY': '0', 'WINDOWPATH': '2', 'PATH': '/opt/ros/foxy/bin:/home/sycamore/.local/bin:/usr/local/sbin:/usr/local/bin:/usr/sbin:/usr/bin:/sbin:/bin:/usr/games:/usr/local/games:/snap/bin', 'SESSION_MANAGER': 'local/Sycamore-CentralPC:@/tmp/.ICE-unix/2154,unix/Sycamore-CentralPC:/tmp/.ICE-unix/2154', 'INVOCATION_ID': '999f118d25b14272a97e01a092f60a23', 'PAPERSIZE': 'a4', 'XDG_MENU_PREFIX': 'gnome-', 'LC_ADDRESS': 'en_GB.UTF-8', 'XDG_RUNTIME_DIR': '/run/user/1000', 'GDK_BACKEND': 'x11', 'DISPLAY': ':0', 'LANG': 'en_GB.UTF-8', 'XDG_CURRENT_DESKTOP': 'ubuntu:GNOME', 'LC_TELEPHONE': 'en_GB.UTF-8', 'XMODIFIERS': '@im=ibus', 'XDG_SESSION_DESKTOP': 'ubuntu', 'XAUTHORITY': '/run/user/1000/gdm/Xauthority', 'SSH_AUTH_SOCK': '/run/user/1000/keyring/ssh', 'AMENT_PREFIX_PATH': '/opt/ros/foxy', 'SHELL': '/bin/bash', 'LC_NAME': 'en_GB.UTF-8', 'QT_ACCESSIBILITY': '1', 'GDMSESSION': 'ubuntu', 'LC_MEASUREMENT': 'en_GB.UTF-8', 'GPG_AGENT_INFO': '/run/user/1000/gnupg/S.gpg-agent:0:1', 'GJS_DEBUG_OUTPUT': 'stderr', 'LC_IDENTIFICATION': 'en_GB.UTF-8', 'QT_IM_MODULE': 'ibus', 'PWD': '/home/sycamore/SycaBot_ros/build/jetbot', 'XDG_CONFIG_DIRS': '/etc/xdg/xdg-ubuntu:/etc/xdg', 'XDG_DATA_DIRS': '/usr/share/ubuntu:/usr/local/share/:/usr/share/:/var/lib/snapd/desktop', 'PYTHONPATH': '/home/sycamore/SycaBot_ros/install/jetbot/lib/python3.8/site-packages:/opt/ros/foxy/lib/python3.8/site-packages', 'LC_NUMERIC': 'en_GB.UTF-8', 'LC_PAPER': 'en_GB.UTF-8', 'COLCON': '1', 'VTE_VERSION': '6003'}, 'shell': False}
[0.499606] (-) TimerEvent: {}
[0.599865] (-) TimerEvent: {}
[0.600323] (jetbot) StdoutLine: {'line': b'running develop\n'}
[0.694391] (jetbot) StdoutLine: {'line': b'running egg_info\n'}
[0.694616] (jetbot) StdoutLine: {'line': b'writing jetbot.egg-info/PKG-INFO\n'}
[0.694800] (jetbot) StdoutLine: {'line': b'writing dependency_links to jetbot.egg-info/dependency_links.txt\n'}
[0.694871] (jetbot) StdoutLine: {'line': b'writing entry points to jetbot.egg-info/entry_points.txt\n'}
[0.694929] (jetbot) StdoutLine: {'line': b'writing requirements to jetbot.egg-info/requires.txt\n'}
[0.694984] (jetbot) StdoutLine: {'line': b'writing top-level names to jetbot.egg-info/top_level.txt\n'}
[0.699959] (-) TimerEvent: {}
[0.716968] (jetbot) StdoutLine: {'line': b"reading manifest file 'jetbot.egg-info/SOURCES.txt'\n"}
[0.717417] (jetbot) StdoutLine: {'line': b"writing manifest file 'jetbot.egg-info/SOURCES.txt'\n"}
[0.739686] (jetbot) StdoutLine: {'line': b'running build_ext\n'}
[0.739913] (jetbot) StdoutLine: {'line': b'Creating /home/sycamore/SycaBot_ros/install/jetbot/lib/python3.8/site-packages/jetbot.egg-link (link to .)\n'}
[0.740476] (jetbot) StdoutLine: {'line': b'Installing motors script to /home/sycamore/SycaBot_ros/install/jetbot/lib/jetbot\n'}
[0.740632] (jetbot) StdoutLine: {'line': b'Installing start script to /home/sycamore/SycaBot_ros/install/jetbot/lib/jetbot\n'}
[0.740873] (jetbot) StdoutLine: {'line': b'Installing test script to /home/sycamore/SycaBot_ros/install/jetbot/lib/jetbot\n'}
[0.740941] (jetbot) StdoutLine: {'line': b'\n'}
[0.740998] (jetbot) StdoutLine: {'line': b'Installed /home/sycamore/SycaBot_ros/build/jetbot\n'}
[0.741053] (jetbot) StdoutLine: {'line': b'running install_data\n'}
[0.758844] (jetbot) CommandEnded: {'returncode': 0}
[0.765644] (jetbot) JobEnded: {'identifier': 'jetbot', 'rc': 0}
[0.766191] (-) EventReactorShutdown: {}
