[0.461s] Invoking command in '/home/sycamore/SycaBot_ros/build/jetbot': PYTHONPATH=/home/sycamore/SycaBot_ros/install/jetbot/lib/python3.8/site-packages:${PYTHONPATH} /usr/bin/python3 setup.py develop --prefix /home/sycamore/SycaBot_ros/install/jetbot --editable --build-directory /home/sycamore/SycaBot_ros/build/jetbot/build --no-deps install_data --install-dir /home/sycamore/SycaBot_ros/install/jetbot
[0.625s] running develop
[0.736s] running egg_info
[0.736s] creating jetbot.egg-info
[0.736s] writing jetbot.egg-info/PKG-INFO
[0.736s] writing dependency_links to jetbot.egg-info/dependency_links.txt
[0.737s] writing entry points to jetbot.egg-info/entry_points.txt
[0.737s] writing requirements to jetbot.egg-info/requires.txt
[0.737s] writing top-level names to jetbot.egg-info/top_level.txt
[0.737s] writing manifest file 'jetbot.egg-info/SOURCES.txt'
[0.758s] reading manifest file 'jetbot.egg-info/SOURCES.txt'
[0.758s] writing manifest file 'jetbot.egg-info/SOURCES.txt'
[0.780s] running build_ext
[0.780s] Creating /home/sycamore/SycaBot_ros/install/jetbot/lib/python3.8/site-packages/site.py
[0.781s] Creating /home/sycamore/SycaBot_ros/install/jetbot/lib/python3.8/site-packages/jetbot.egg-link (link to .)
[0.782s] Installing motors script to /home/sycamore/SycaBot_ros/install/jetbot/lib/jetbot
[0.782s] Installing start script to /home/sycamore/SycaBot_ros/install/jetbot/lib/jetbot
[0.782s] 
[0.782s] Installed /home/sycamore/SycaBot_ros/build/jetbot
[0.782s] running install_data
[0.782s] creating /home/sycamore/SycaBot_ros/install/jetbot/share/ament_index
[0.782s] creating /home/sycamore/SycaBot_ros/install/jetbot/share/ament_index/resource_index
[0.782s] creating /home/sycamore/SycaBot_ros/install/jetbot/share/ament_index/resource_index/packages
[0.782s] copying resource/jetbot -> /home/sycamore/SycaBot_ros/install/jetbot/share/ament_index/resource_index/packages
[0.782s] copying package.xml -> /home/sycamore/SycaBot_ros/install/jetbot/share/jetbot
[0.782s] copying launch/init.launch.py -> /home/sycamore/SycaBot_ros/install/jetbot/share/jetbot
[0.797s] Invoked command in '/home/sycamore/SycaBot_ros/build/jetbot' returned '0': PYTHONPATH=/home/sycamore/SycaBot_ros/install/jetbot/lib/python3.8/site-packages:${PYTHONPATH} /usr/bin/python3 setup.py develop --prefix /home/sycamore/SycaBot_ros/install/jetbot --editable --build-directory /home/sycamore/SycaBot_ros/build/jetbot/build --no-deps install_data --install-dir /home/sycamore/SycaBot_ros/install/jetbot
