running develop
running egg_info
creating jetbot.egg-info
writing jetbot.egg-info/PKG-INFO
writing dependency_links to jetbot.egg-info/dependency_links.txt
writing entry points to jetbot.egg-info/entry_points.txt
writing requirements to jetbot.egg-info/requires.txt
writing top-level names to jetbot.egg-info/top_level.txt
writing manifest file 'jetbot.egg-info/SOURCES.txt'
reading manifest file 'jetbot.egg-info/SOURCES.txt'
writing manifest file 'jetbot.egg-info/SOURCES.txt'
running build_ext
Creating /home/sycamore/SycaBot_ros/install/jetbot/lib/python3.8/site-packages/site.py
Creating /home/sycamore/SycaBot_ros/install/jetbot/lib/python3.8/site-packages/jetbot.egg-link (link to .)
Installing motors script to /home/sycamore/SycaBot_ros/install/jetbot/lib/jetbot
Installing start script to /home/sycamore/SycaBot_ros/install/jetbot/lib/jetbot
Installing test script to /home/sycamore/SycaBot_ros/install/jetbot/lib/jetbot

Installed /home/sycamore/SycaBot_ros/build/jetbot
running install_data
creating /home/sycamore/SycaBot_ros/install/jetbot/share/ament_index
creating /home/sycamore/SycaBot_ros/install/jetbot/share/ament_index/resource_index
creating /home/sycamore/SycaBot_ros/install/jetbot/share/ament_index/resource_index/packages
copying resource/jetbot -> /home/sycamore/SycaBot_ros/install/jetbot/share/ament_index/resource_index/packages
copying package.xml -> /home/sycamore/SycaBot_ros/install/jetbot/share/jetbot
copying launch/init.launch.py -> /home/sycamore/SycaBot_ros/install/jetbot/share/jetbot
