[0.444s] Invoking command in '/home/sycamore/SycaBot_ros/build/jetbot': PYTHONPATH=/home/sycamore/SycaBot_ros/install/jetbot/lib/python3.8/site-packages:${PYTHONPATH} /usr/bin/python3 setup.py develop --prefix /home/sycamore/SycaBot_ros/install/jetbot --editable --build-directory /home/sycamore/SycaBot_ros/build/jetbot/build --no-deps install_data --install-dir /home/sycamore/SycaBot_ros/install/jetbot
[0.596s] running develop
[0.689s] running egg_info
[0.689s] creating jetbot.egg-info
[0.689s] writing jetbot.egg-info/PKG-INFO
[0.689s] writing dependency_links to jetbot.egg-info/dependency_links.txt
[0.689s] writing entry points to jetbot.egg-info/entry_points.txt
[0.689s] writing requirements to jetbot.egg-info/requires.txt
[0.689s] writing top-level names to jetbot.egg-info/top_level.txt
[0.691s] writing manifest file 'jetbot.egg-info/SOURCES.txt'
[0.711s] reading manifest file 'jetbot.egg-info/SOURCES.txt'
[0.712s] writing manifest file 'jetbot.egg-info/SOURCES.txt'
[0.734s] running build_ext
[0.734s] Creating /home/sycamore/SycaBot_ros/install/jetbot/lib/python3.8/site-packages/site.py
[0.735s] Creating /home/sycamore/SycaBot_ros/install/jetbot/lib/python3.8/site-packages/jetbot.egg-link (link to .)
[0.736s] Installing motors script to /home/sycamore/SycaBot_ros/install/jetbot/lib/jetbot
[0.736s] Installing start script to /home/sycamore/SycaBot_ros/install/jetbot/lib/jetbot
[0.736s] Installing test script to /home/sycamore/SycaBot_ros/install/jetbot/lib/jetbot
[0.736s] 
[0.737s] Installed /home/sycamore/SycaBot_ros/build/jetbot
[0.737s] running install_data
[0.737s] creating /home/sycamore/SycaBot_ros/install/jetbot/share/ament_index
[0.737s] creating /home/sycamore/SycaBot_ros/install/jetbot/share/ament_index/resource_index
[0.737s] creating /home/sycamore/SycaBot_ros/install/jetbot/share/ament_index/resource_index/packages
[0.737s] copying resource/jetbot -> /home/sycamore/SycaBot_ros/install/jetbot/share/ament_index/resource_index/packages
[0.737s] copying package.xml -> /home/sycamore/SycaBot_ros/install/jetbot/share/jetbot
[0.737s] copying launch/init.launch.py -> /home/sycamore/SycaBot_ros/install/jetbot/share/jetbot
[0.751s] Invoked command in '/home/sycamore/SycaBot_ros/build/jetbot' returned '0': PYTHONPATH=/home/sycamore/SycaBot_ros/install/jetbot/lib/python3.8/site-packages:${PYTHONPATH} /usr/bin/python3 setup.py develop --prefix /home/sycamore/SycaBot_ros/install/jetbot --editable --build-directory /home/sycamore/SycaBot_ros/build/jetbot/build --no-deps install_data --install-dir /home/sycamore/SycaBot_ros/install/jetbot
